OCEAN:       0        12.3         2.0
OCEAN:       1        12.4         2.0
OCEAN:       2        12.5         2.0
OCEAN:       3        12.6         2.0
OCEAN:       4        12.7         2.0
OCEAN:       5        12.8         2.0
OCEAN:       6        12.9         2.0
OCEAN:       7        13.0         2.0
OCEAN:       8        13.1         2.0
OCEAN:       9        13.2         2.0
OCEAN:      10        13.3         2.0
OCEAN:      11        13.3         2.0
OCEAN:      12        13.4         2.0
OCEAN:      13        13.5         2.0
OCEAN:      14        13.6         2.0
OCEAN:      15        13.7         2.0
OCEAN:      16        13.8         2.0
OCEAN:      17        13.9         2.0
OCEAN:      18        13.9         2.0
OCEAN:      19        14.0         2.0
OCEAN:      20        14.1         2.0
OCEAN:      21        14.2         2.0
OCEAN:      22        14.3         2.0
OCEAN:      23        14.3         2.0
OCEAN:      24        14.4         2.0
OCEAN:      25        14.5         2.0
OCEAN:      26        14.6         2.0
OCEAN:      27        14.6         2.0
OCEAN:      28        14.7         2.0
OCEAN:      29        14.8         2.0
OCEAN:      30        14.9         2.0
OCEAN:      31        14.9         2.0
OCEAN:      32        15.0         2.0
OCEAN:      33        15.1         2.0
OCEAN:      34        15.1         2.0
OCEAN:      35        15.2         2.0
OCEAN:      36        15.3         2.0
OCEAN:      37        15.3         2.0
OCEAN:      38        15.4         2.0
OCEAN:      39        15.4         2.0
OCEAN:      40        15.5         2.0
OCEAN:      41        15.6         2.0
OCEAN:      42        15.6         2.0
OCEAN:      43        15.7         2.0
OCEAN:      44        15.7         2.0
OCEAN:      45        15.8         2.0
OCEAN:      46        15.8         2.0
OCEAN:      47        15.9         2.0
OCEAN:      48        15.9         2.0
OCEAN:      49        16.0         2.0
OCEAN:      50        16.0         2.0
OCEAN:      51        16.1         2.0
OCEAN:      52        16.1         2.0
OCEAN:      53        16.2         2.0
OCEAN:      54        16.2         2.0
OCEAN:      55        16.3         2.0
OCEAN:      56        16.3         2.0
OCEAN:      57        16.3         2.0
OCEAN:      58        16.4         2.0
OCEAN:      59        16.4         2.0
OCEAN:      60        16.5         2.0
OCEAN:      61        16.5         2.0
OCEAN:      62        16.5         2.0
OCEAN:      63        16.6         2.0
OCEAN:      64        16.6         2.0
OCEAN:      65        16.6         2.0
OCEAN:      66        16.7         2.0
OCEAN:      67        16.7         2.0
OCEAN:      68        16.7         2.0
OCEAN:      69        16.7         2.0
OCEAN:      70        16.8         2.0
OCEAN:      71        16.8         2.0
OCEAN:      72        17.2         2.9
OCEAN:      73        17.3         2.9
OCEAN:      74        17.3         2.9
OCEAN:      75        17.3         2.9
OCEAN:      76        17.3         2.9
OCEAN:      77        17.3         2.9
OCEAN:      78        17.4         2.9
OCEAN:      79        17.4         2.9
OCEAN:      80        17.4         2.9
OCEAN:      81        17.4         2.9
OCEAN:      82        17.4         2.9
OCEAN:      83        17.4         2.9
OCEAN:      84        17.4         2.9
OCEAN:      85        17.4         2.9
OCEAN:      86        17.4         2.9
OCEAN:      87        17.4         2.9
OCEAN:      88        17.4         2.9
OCEAN:      89        17.4         2.9
OCEAN:      90        17.4         2.9
OCEAN:      91        17.4         2.9
OCEAN:      92        17.4         2.9
OCEAN:      93        17.4         2.9
OCEAN:      94        17.4         2.9
OCEAN:      95        17.4         2.9
OCEAN:      96        17.4         2.9
OCEAN:      97        17.4         2.9
OCEAN:      98        17.4         2.9
OCEAN:      99        17.4         2.9
OCEAN:     100        17.4         2.9
OCEAN:     101        17.4         2.9
OCEAN:     102        17.4         2.9
OCEAN:     103        17.3         2.9
OCEAN:     104        17.3         2.9
OCEAN:     105        17.3         2.9
OCEAN:     106        17.3         2.9
OCEAN:     107        17.3         2.9
OCEAN:     108        17.2         2.9
OCEAN:     109        17.2         2.9
OCEAN:     110        17.2         2.9
OCEAN:     111        17.2         2.9
OCEAN:     112        17.1         2.9
OCEAN:     113        17.1         2.9
OCEAN:     114        17.1         2.9
OCEAN:     115        17.1         2.9
OCEAN:     116        17.0         2.9
OCEAN:     117        17.0         2.9
OCEAN:     118        17.0         2.9
OCEAN:     119        16.9         2.9
OCEAN:     120        16.9         2.9
OCEAN:     121        16.9         2.9
OCEAN:     122        16.8         2.9
OCEAN:     123        16.8         2.9
OCEAN:     124        16.7         2.9
OCEAN:     125        16.7         2.9
OCEAN:     126        16.7         2.9
OCEAN:     127        16.6         2.9
OCEAN:     128        16.6         2.9
OCEAN:     129        16.5         2.9
OCEAN:     130        16.5         2.9
OCEAN:     131        16.4         2.9
OCEAN:     132        16.4         2.9
OCEAN:     133        16.3         2.9
OCEAN:     134        16.3         2.9
OCEAN:     135        16.2         2.9
OCEAN:     136        16.2         2.9
OCEAN:     137        16.1         2.9
OCEAN:     138        16.1         2.9
OCEAN:     139        16.0         2.9
OCEAN:     140        15.9         2.9
OCEAN:     141        15.9         2.9
OCEAN:     142        15.8         2.9
OCEAN:     143        15.8         2.9
OCEAN:     144        14.2        -0.1
OCEAN:     145        14.1        -0.1
OCEAN:     146        14.1        -0.1
OCEAN:     147        14.0        -0.1
OCEAN:     148        13.9        -0.1
OCEAN:     149        13.9        -0.1
OCEAN:     150        13.8        -0.1
OCEAN:     151        13.7        -0.1
OCEAN:     152        13.7        -0.1
OCEAN:     153        13.6        -0.1
OCEAN:     154        13.5        -0.1
OCEAN:     155        13.4        -0.1
OCEAN:     156        13.4        -0.1
OCEAN:     157        13.3        -0.1
OCEAN:     158        13.2        -0.1
OCEAN:     159        13.1        -0.1
OCEAN:     160        13.1        -0.1
OCEAN:     161        13.0        -0.1
OCEAN:     162        12.9        -0.1
OCEAN:     163        12.8        -0.1
OCEAN:     164        12.7        -0.1
OCEAN:     165        12.6        -0.1
OCEAN:     166        12.6        -0.1
OCEAN:     167        12.5        -0.1
OCEAN:     168        12.4        -0.1
OCEAN:     169        12.3        -0.1
OCEAN:     170        12.2        -0.1
OCEAN:     171        12.1        -0.1
OCEAN:     172        12.0        -0.1
OCEAN:     173        11.9        -0.1
OCEAN:     174        11.8        -0.1
OCEAN:     175        11.7        -0.1
OCEAN:     176        11.7        -0.1
OCEAN:     177        11.6        -0.1
OCEAN:     178        11.5        -0.1
OCEAN:     179        11.4        -0.1
OCEAN:     180        11.3        -0.1
OCEAN:     181        11.2        -0.1
OCEAN:     182        11.1        -0.1
OCEAN:     183        11.0        -0.1
OCEAN:     184        10.9        -0.1
OCEAN:     185        10.8        -0.1
OCEAN:     186        10.7        -0.1
OCEAN:     187        10.6        -0.1
OCEAN:     188        10.4        -0.1
OCEAN:     189        10.3        -0.1
OCEAN:     190        10.2        -0.1
OCEAN:     191        10.1        -0.1
OCEAN:     192        10.0        -0.1
OCEAN:     193         9.9        -0.1
OCEAN:     194         9.8        -0.1
OCEAN:     195         9.7        -0.1
OCEAN:     196         9.6        -0.1
OCEAN:     197         9.5        -0.1
OCEAN:     198         9.4        -0.1
OCEAN:     199         9.2        -0.1
OCEAN:     200         9.1        -0.1
OCEAN:     201         9.0        -0.1
OCEAN:     202         8.9        -0.1
OCEAN:     203         8.8        -0.1
OCEAN:     204         8.7        -0.1
OCEAN:     205         8.5        -0.1
OCEAN:     206         8.4        -0.1
OCEAN:     207         8.3        -0.1
OCEAN:     208         8.2        -0.1
OCEAN:     209         8.1        -0.1
OCEAN:     210         8.0        -0.1
OCEAN:     211         7.8        -0.1
OCEAN:     212         7.7        -0.1
OCEAN:     213         7.6        -0.1
OCEAN:     214         7.5        -0.1
OCEAN:     215         7.3        -0.1
OCEAN:     216         5.3        -4.0
OCEAN:     217         5.2        -4.0
OCEAN:     218         5.0        -4.0
OCEAN:     219         4.9        -4.0
OCEAN:     220         4.8        -4.0
OCEAN:     221         4.6        -4.0
OCEAN:     222         4.5        -4.0
OCEAN:     223         4.4        -4.0
OCEAN:     224         4.3        -4.0
OCEAN:     225         4.1        -4.0
OCEAN:     226         4.0        -4.0
OCEAN:     227         3.9        -4.0
OCEAN:     228         3.7        -4.0
OCEAN:     229         3.6        -4.0
OCEAN:     230         3.5        -4.0
OCEAN:     231         3.4        -4.0
OCEAN:     232         3.2        -4.0
OCEAN:     233         3.1        -4.0
OCEAN:     234         3.0        -4.0
OCEAN:     235         2.8        -4.0
OCEAN:     236         2.7        -4.0
OCEAN:     237         2.6        -4.0
OCEAN:     238         2.4        -4.0
OCEAN:     239         2.3        -4.0
OCEAN:     240         2.2        -4.0
OCEAN:     241         2.0        -4.0
OCEAN:     242         1.9        -4.0
OCEAN:     243         1.7        -4.0
OCEAN:     244         1.6        -4.0
OCEAN:     245         1.5        -4.0
OCEAN:     246         1.3        -4.0
OCEAN:     247         1.2        -4.0
OCEAN:     248         1.1        -4.0
OCEAN:     249         0.9        -4.0
OCEAN:     250         0.8        -4.0
OCEAN:     251         0.7        -4.0
OCEAN:     252         0.5        -4.0
OCEAN:     253         0.4        -4.0
OCEAN:     254         0.2        -4.0
OCEAN:     255         0.1        -4.0
OCEAN:     256        -0.0        -4.0
OCEAN:     257        -0.2        -4.0
OCEAN:     258        -0.3        -4.0
OCEAN:     259        -0.5        -4.0
OCEAN:     260        -0.6        -4.0
OCEAN:     261        -0.7        -4.0
OCEAN:     262        -0.9        -4.0
OCEAN:     263        -1.0        -4.0
OCEAN:     264        -1.1        -4.0
OCEAN:     265        -1.3        -4.0
OCEAN:     266        -1.4        -4.0
OCEAN:     267        -1.6        -4.0
OCEAN:     268        -1.7        -4.0
OCEAN:     269        -1.8        -4.0
OCEAN:     270        -2.0        -4.0
OCEAN:     271        -2.1        -4.0
OCEAN:     272        -2.3        -4.0
OCEAN:     273        -2.4        -4.0
OCEAN:     274        -2.5        -4.0
OCEAN:     275        -2.7        -4.0
OCEAN:     276        -2.8        -4.0
OCEAN:     277        -3.0        -4.0
OCEAN:     278        -3.1        -4.0
OCEAN:     279        -3.2        -4.0
OCEAN:     280        -3.4        -4.0
OCEAN:     281        -3.5        -4.0
OCEAN:     282        -3.7        -4.0
OCEAN:     283        -3.8        -4.0
OCEAN:     284        -3.9        -4.0
OCEAN:     285        -4.1        -4.0
OCEAN:     286        -4.2        -4.0
OCEAN:     287        -4.4        -4.0
OCEAN:     288        -3.4        -1.8
OCEAN:     289        -3.5        -1.8
OCEAN:     290        -3.7        -1.8
OCEAN:     291        -3.8        -1.8
OCEAN:     292        -3.9        -1.8
OCEAN:     293        -4.1        -1.8
OCEAN:     294        -4.2        -1.8
OCEAN:     295        -4.4        -1.8
OCEAN:     296        -4.5        -1.8
OCEAN:     297        -4.6        -1.8
OCEAN:     298        -4.8        -1.8
OCEAN:     299        -4.9        -1.8
OCEAN:     300        -5.0        -1.8
OCEAN:     301        -5.2        -1.8
OCEAN:     302        -5.3        -1.8
OCEAN:     303        -5.4        -1.8
OCEAN:     304        -5.6        -1.8
OCEAN:     305        -5.7        -1.8
OCEAN:     306        -5.8        -1.8
OCEAN:     307        -6.0        -1.8
OCEAN:     308        -6.1        -1.8
OCEAN:     309        -6.2        -1.8
OCEAN:     310        -6.4        -1.8
OCEAN:     311        -6.5        -1.8
OCEAN:     312        -6.6        -1.8
OCEAN:     313        -6.8        -1.8
OCEAN:     314        -6.9        -1.8
OCEAN:     315        -7.0        -1.8
OCEAN:     316        -7.1        -1.8
OCEAN:     317        -7.3        -1.8
OCEAN:     318        -7.4        -1.8
OCEAN:     319        -7.5        -1.8
OCEAN:     320        -7.7        -1.8
OCEAN:     321        -7.8        -1.8
OCEAN:     322        -7.9        -1.8
OCEAN:     323        -8.0        -1.8
OCEAN:     324        -8.2        -1.8
OCEAN:     325        -8.3        -1.8
OCEAN:     326        -8.4        -1.8
OCEAN:     327        -8.5        -1.8
OCEAN:     328        -8.6        -1.8
OCEAN:     329        -8.8        -1.8
OCEAN:     330        -8.9        -1.8
OCEAN:     331        -9.0        -1.8
OCEAN:     332        -9.1        -1.8
OCEAN:     333        -9.2        -1.8
OCEAN:     334        -9.4        -1.8
OCEAN:     335        -9.5        -1.8
OCEAN:     336        -9.6        -1.8
OCEAN:     337        -9.7        -1.8
OCEAN:     338        -9.8        -1.8
OCEAN:     339       -10.0        -1.8
OCEAN:     340       -10.1        -1.8
OCEAN:     341       -10.2        -1.8
OCEAN:     342       -10.3        -1.8
OCEAN:     343       -10.4        -1.8
OCEAN:     344       -10.5        -1.8
OCEAN:     345       -10.6        -1.8
OCEAN:     346       -10.7        -1.8
OCEAN:     347       -10.8        -1.8
OCEAN:     348       -11.0        -1.8
OCEAN:     349       -11.1        -1.8
OCEAN:     350       -11.2        -1.8
OCEAN:     351       -11.3        -1.8
OCEAN:     352       -11.4        -1.8
OCEAN:     353       -11.5        -1.8
OCEAN:     354       -11.6        -1.8
OCEAN:     355       -11.7        -1.8
OCEAN:     356       -11.8        -1.8
OCEAN:     357       -11.9        -1.8
OCEAN:     358       -12.0        -1.8
OCEAN:     359       -12.1        -1.8
OCEAN:     360        -9.7         3.3
OCEAN:     361        -9.8         3.3
OCEAN:     362        -9.9         3.3
OCEAN:     363       -10.0         3.3
OCEAN:     364       -10.1         3.3
OCEAN:     365       -10.2         3.3
OCEAN:     366       -10.3         3.3
OCEAN:     367       -10.3         3.3
OCEAN:     368       -10.4         3.3
OCEAN:     369       -10.5         3.3
OCEAN:     370       -10.6         3.3
OCEAN:     371       -10.7         3.3
OCEAN:     372       -10.8         3.3
OCEAN:     373       -10.9         3.3
OCEAN:     374       -11.0         3.3
OCEAN:     375       -11.1         3.3
OCEAN:     376       -11.1         3.3
OCEAN:     377       -11.2         3.3
OCEAN:     378       -11.3         3.3
OCEAN:     379       -11.4         3.3
OCEAN:     380       -11.5         3.3
OCEAN:     381       -11.6         3.3
OCEAN:     382       -11.6         3.3
OCEAN:     383       -11.7         3.3
OCEAN:     384       -11.8         3.3
OCEAN:     385       -11.9         3.3
OCEAN:     386       -11.9         3.3
OCEAN:     387       -12.0         3.3
OCEAN:     388       -12.1         3.3
OCEAN:     389       -12.2         3.3
OCEAN:     390       -12.2         3.3
OCEAN:     391       -12.3         3.3
OCEAN:     392       -12.4         3.3
OCEAN:     393       -12.4         3.3
OCEAN:     394       -12.5         3.3
OCEAN:     395       -12.6         3.3
OCEAN:     396       -12.6         3.3
OCEAN:     397       -12.7         3.3
OCEAN:     398       -12.7         3.3
OCEAN:     399       -12.8         3.3
OCEAN:     400       -12.9         3.3
OCEAN:     401       -12.9         3.3
OCEAN:     402       -13.0         3.3
OCEAN:     403       -13.0         3.3
OCEAN:     404       -13.1         3.3
OCEAN:     405       -13.1         3.3
OCEAN:     406       -13.2         3.3
OCEAN:     407       -13.3         3.3
OCEAN:     408       -13.3         3.3
OCEAN:     409       -13.4         3.3
OCEAN:     410       -13.4         3.3
OCEAN:     411       -13.4         3.3
OCEAN:     412       -13.5         3.3
OCEAN:     413       -13.5         3.3
OCEAN:     414       -13.6         3.3
OCEAN:     415       -13.6         3.3
OCEAN:     416       -13.7         3.3
OCEAN:     417       -13.7         3.3
OCEAN:     418       -13.7         3.3
OCEAN:     419       -13.8         3.3
OCEAN:     420       -13.8         3.3
OCEAN:     421       -13.9         3.3
OCEAN:     422       -13.9         3.3
OCEAN:     423       -13.9         3.3
OCEAN:     424       -14.0         3.3
OCEAN:     425       -14.0         3.3
OCEAN:     426       -14.0         3.3
OCEAN:     427       -14.0         3.3
OCEAN:     428       -14.1         3.3
OCEAN:     429       -14.1         3.3
OCEAN:     430       -14.1         3.3
OCEAN:     431       -14.1         3.3
OCEAN:     432       -12.9         5.8
OCEAN:     433       -12.9         5.8
OCEAN:     434       -12.9         5.8
OCEAN:     435       -13.0         5.8
OCEAN:     436       -13.0         5.8
OCEAN:     437       -13.0         5.8
OCEAN:     438       -13.0         5.8
OCEAN:     439       -13.0         5.8
OCEAN:     440       -13.0         5.8
OCEAN:     441       -13.1         5.8
OCEAN:     442       -13.1         5.8
OCEAN:     443       -13.1         5.8
OCEAN:     444       -13.1         5.8
OCEAN:     445       -13.1         5.8
OCEAN:     446       -13.1         5.8
OCEAN:     447       -13.1         5.8
OCEAN:     448       -13.1         5.8
OCEAN:     449       -13.1         5.8
OCEAN:     450       -13.1         5.8
OCEAN:     451       -13.1         5.8
OCEAN:     452       -13.1         5.8
OCEAN:     453       -13.1         5.8
OCEAN:     454       -13.1         5.8
OCEAN:     455       -13.1         5.8
OCEAN:     456       -13.1         5.8
OCEAN:     457       -13.1         5.8
OCEAN:     458       -13.1         5.8
OCEAN:     459       -13.1         5.8
OCEAN:     460       -13.0         5.8
OCEAN:     461       -13.0         5.8
OCEAN:     462       -13.0         5.8
OCEAN:     463       -13.0         5.8
OCEAN:     464       -13.0         5.8
OCEAN:     465       -13.0         5.8
OCEAN:     466       -12.9         5.8
OCEAN:     467       -12.9         5.8
OCEAN:     468       -12.9         5.8
OCEAN:     469       -12.9         5.8
OCEAN:     470       -12.9         5.8
OCEAN:     471       -12.8         5.8
OCEAN:     472       -12.8         5.8
OCEAN:     473       -12.8         5.8
OCEAN:     474       -12.8         5.8
OCEAN:     475       -12.7         5.8
OCEAN:     476       -12.7         5.8
OCEAN:     477       -12.7         5.8
OCEAN:     478       -12.6         5.8
OCEAN:     479       -12.6         5.8
OCEAN:     480       -12.6         5.8
OCEAN:     481       -12.5         5.8
OCEAN:     482       -12.5         5.8
OCEAN:     483       -12.4         5.8
OCEAN:     484       -12.4         5.8
OCEAN:     485       -12.4         5.8
OCEAN:     486       -12.3         5.8
OCEAN:     487       -12.3         5.8
OCEAN:     488       -12.2         5.8
OCEAN:     489       -12.2         5.8
OCEAN:     490       -12.1         5.8
OCEAN:     491       -12.1         5.8
OCEAN:     492       -12.0         5.8
OCEAN:     493       -12.0         5.8
OCEAN:     494       -11.9         5.8
OCEAN:     495       -11.9         5.8
OCEAN:     496       -11.8         5.8
OCEAN:     497       -11.8         5.8
OCEAN:     498       -11.7         5.8
OCEAN:     499       -11.7         5.8
OCEAN:     500       -11.6         5.8
OCEAN:     501       -11.5         5.8
OCEAN:     502       -11.5         5.8
OCEAN:     503       -11.4         5.8
OCEAN:     504       -13.5         1.4
OCEAN:     505       -13.5         1.4
OCEAN:     506       -13.4         1.4
OCEAN:     507       -13.4         1.4
OCEAN:     508       -13.3         1.4
OCEAN:     509       -13.2         1.4
OCEAN:     510       -13.1         1.4
OCEAN:     511       -13.1         1.4
OCEAN:     512       -13.0         1.4
OCEAN:     513       -12.9         1.4
OCEAN:     514       -12.9         1.4
OCEAN:     515       -12.8         1.4
OCEAN:     516       -12.7         1.4
OCEAN:     517       -12.6         1.4
OCEAN:     518       -12.6         1.4
OCEAN:     519       -12.5         1.4
OCEAN:     520       -12.4         1.4
OCEAN:     521       -12.3         1.4
OCEAN:     522       -12.2         1.4
OCEAN:     523       -12.2         1.4
OCEAN:     524       -12.1         1.4
OCEAN:     525       -12.0         1.4
OCEAN:     526       -11.9         1.4
OCEAN:     527       -11.8         1.4
OCEAN:     528       -11.7         1.4
OCEAN:     529       -11.6         1.4
OCEAN:     530       -11.6         1.4
OCEAN:     531       -11.5         1.4
OCEAN:     532       -11.4         1.4
OCEAN:     533       -11.3         1.4
OCEAN:     534       -11.2         1.4
OCEAN:     535       -11.1         1.4
OCEAN:     536       -11.0         1.4
OCEAN:     537       -10.9         1.4
OCEAN:     538       -10.8         1.4
OCEAN:     539       -10.7         1.4
OCEAN:     540       -10.6         1.4
OCEAN:     541       -10.5         1.4
OCEAN:     542       -10.4         1.4
OCEAN:     543       -10.3         1.4
OCEAN:     544       -10.2         1.4
OCEAN:     545       -10.1         1.4
OCEAN:     546       -10.0         1.4
OCEAN:     547        -9.9         1.4
OCEAN:     548        -9.8         1.4
OCEAN:     549        -9.7         1.4
OCEAN:     550        -9.6         1.4
OCEAN:     551        -9.5         1.4
OCEAN:     552        -9.4         1.4
OCEAN:     553        -9.3         1.4
OCEAN:     554        -9.1         1.4
OCEAN:     555        -9.0         1.4
OCEAN:     556        -8.9         1.4
OCEAN:     557        -8.8         1.4
OCEAN:     558        -8.7         1.4
OCEAN:     559        -8.6         1.4
OCEAN:     560        -8.5         1.4
OCEAN:     561        -8.4         1.4
OCEAN:     562        -8.2         1.4
OCEAN:     563        -8.1         1.4
OCEAN:     564        -8.0         1.4
OCEAN:     565        -7.9         1.4
OCEAN:     566        -7.8         1.4
OCEAN:     567        -7.7         1.4
OCEAN:     568        -7.5         1.4
OCEAN:     569        -7.4         1.4
OCEAN:     570        -7.3         1.4
OCEAN:     571        -7.2         1.4
OCEAN:     572        -7.1         1.4
OCEAN:     573        -6.9         1.4
OCEAN:     574        -6.8         1.4
OCEAN:     575        -6.7         1.4
OCEAN:     576       -11.1        -7.6
OCEAN:     577       -10.9        -7.6
OCEAN:     578       -10.8        -7.6
OCEAN:     579       -10.7        -7.6
OCEAN:     580       -10.6        -7.6
OCEAN:     581       -10.4        -7.6
OCEAN:     582       -10.3        -7.6
OCEAN:     583       -10.2        -7.6
OCEAN:     584       -10.0        -7.6
OCEAN:     585        -9.9        -7.6
OCEAN:     586        -9.8        -7.6
OCEAN:     587        -9.7        -7.6
OCEAN:     588        -9.5        -7.6
OCEAN:     589        -9.4        -7.6
OCEAN:     590        -9.3        -7.6
OCEAN:     591        -9.1        -7.6
OCEAN:     592        -9.0        -7.6
OCEAN:     593        -8.9        -7.6
OCEAN:     594        -8.7        -7.6
OCEAN:     595        -8.6        -7.6
OCEAN:     596        -8.5        -7.6
OCEAN:     597        -8.3        -7.6
OCEAN:     598        -8.2        -7.6
OCEAN:     599        -8.1        -7.6
OCEAN:     600        -7.9        -7.6
OCEAN:     601        -7.8        -7.6
OCEAN:     602        -7.7        -7.6
OCEAN:     603        -7.5        -7.6
OCEAN:     604        -7.4        -7.6
OCEAN:     605        -7.3        -7.6
OCEAN:     606        -7.1        -7.6
OCEAN:     607        -7.0        -7.6
OCEAN:     608        -6.8        -7.6
OCEAN:     609        -6.7        -7.6
OCEAN:     610        -6.6        -7.6
OCEAN:     611        -6.4        -7.6
OCEAN:     612        -6.3        -7.6
OCEAN:     613        -6.2        -7.6
OCEAN:     614        -6.0        -7.6
OCEAN:     615        -5.9        -7.6
OCEAN:     616        -5.7        -7.6
OCEAN:     617        -5.6        -7.6
OCEAN:     618        -5.5        -7.6
OCEAN:     619        -5.3        -7.6
OCEAN:     620        -5.2        -7.6
OCEAN:     621        -5.0        -7.6
OCEAN:     622        -4.9        -7.6
OCEAN:     623        -4.8        -7.6
OCEAN:     624        -4.6        -7.6
OCEAN:     625        -4.5        -7.6
OCEAN:     626        -4.4        -7.6
OCEAN:     627        -4.2        -7.6
OCEAN:     628        -4.1        -7.6
OCEAN:     629        -3.9        -7.6
OCEAN:     630        -3.8        -7.6
OCEAN:     631        -3.7        -7.6
OCEAN:     632        -3.5        -7.6
OCEAN:     633        -3.4        -7.6
OCEAN:     634        -3.2        -7.6
OCEAN:     635        -3.1        -7.6
OCEAN:     636        -3.0        -7.6
OCEAN:     637        -2.8        -7.6
OCEAN:     638        -2.7        -7.6
OCEAN:     639        -2.5        -7.6
OCEAN:     640        -2.4        -7.6
OCEAN:     641        -2.3        -7.6
OCEAN:     642        -2.1        -7.6
OCEAN:     643        -2.0        -7.6
OCEAN:     644        -1.8        -7.6
OCEAN:     645        -1.7        -7.6
OCEAN:     646        -1.6        -7.6
OCEAN:     647        -1.4        -7.6
OCEAN:     648        -4.5       -14.0
OCEAN:     649        -4.4       -14.0
OCEAN:     650        -4.2       -14.0
OCEAN:     651        -4.1       -14.0
OCEAN:     652        -4.0       -14.0
OCEAN:     653        -3.8       -14.0
OCEAN:     654        -3.7       -14.0
OCEAN:     655        -3.6       -14.0
OCEAN:     656        -3.4       -14.0
OCEAN:     657        -3.3       -14.0
OCEAN:     658        -3.1       -14.0
OCEAN:     659        -3.0       -14.0
OCEAN:     660        -2.9       -14.0
OCEAN:     661        -2.7       -14.0
OCEAN:     662        -2.6       -14.0
OCEAN:     663        -2.5       -14.0
OCEAN:     664        -2.3       -14.0
OCEAN:     665        -2.2       -14.0
OCEAN:     666        -2.1       -14.0
OCEAN:     667        -1.9       -14.0
OCEAN:     668        -1.8       -14.0
OCEAN:     669        -1.7       -14.0
OCEAN:     670        -1.5       -14.0
OCEAN:     671        -1.4       -14.0
OCEAN:     672        -1.3       -14.0
OCEAN:     673        -1.2       -14.0
OCEAN:     674        -1.0       -14.0
OCEAN:     675        -0.9       -14.0
OCEAN:     676        -0.8       -14.0
OCEAN:     677        -0.6       -14.0
OCEAN:     678        -0.5       -14.0
OCEAN:     679        -0.4       -14.0
OCEAN:     680        -0.3       -14.0
OCEAN:     681        -0.1       -14.0
OCEAN:     682        -0.0       -14.0
OCEAN:     683         0.1       -14.0
OCEAN:     684         0.2       -14.0
OCEAN:     685         0.4       -14.0
OCEAN:     686         0.5       -14.0
OCEAN:     687         0.6       -14.0
OCEAN:     688         0.7       -14.0
OCEAN:     689         0.9       -14.0
OCEAN:     690         1.0       -14.0
OCEAN:     691         1.1       -14.0
OCEAN:     692         1.2       -14.0
OCEAN:     693         1.3       -14.0
OCEAN:     694         1.5       -14.0
OCEAN:     695         1.6       -14.0
OCEAN:     696         1.7       -14.0
OCEAN:     697         1.8       -14.0
OCEAN:     698         1.9       -14.0
OCEAN:     699         2.0       -14.0
OCEAN:     700         2.2       -14.0
OCEAN:     701         2.3       -14.0
OCEAN:     702         2.4       -14.0
OCEAN:     703         2.5       -14.0
OCEAN:     704         2.6       -14.0
OCEAN:     705         2.7       -14.0
OCEAN:     706         2.8       -14.0
OCEAN:     707         2.9       -14.0
OCEAN:     708         3.1       -14.0
OCEAN:     709         3.2       -14.0
OCEAN:     710         3.3       -14.0
OCEAN:     711         3.4       -14.0
OCEAN:     712         3.5       -14.0
OCEAN:     713         3.6       -14.0
OCEAN:     714         3.7       -14.0
OCEAN:     715         3.8       -14.0
OCEAN:     716         3.9       -14.0
OCEAN:     717         4.0       -14.0
OCEAN:     718         4.1       -14.0
OCEAN:     719         4.2       -14.0
OCEAN:     720         5.6       -11.4
OCEAN:     721         5.7       -11.4
OCEAN:     722         5.8       -11.4
OCEAN:     723         5.9       -11.4
OCEAN:     724         6.0       -11.4
OCEAN:     725         6.1       -11.4
OCEAN:     726         6.2       -11.4
OCEAN:     727         6.3       -11.4
OCEAN:     728         6.4       -11.4
OCEAN:     729         6.5       -11.4
OCEAN:     730         6.6       -11.4
OCEAN:     731         6.6       -11.4
OCEAN:     732         6.7       -11.4
OCEAN:     733         6.8       -11.4
OCEAN:     734         6.9       -11.4
OCEAN:     735         7.0       -11.4
OCEAN:     736         7.1       -11.4
OCEAN:     737         7.2       -11.4
OCEAN:     738         7.2       -11.4
OCEAN:     739         7.3       -11.4
OCEAN:     740         7.4       -11.4
OCEAN:     741         7.5       -11.4
OCEAN:     742         7.6       -11.4
OCEAN:     743         7.6       -11.4
OCEAN:     744         7.7       -11.4
OCEAN:     745         7.8       -11.4
OCEAN:     746         7.9       -11.4
OCEAN:     747         7.9       -11.4
OCEAN:     748         8.0       -11.4
OCEAN:     749         8.1       -11.4
OCEAN:     750         8.2       -11.4
OCEAN:     751         8.2       -11.4
OCEAN:     752         8.3       -11.4
OCEAN:     753         8.4       -11.4
OCEAN:     754         8.4       -11.4
OCEAN:     755         8.5       -11.4
OCEAN:     756         8.6       -11.4
OCEAN:     757         8.6       -11.4
OCEAN:     758         8.7       -11.4
OCEAN:     759         8.7       -11.4
OCEAN:     760         8.8       -11.4
OCEAN:     761         8.9       -11.4
OCEAN:     762         8.9       -11.4
OCEAN:     763         9.0       -11.4
OCEAN:     764         9.0       -11.4
OCEAN:     765         9.1       -11.4
OCEAN:     766         9.1       -11.4
OCEAN:     767         9.2       -11.4
OCEAN:     768         9.2       -11.4
OCEAN:     769         9.3       -11.4
OCEAN:     770         9.3       -11.4
OCEAN:     771         9.4       -11.4
OCEAN:     772         9.4       -11.4
OCEAN:     773         9.5       -11.4
OCEAN:     774         9.5       -11.4
OCEAN:     775         9.6       -11.4
OCEAN:     776         9.6       -11.4
OCEAN:     777         9.6       -11.4
OCEAN:     778         9.7       -11.4
OCEAN:     779         9.7       -11.4
OCEAN:     780         9.8       -11.4
OCEAN:     781         9.8       -11.4
OCEAN:     782         9.8       -11.4
OCEAN:     783         9.9       -11.4
OCEAN:     784         9.9       -11.4
OCEAN:     785         9.9       -11.4
OCEAN:     786         9.9       -11.4
OCEAN:     787        10.0       -11.4
OCEAN:     788        10.0       -11.4
OCEAN:     789        10.0       -11.4
OCEAN:     790        10.1       -11.4
OCEAN:     791        10.1       -11.4
OCEAN:     792        15.9         0.2
OCEAN:     793        15.9         0.2
OCEAN:     794        16.0         0.2
OCEAN:     795        16.0         0.2
OCEAN:     796        16.0         0.2
OCEAN:     797        16.0         0.2
OCEAN:     798        16.0         0.2
OCEAN:     799        16.0         0.2
OCEAN:     800        16.1         0.2
OCEAN:     801        16.1         0.2
OCEAN:     802        16.1         0.2
OCEAN:     803        16.1         0.2
OCEAN:     804        16.1         0.2
OCEAN:     805        16.1         0.2
OCEAN:     806        16.1         0.2
OCEAN:     807        16.1         0.2
OCEAN:     808        16.1         0.2
OCEAN:     809        16.1         0.2
OCEAN:     810        16.1         0.2
OCEAN:     811        16.1         0.2
OCEAN:     812        16.1         0.2
OCEAN:     813        16.1         0.2
OCEAN:     814        16.1         0.2
OCEAN:     815        16.1         0.2
OCEAN:     816        16.1         0.2
OCEAN:     817        16.1         0.2
OCEAN:     818        16.1         0.2
OCEAN:     819        16.1         0.2
OCEAN:     820        16.1         0.2
OCEAN:     821        16.0         0.2
OCEAN:     822        16.0         0.2
OCEAN:     823        16.0         0.2
OCEAN:     824        16.0         0.2
OCEAN:     825        16.0         0.2
OCEAN:     826        16.0         0.2
OCEAN:     827        15.9         0.2
OCEAN:     828        15.9         0.2
OCEAN:     829        15.9         0.2
OCEAN:     830        15.9         0.2
OCEAN:     831        15.8         0.2
OCEAN:     832        15.8         0.2
OCEAN:     833        15.8         0.2
OCEAN:     834        15.8         0.2
OCEAN:     835        15.7         0.2
OCEAN:     836        15.7         0.2
OCEAN:     837        15.7         0.2
OCEAN:     838        15.6         0.2
OCEAN:     839        15.6         0.2
OCEAN:     840        15.6         0.2
OCEAN:     841        15.5         0.2
OCEAN:     842        15.5         0.2
OCEAN:     843        15.5         0.2
OCEAN:     844        15.4         0.2
OCEAN:     845        15.4         0.2
OCEAN:     846        15.3         0.2
OCEAN:     847        15.3         0.2
OCEAN:     848        15.2         0.2
OCEAN:     849        15.2         0.2
OCEAN:     850        15.1         0.2
OCEAN:     851        15.1         0.2
OCEAN:     852        15.0         0.2
OCEAN:     853        15.0         0.2
OCEAN:     854        14.9         0.2
OCEAN:     855        14.9         0.2
OCEAN:     856        14.8         0.2
OCEAN:     857        14.8         0.2
OCEAN:     858        14.7         0.2
OCEAN:     859        14.7         0.2
OCEAN:     860        14.6         0.2
OCEAN:     861        14.6         0.2
OCEAN:     862        14.5         0.2
OCEAN:     863        14.4         0.2
OCEAN:     864        21.0        13.5
OCEAN:     865        21.0        13.5
OCEAN:     866        20.9        13.5
OCEAN:     867        20.8        13.5
OCEAN:     868        20.8        13.5
OCEAN:     869        20.7        13.5
OCEAN:     870        20.6        13.5
OCEAN:     871        20.5        13.5
OCEAN:     872        20.5        13.5
OCEAN:     873        20.4        13.5
OCEAN:     874        20.3        13.5
OCEAN:     875        20.3        13.5
OCEAN:     876        20.2        13.5
OCEAN:     877        20.1        13.5
OCEAN:     878        20.0        13.5
OCEAN:     879        19.9        13.5
OCEAN:     880        19.9        13.5
OCEAN:     881        19.8        13.5
OCEAN:     882        19.7        13.5
OCEAN:     883        19.6        13.5
OCEAN:     884        19.5        13.5
OCEAN:     885        19.5        13.5
OCEAN:     886        19.4        13.5
OCEAN:     887        19.3        13.5
OCEAN:     888        19.2        13.5
OCEAN:     889        19.1        13.5
OCEAN:     890        19.0        13.5
OCEAN:     891        18.9        13.5
OCEAN:     892        18.8        13.5
OCEAN:     893        18.7        13.5
OCEAN:     894        18.7        13.5
OCEAN:     895        18.6        13.5
OCEAN:     896        18.5        13.5
OCEAN:     897        18.4        13.5
OCEAN:     898        18.3        13.5
OCEAN:     899        18.2        13.5
OCEAN:     900        18.1        13.5
OCEAN:     901        18.0        13.5
OCEAN:     902        17.9        13.5
OCEAN:     903        17.8        13.5
OCEAN:     904        17.7        13.5
OCEAN:     905        17.6        13.5
OCEAN:     906        17.5        13.5
OCEAN:     907        17.4        13.5
OCEAN:     908        17.3        13.5
OCEAN:     909        17.2        13.5
OCEAN:     910        17.0        13.5
OCEAN:     911        16.9        13.5
OCEAN:     912        16.8        13.5
OCEAN:     913        16.7        13.5
OCEAN:     914        16.6        13.5
OCEAN:     915        16.5        13.5
OCEAN:     916        16.4        13.5
OCEAN:     917        16.3        13.5
OCEAN:     918        16.2        13.5
OCEAN:     919        16.1        13.5
OCEAN:     920        15.9        13.5
OCEAN:     921        15.8        13.5
OCEAN:     922        15.7        13.5
OCEAN:     923        15.6        13.5
OCEAN:     924        15.5        13.5
OCEAN:     925        15.4        13.5
OCEAN:     926        15.2        13.5
OCEAN:     927        15.1        13.5
OCEAN:     928        15.0        13.5
OCEAN:     929        14.9        13.5
OCEAN:     930        14.8        13.5
OCEAN:     931        14.6        13.5
OCEAN:     932        14.5        13.5
OCEAN:     933        14.4        13.5
OCEAN:     934        14.3        13.5
OCEAN:     935        14.1        13.5
OCEAN:     936        16.8        19.1
OCEAN:     937        16.7        19.1
OCEAN:     938        16.5        19.1
OCEAN:     939        16.4        19.1
OCEAN:     940        16.3        19.1
OCEAN:     941        16.2        19.1
OCEAN:     942        16.0        19.1
OCEAN:     943        15.9        19.1
OCEAN:     944        15.8        19.1
OCEAN:     945        15.7        19.1
OCEAN:     946        15.5        19.1
OCEAN:     947        15.4        19.1
OCEAN:     948        15.3        19.1
OCEAN:     949        15.1        19.1
OCEAN:     950        15.0        19.1
OCEAN:     951        14.9        19.1
OCEAN:     952        14.7        19.1
OCEAN:     953        14.6        19.1
OCEAN:     954        14.5        19.1
OCEAN:     955        14.3        19.1
OCEAN:     956        14.2        19.1
OCEAN:     957        14.1        19.1
OCEAN:     958        13.9        19.1
OCEAN:     959        13.8        19.1
OCEAN:     960        13.7        19.1
OCEAN:     961        13.5        19.1
OCEAN:     962        13.4        19.1
OCEAN:     963        13.3        19.1
OCEAN:     964        13.1        19.1
OCEAN:     965        13.0        19.1
OCEAN:     966        12.9        19.1
OCEAN:     967        12.7        19.1
OCEAN:     968        12.6        19.1
OCEAN:     969        12.4        19.1
OCEAN:     970        12.3        19.1
OCEAN:     971        12.2        19.1
OCEAN:     972        12.0        19.1
OCEAN:     973        11.9        19.1
OCEAN:     974        11.8        19.1
OCEAN:     975        11.6        19.1
OCEAN:     976        11.5        19.1
OCEAN:     977        11.3        19.1
OCEAN:     978        11.2        19.1
OCEAN:     979        11.1        19.1
OCEAN:     980        10.9        19.1
OCEAN:     981        10.8        19.1
OCEAN:     982        10.6        19.1
OCEAN:     983        10.5        19.1
OCEAN:     984        10.4        19.1
OCEAN:     985        10.2        19.1
OCEAN:     986        10.1        19.1
OCEAN:     987        10.0        19.1
OCEAN:     988         9.8        19.1
OCEAN:     989         9.7        19.1
OCEAN:     990         9.5        19.1
OCEAN:     991         9.4        19.1
OCEAN:     992         9.3        19.1
OCEAN:     993         9.1        19.1
OCEAN:     994         9.0        19.1
OCEAN:     995         8.8        19.1
OCEAN:     996         8.7        19.1
OCEAN:     997         8.6        19.1
OCEAN:     998         8.4        19.1
OCEAN:     999         8.3        19.1
OCEAN:    1000         8.1        19.1
OCEAN:    1001         8.0        19.1
OCEAN:    1002         7.9        19.1
OCEAN:    1003         7.7        19.1
OCEAN:    1004         7.6        19.1
OCEAN:    1005         7.4        19.1
OCEAN:    1006         7.3        19.1
OCEAN:    1007         7.2        19.1
OCEAN:    1008         3.8        12.5
OCEAN:    1009         3.6        12.5
OCEAN:    1010         3.5        12.5
OCEAN:    1011         3.3        12.5
OCEAN:    1012         3.2        12.5
OCEAN:    1013         3.1        12.5
OCEAN:    1014         2.9        12.5
OCEAN:    1015         2.8        12.5
OCEAN:    1016         2.7        12.5
OCEAN:    1017         2.5        12.5
OCEAN:    1018         2.4        12.5
OCEAN:    1019         2.3        12.5
OCEAN:    1020         2.1        12.5
OCEAN:    1021         2.0        12.5
OCEAN:    1022         1.9        12.5
OCEAN:    1023         1.7        12.5
OCEAN:    1024         1.6        12.5
OCEAN:    1025         1.5        12.5
OCEAN:    1026         1.3        12.5
OCEAN:    1027         1.2        12.5
OCEAN:    1028         1.1        12.5
OCEAN:    1029         0.9        12.5
OCEAN:    1030         0.8        12.5
OCEAN:    1031         0.7        12.5
OCEAN:    1032         0.5        12.5
OCEAN:    1033         0.4        12.5
OCEAN:    1034         0.3        12.5
OCEAN:    1035         0.1        12.5
OCEAN:    1036         0.0        12.5
OCEAN:    1037        -0.1        12.5
OCEAN:    1038        -0.2        12.5
OCEAN:    1039        -0.4        12.5
OCEAN:    1040        -0.5        12.5
OCEAN:    1041        -0.6        12.5
OCEAN:    1042        -0.8        12.5
OCEAN:    1043        -0.9        12.5
OCEAN:    1044        -1.0        12.5
OCEAN:    1045        -1.1        12.5
OCEAN:    1046        -1.3        12.5
OCEAN:    1047        -1.4        12.5
OCEAN:    1048        -1.5        12.5
OCEAN:    1049        -1.6        12.5
OCEAN:    1050        -1.7        12.5
OCEAN:    1051        -1.9        12.5
OCEAN:    1052        -2.0        12.5
OCEAN:    1053        -2.1        12.5
OCEAN:    1054        -2.2        12.5
OCEAN:    1055        -2.3        12.5
OCEAN:    1056        -2.5        12.5
OCEAN:    1057        -2.6        12.5
OCEAN:    1058        -2.7        12.5
OCEAN:    1059        -2.8        12.5
OCEAN:    1060        -2.9        12.5
OCEAN:    1061        -3.0        12.5
OCEAN:    1062        -3.1        12.5
OCEAN:    1063        -3.3        12.5
OCEAN:    1064        -3.4        12.5
OCEAN:    1065        -3.5        12.5
OCEAN:    1066        -3.6        12.5
OCEAN:    1067        -3.7        12.5
OCEAN:    1068        -3.8        12.5
OCEAN:    1069        -3.9        12.5
OCEAN:    1070        -4.0        12.5
OCEAN:    1071        -4.1        12.5
OCEAN:    1072        -4.2        12.5
OCEAN:    1073        -4.3        12.5
OCEAN:    1074        -4.4        12.5
OCEAN:    1075        -4.5        12.5
OCEAN:    1076        -4.7        12.5
OCEAN:    1077        -4.8        12.5
OCEAN:    1078        -4.9        12.5
OCEAN:    1079        -5.0        12.5
OCEAN:    1080       -12.2        -1.9
OCEAN:    1081       -12.3        -1.9
OCEAN:    1082       -12.4        -1.9
OCEAN:    1083       -12.5        -1.9
OCEAN:    1084       -12.6        -1.9
OCEAN:    1085       -12.7        -1.9
OCEAN:    1086       -12.8        -1.9
OCEAN:    1087       -12.9        -1.9
OCEAN:    1088       -13.0        -1.9
OCEAN:    1089       -13.1        -1.9
OCEAN:    1090       -13.2        -1.9
OCEAN:    1091       -13.3        -1.9
OCEAN:    1092       -13.4        -1.9
OCEAN:    1093       -13.5        -1.9
OCEAN:    1094       -13.5        -1.9
OCEAN:    1095       -13.6        -1.9
OCEAN:    1096       -13.7        -1.9
OCEAN:    1097       -13.8        -1.9
OCEAN:    1098       -13.9        -1.9
OCEAN:    1099       -14.0        -1.9
OCEAN:    1100       -14.0        -1.9
OCEAN:    1101       -14.1        -1.9
OCEAN:    1102       -14.2        -1.9
OCEAN:    1103       -14.3        -1.9
OCEAN:    1104       -14.4        -1.9
OCEAN:    1105       -14.4        -1.9
OCEAN:    1106       -14.5        -1.9
OCEAN:    1107       -14.6        -1.9
OCEAN:    1108       -14.6        -1.9
OCEAN:    1109       -14.7        -1.9
OCEAN:    1110       -14.8        -1.9
OCEAN:    1111       -14.9        -1.9
OCEAN:    1112       -14.9        -1.9
OCEAN:    1113       -15.0        -1.9
OCEAN:    1114       -15.1        -1.9
OCEAN:    1115       -15.1        -1.9
OCEAN:    1116       -15.2        -1.9
OCEAN:    1117       -15.3        -1.9
OCEAN:    1118       -15.3        -1.9
OCEAN:    1119       -15.4        -1.9
OCEAN:    1120       -15.4        -1.9
OCEAN:    1121       -15.5        -1.9
OCEAN:    1122       -15.5        -1.9
OCEAN:    1123       -15.6        -1.9
OCEAN:    1124       -15.7        -1.9
OCEAN:    1125       -15.7        -1.9
OCEAN:    1126       -15.8        -1.9
OCEAN:    1127       -15.8        -1.9
OCEAN:    1128       -15.9        -1.9
OCEAN:    1129       -15.9        -1.9
OCEAN:    1130       -16.0        -1.9
OCEAN:    1131       -16.0        -1.9
OCEAN:    1132       -16.1        -1.9
OCEAN:    1133       -16.1        -1.9
OCEAN:    1134       -16.1        -1.9
OCEAN:    1135       -16.2        -1.9
OCEAN:    1136       -16.2        -1.9
OCEAN:    1137       -16.3        -1.9
OCEAN:    1138       -16.3        -1.9
OCEAN:    1139       -16.3        -1.9
OCEAN:    1140       -16.4        -1.9
OCEAN:    1141       -16.4        -1.9
OCEAN:    1142       -16.5        -1.9
OCEAN:    1143       -16.5        -1.9
OCEAN:    1144       -16.5        -1.9
OCEAN:    1145       -16.6        -1.9
OCEAN:    1146       -16.6        -1.9
OCEAN:    1147       -16.6        -1.9
OCEAN:    1148       -16.6        -1.9
OCEAN:    1149       -16.7        -1.9
OCEAN:    1150       -16.7        -1.9
OCEAN:    1151       -16.7        -1.9
OCEAN:    1152       -23.0       -14.3
OCEAN:    1153       -23.0       -14.3
OCEAN:    1154       -23.0       -14.3
OCEAN:    1155       -23.0       -14.3
OCEAN:    1156       -23.0       -14.3
OCEAN:    1157       -23.1       -14.3
OCEAN:    1158       -23.1       -14.3
OCEAN:    1159       -23.1       -14.3
OCEAN:    1160       -23.1       -14.3
OCEAN:    1161       -23.1       -14.3
OCEAN:    1162       -23.1       -14.3
OCEAN:    1163       -23.1       -14.3
OCEAN:    1164       -23.1       -14.3
OCEAN:    1165       -23.1       -14.3
OCEAN:    1166       -23.2       -14.3
OCEAN:    1167       -23.2       -14.3
OCEAN:    1168       -23.2       -14.3
OCEAN:    1169       -23.2       -14.3
OCEAN:    1170       -23.2       -14.3
OCEAN:    1171       -23.2       -14.3
OCEAN:    1172       -23.2       -14.3
OCEAN:    1173       -23.2       -14.3
OCEAN:    1174       -23.2       -14.3
OCEAN:    1175       -23.1       -14.3
OCEAN:    1176       -23.1       -14.3
OCEAN:    1177       -23.1       -14.3
OCEAN:    1178       -23.1       -14.3
OCEAN:    1179       -23.1       -14.3
OCEAN:    1180       -23.1       -14.3
OCEAN:    1181       -23.1       -14.3
OCEAN:    1182       -23.1       -14.3
OCEAN:    1183       -23.1       -14.3
OCEAN:    1184       -23.0       -14.3
OCEAN:    1185       -23.0       -14.3
OCEAN:    1186       -23.0       -14.3
OCEAN:    1187       -23.0       -14.3
OCEAN:    1188       -23.0       -14.3
OCEAN:    1189       -22.9       -14.3
OCEAN:    1190       -22.9       -14.3
OCEAN:    1191       -22.9       -14.3
OCEAN:    1192       -22.9       -14.3
OCEAN:    1193       -22.8       -14.3
OCEAN:    1194       -22.8       -14.3
OCEAN:    1195       -22.8       -14.3
OCEAN:    1196       -22.8       -14.3
OCEAN:    1197       -22.7       -14.3
OCEAN:    1198       -22.7       -14.3
OCEAN:    1199       -22.7       -14.3
OCEAN:    1200       -22.6       -14.3
