OCEAN:       0        11.3         0.0
OCEAN:       1        11.5         0.2
OCEAN:       2        11.7         0.4
OCEAN:       3        11.9         0.6
OCEAN:       4        12.1         0.7
OCEAN:       5        12.2         0.9
OCEAN:       6        12.4         1.0
OCEAN:       7        12.5         1.1
OCEAN:       8        12.7         1.2
OCEAN:       9        12.8         1.3
OCEAN:      10        12.9         1.3
OCEAN:      11        13.1         1.4
OCEAN:      12        13.2         1.5
OCEAN:      13        13.3         1.5
OCEAN:      14        13.4         1.6
OCEAN:      15        13.5         1.6
OCEAN:      16        13.6         1.7
OCEAN:      17        13.7         1.7
OCEAN:      18        13.8         1.7
OCEAN:      19        13.9         1.8
OCEAN:      20        14.0         1.8
OCEAN:      21        14.1         1.8
OCEAN:      22        14.2         1.8
OCEAN:      23        14.3         1.8
OCEAN:      24        14.3         1.9
OCEAN:      25        14.4         1.9
OCEAN:      26        14.5         1.9
OCEAN:      27        14.6         1.9
OCEAN:      28        14.7         1.9
OCEAN:      29        14.7         1.9
OCEAN:      30        14.8         1.9
OCEAN:      31        14.9         1.9
OCEAN:      32        15.0         1.9
OCEAN:      33        15.0         1.9
OCEAN:      34        15.1         2.0
OCEAN:      35        15.2         2.0
OCEAN:      36        15.2         2.0
OCEAN:      37        15.3         2.0
OCEAN:      38        15.4         2.0
OCEAN:      39        15.4         2.0
OCEAN:      40        15.5         2.0
OCEAN:      41        15.5         2.0
OCEAN:      42        15.6         2.0
OCEAN:      43        15.7         2.0
OCEAN:      44        15.7         2.0
OCEAN:      45        15.8         2.0
OCEAN:      46        15.8         2.0
OCEAN:      47        15.9         2.0
OCEAN:      48        15.9         2.0
OCEAN:      49        16.0         2.0
OCEAN:      50        16.0         2.0
OCEAN:      51        16.1         2.0
OCEAN:      52        16.1         2.0
OCEAN:      53        16.2         2.0
OCEAN:      54        16.2         2.0
OCEAN:      55        16.3         2.0
OCEAN:      56        16.3         2.0
OCEAN:      57        16.3         2.0
OCEAN:      58        16.4         2.0
OCEAN:      59        16.4         2.0
OCEAN:      60        16.5         2.0
OCEAN:      61        16.5         2.0
OCEAN:      62        16.5         2.0
OCEAN:      63        16.6         2.0
OCEAN:      64        16.6         2.0
OCEAN:      65        16.6         2.0
OCEAN:      66        16.6         2.0
OCEAN:      67        16.7         2.0
OCEAN:      68        16.7         2.0
OCEAN:      69        16.7         2.0
OCEAN:      70        16.8         2.0
OCEAN:      71        16.8         2.0
OCEAN:      72        16.8         2.0
OCEAN:      73        16.9         2.1
OCEAN:      74        16.9         2.2
OCEAN:      75        17.0         2.2
OCEAN:      76        17.0         2.3
OCEAN:      77        17.1         2.4
OCEAN:      78        17.1         2.4
OCEAN:      79        17.2         2.5
OCEAN:      80        17.2         2.5
OCEAN:      81        17.2         2.6
OCEAN:      82        17.3         2.6
OCEAN:      83        17.3         2.6
OCEAN:      84        17.3         2.6
OCEAN:      85        17.3         2.7
OCEAN:      86        17.3         2.7
OCEAN:      87        17.4         2.7
OCEAN:      88        17.4         2.7
OCEAN:      89        17.4         2.7
OCEAN:      90        17.4         2.8
OCEAN:      91        17.4         2.8
OCEAN:      92        17.4         2.8
OCEAN:      93        17.4         2.8
OCEAN:      94        17.4         2.8
OCEAN:      95        17.4         2.8
OCEAN:      96        17.4         2.8
OCEAN:      97        17.4         2.8
OCEAN:      98        17.4         2.8
OCEAN:      99        17.4         2.8
OCEAN:     100        17.4         2.8
OCEAN:     101        17.3         2.8
OCEAN:     102        17.3         2.8
OCEAN:     103        17.3         2.8
OCEAN:     104        17.3         2.9
OCEAN:     105        17.3         2.9
OCEAN:     106        17.3         2.9
OCEAN:     107        17.3         2.9
OCEAN:     108        17.2         2.9
OCEAN:     109        17.2         2.9
OCEAN:     110        17.2         2.9
OCEAN:     111        17.2         2.9
OCEAN:     112        17.1         2.9
OCEAN:     113        17.1         2.9
OCEAN:     114        17.1         2.9
OCEAN:     115        17.1         2.9
OCEAN:     116        17.0         2.9
OCEAN:     117        17.0         2.9
OCEAN:     118        17.0         2.9
OCEAN:     119        16.9         2.9
OCEAN:     120        16.9         2.9
OCEAN:     121        16.9         2.9
OCEAN:     122        16.8         2.9
OCEAN:     123        16.8         2.9
OCEAN:     124        16.7         2.9
OCEAN:     125        16.7         2.9
OCEAN:     126        16.7         2.9
OCEAN:     127        16.6         2.9
OCEAN:     128        16.6         2.9
OCEAN:     129        16.5         2.9
OCEAN:     130        16.5         2.9
OCEAN:     131        16.4         2.9
OCEAN:     132        16.4         2.9
OCEAN:     133        16.3         2.9
OCEAN:     134        16.3         2.9
OCEAN:     135        16.2         2.9
OCEAN:     136        16.2         2.9
OCEAN:     137        16.1         2.9
OCEAN:     138        16.1         2.9
OCEAN:     139        16.0         2.9
OCEAN:     140        15.9         2.9
OCEAN:     141        15.9         2.9
OCEAN:     142        15.8         2.9
OCEAN:     143        15.8         2.9
OCEAN:     144        15.7         2.9
OCEAN:     145        15.5         2.6
OCEAN:     146        15.3         2.3
OCEAN:     147        15.1         2.0
OCEAN:     148        14.9         1.8
OCEAN:     149        14.7         1.6
OCEAN:     150        14.6         1.4
OCEAN:     151        14.4         1.3
OCEAN:     152        14.3         1.1
OCEAN:     153        14.1         1.0
OCEAN:     154        14.0         0.9
OCEAN:     155        13.9         0.8
OCEAN:     156        13.8         0.7
OCEAN:     157        13.6         0.6
OCEAN:     158        13.5         0.5
OCEAN:     159        13.4         0.5
OCEAN:     160        13.3         0.4
OCEAN:     161        13.2         0.4
OCEAN:     162        13.1         0.3
OCEAN:     163        13.0         0.3
OCEAN:     164        12.9         0.2
OCEAN:     165        12.8         0.2
OCEAN:     166        12.7         0.2
OCEAN:     167        12.6         0.1
OCEAN:     168        12.5         0.1
OCEAN:     169        12.4         0.1
OCEAN:     170        12.3         0.1
OCEAN:     171        12.2         0.1
OCEAN:     172        12.1         0.0
OCEAN:     173        12.0         0.0
OCEAN:     174        11.9         0.0
OCEAN:     175        11.8        -0.0
OCEAN:     176        11.7        -0.0
OCEAN:     177        11.6        -0.0
OCEAN:     178        11.5        -0.0
OCEAN:     179        11.4        -0.0
OCEAN:     180        11.3        -0.0
OCEAN:     181        11.2        -0.0
OCEAN:     182        11.1        -0.1
OCEAN:     183        11.0        -0.1
OCEAN:     184        10.9        -0.1
OCEAN:     185        10.8        -0.1
OCEAN:     186        10.7        -0.1
OCEAN:     187        10.6        -0.1
OCEAN:     188        10.5        -0.1
OCEAN:     189        10.4        -0.1
OCEAN:     190        10.2        -0.1
OCEAN:     191        10.1        -0.1
OCEAN:     192        10.0        -0.1
OCEAN:     193         9.9        -0.1
OCEAN:     194         9.8        -0.1
OCEAN:     195         9.7        -0.1
OCEAN:     196         9.6        -0.1
OCEAN:     197         9.5        -0.1
OCEAN:     198         9.4        -0.1
OCEAN:     199         9.2        -0.1
OCEAN:     200         9.1        -0.1
OCEAN:     201         9.0        -0.1
OCEAN:     202         8.9        -0.1
OCEAN:     203         8.8        -0.1
OCEAN:     204         8.7        -0.1
OCEAN:     205         8.6        -0.1
OCEAN:     206         8.4        -0.1
OCEAN:     207         8.3        -0.1
OCEAN:     208         8.2        -0.1
OCEAN:     209         8.1        -0.1
OCEAN:     210         8.0        -0.1
OCEAN:     211         7.8        -0.1
OCEAN:     212         7.7        -0.1
OCEAN:     213         7.6        -0.1
OCEAN:     214         7.5        -0.1
OCEAN:     215         7.3        -0.1
OCEAN:     216         7.2        -0.1
OCEAN:     217         6.9        -0.5
OCEAN:     218         6.6        -0.9
OCEAN:     219         6.3        -1.2
OCEAN:     220         6.0        -1.5
OCEAN:     221         5.8        -1.7
OCEAN:     222         5.5        -2.0
OCEAN:     223         5.3        -2.2
OCEAN:     224         5.1        -2.4
OCEAN:     225         4.8        -2.5
OCEAN:     226         4.6        -2.7
OCEAN:     227         4.4        -2.8
OCEAN:     228         4.3        -3.0
OCEAN:     229         4.1        -3.1
OCEAN:     230         3.9        -3.2
OCEAN:     231         3.7        -3.2
OCEAN:     232         3.6        -3.3
OCEAN:     233         3.4        -3.4
OCEAN:     234         3.2        -3.4
OCEAN:     235         3.1        -3.5
OCEAN:     236         2.9        -3.6
OCEAN:     237         2.7        -3.6
OCEAN:     238         2.6        -3.6
OCEAN:     239         2.4        -3.7
OCEAN:     240         2.3        -3.7
OCEAN:     241         2.1        -3.7
OCEAN:     242         2.0        -3.8
OCEAN:     243         1.8        -3.8
OCEAN:     244         1.7        -3.8
OCEAN:     245         1.6        -3.8
OCEAN:     246         1.4        -3.8
OCEAN:     247         1.3        -3.8
OCEAN:     248         1.1        -3.9
OCEAN:     249         1.0        -3.9
OCEAN:     250         0.8        -3.9
OCEAN:     251         0.7        -3.9
OCEAN:     252         0.6        -3.9
OCEAN:     253         0.4        -3.9
OCEAN:     254         0.3        -3.9
OCEAN:     255         0.1        -3.9
OCEAN:     256        -0.0        -3.9
OCEAN:     257        -0.2        -3.9
OCEAN:     258        -0.3        -3.9
OCEAN:     259        -0.4        -3.9
OCEAN:     260        -0.6        -3.9
OCEAN:     261        -0.7        -3.9
OCEAN:     262        -0.9        -4.0
OCEAN:     263        -1.0        -4.0
OCEAN:     264        -1.1        -4.0
OCEAN:     265        -1.3        -4.0
OCEAN:     266        -1.4        -4.0
OCEAN:     267        -1.6        -4.0
OCEAN:     268        -1.7        -4.0
OCEAN:     269        -1.8        -4.0
OCEAN:     270        -2.0        -4.0
OCEAN:     271        -2.1        -4.0
OCEAN:     272        -2.3        -4.0
OCEAN:     273        -2.4        -4.0
OCEAN:     274        -2.5        -4.0
OCEAN:     275        -2.7        -4.0
OCEAN:     276        -2.8        -4.0
OCEAN:     277        -3.0        -4.0
OCEAN:     278        -3.1        -4.0
OCEAN:     279        -3.2        -4.0
OCEAN:     280        -3.4        -4.0
OCEAN:     281        -3.5        -4.0
OCEAN:     282        -3.7        -4.0
OCEAN:     283        -3.8        -4.0
OCEAN:     284        -3.9        -4.0
OCEAN:     285        -4.1        -4.0
OCEAN:     286        -4.2        -4.0
OCEAN:     287        -4.4        -4.0
OCEAN:     288        -4.5        -4.0
OCEAN:     289        -4.5        -3.7
OCEAN:     290        -4.5        -3.5
OCEAN:     291        -4.6        -3.4
OCEAN:     292        -4.6        -3.2
OCEAN:     293        -4.7        -3.0
OCEAN:     294        -4.8        -2.9
OCEAN:     295        -4.9        -2.8
OCEAN:     296        -4.9        -2.7
OCEAN:     297        -5.0        -2.6
OCEAN:     298        -5.1        -2.5
OCEAN:     299        -5.2        -2.4
OCEAN:     300        -5.3        -2.4
OCEAN:     301        -5.4        -2.3
OCEAN:     302        -5.5        -2.2
OCEAN:     303        -5.6        -2.2
OCEAN:     304        -5.8        -2.1
OCEAN:     305        -5.9        -2.1
OCEAN:     306        -6.0        -2.1
OCEAN:     307        -6.1        -2.0
OCEAN:     308        -6.2        -2.0
OCEAN:     309        -6.3        -2.0
OCEAN:     310        -6.5        -2.0
OCEAN:     311        -6.6        -1.9
OCEAN:     312        -6.7        -1.9
OCEAN:     313        -6.8        -1.9
OCEAN:     314        -6.9        -1.9
OCEAN:     315        -7.1        -1.9
OCEAN:     316        -7.2        -1.9
OCEAN:     317        -7.3        -1.9
OCEAN:     318        -7.4        -1.9
OCEAN:     319        -7.6        -1.8
OCEAN:     320        -7.7        -1.8
OCEAN:     321        -7.8        -1.8
OCEAN:     322        -7.9        -1.8
OCEAN:     323        -8.1        -1.8
OCEAN:     324        -8.2        -1.8
OCEAN:     325        -8.3        -1.8
OCEAN:     326        -8.4        -1.8
OCEAN:     327        -8.5        -1.8
OCEAN:     328        -8.7        -1.8
OCEAN:     329        -8.8        -1.8
OCEAN:     330        -8.9        -1.8
OCEAN:     331        -9.0        -1.8
OCEAN:     332        -9.1        -1.8
OCEAN:     333        -9.3        -1.8
OCEAN:     334        -9.4        -1.8
OCEAN:     335        -9.5        -1.8
OCEAN:     336        -9.6        -1.8
OCEAN:     337        -9.7        -1.8
OCEAN:     338        -9.8        -1.8
OCEAN:     339       -10.0        -1.8
OCEAN:     340       -10.1        -1.8
OCEAN:     341       -10.2        -1.8
OCEAN:     342       -10.3        -1.8
OCEAN:     343       -10.4        -1.8
OCEAN:     344       -10.5        -1.8
OCEAN:     345       -10.6        -1.8
OCEAN:     346       -10.7        -1.8
OCEAN:     347       -10.9        -1.8
OCEAN:     348       -11.0        -1.8
OCEAN:     349       -11.1        -1.8
OCEAN:     350       -11.2        -1.8
OCEAN:     351       -11.3        -1.8
OCEAN:     352       -11.4        -1.8
OCEAN:     353       -11.5        -1.8
OCEAN:     354       -11.6        -1.8
OCEAN:     355       -11.7        -1.8
OCEAN:     356       -11.8        -1.8
OCEAN:     357       -11.9        -1.8
OCEAN:     358       -12.0        -1.8
OCEAN:     359       -12.1        -1.8
OCEAN:     360       -12.2        -1.8
OCEAN:     361       -12.0        -1.2
OCEAN:     362       -11.9        -0.8
OCEAN:     363       -11.8        -0.3
OCEAN:     364       -11.7         0.0
OCEAN:     365       -11.6         0.4
OCEAN:     366       -11.6         0.7
OCEAN:     367       -11.5         1.0
OCEAN:     368       -11.5         1.2
OCEAN:     369       -11.5         1.4
OCEAN:     370       -11.5         1.6
OCEAN:     371       -11.5         1.8
OCEAN:     372       -11.5         1.9
OCEAN:     373       -11.5         2.1
OCEAN:     374       -11.5         2.2
OCEAN:     375       -11.5         2.3
OCEAN:     376       -11.6         2.4
OCEAN:     377       -11.6         2.5
OCEAN:     378       -11.6         2.6
OCEAN:     379       -11.7         2.7
OCEAN:     380       -11.7         2.7
OCEAN:     381       -11.8         2.8
OCEAN:     382       -11.8         2.8
OCEAN:     383       -11.9         2.9
OCEAN:     384       -12.0         2.9
OCEAN:     385       -12.0         3.0
OCEAN:     386       -12.1         3.0
OCEAN:     387       -12.1         3.0
OCEAN:     388       -12.2         3.0
OCEAN:     389       -12.3         3.1
OCEAN:     390       -12.3         3.1
OCEAN:     391       -12.4         3.1
OCEAN:     392       -12.4         3.1
OCEAN:     393       -12.5         3.1
OCEAN:     394       -12.5         3.2
OCEAN:     395       -12.6         3.2
OCEAN:     396       -12.7         3.2
OCEAN:     397       -12.7         3.2
OCEAN:     398       -12.8         3.2
OCEAN:     399       -12.8         3.2
OCEAN:     400       -12.9         3.2
OCEAN:     401       -12.9         3.2
OCEAN:     402       -13.0         3.2
OCEAN:     403       -13.1         3.2
OCEAN:     404       -13.1         3.2
OCEAN:     405       -13.2         3.2
OCEAN:     406       -13.2         3.2
OCEAN:     407       -13.3         3.2
OCEAN:     408       -13.3         3.2
OCEAN:     409       -13.4         3.3
OCEAN:     410       -13.4         3.3
OCEAN:     411       -13.5         3.3
OCEAN:     412       -13.5         3.3
OCEAN:     413       -13.5         3.3
OCEAN:     414       -13.6         3.3
OCEAN:     415       -13.6         3.3
OCEAN:     416       -13.7         3.3
OCEAN:     417       -13.7         3.3
OCEAN:     418       -13.7         3.3
OCEAN:     419       -13.8         3.3
OCEAN:     420       -13.8         3.3
OCEAN:     421       -13.9         3.3
OCEAN:     422       -13.9         3.3
OCEAN:     423       -13.9         3.3
OCEAN:     424       -14.0         3.3
OCEAN:     425       -14.0         3.3
OCEAN:     426       -14.0         3.3
OCEAN:     427       -14.0         3.3
OCEAN:     428       -14.1         3.3
OCEAN:     429       -14.1         3.3
OCEAN:     430       -14.1         3.3
OCEAN:     431       -14.1         3.3
OCEAN:     432       -14.2         3.3
OCEAN:     433       -14.1         3.5
OCEAN:     434       -14.0         3.8
OCEAN:     435       -13.9         4.0
OCEAN:     436       -13.8         4.2
OCEAN:     437       -13.7         4.3
OCEAN:     438       -13.7         4.5
OCEAN:     439       -13.6         4.6
OCEAN:     440       -13.6         4.8
OCEAN:     441       -13.5         4.9
OCEAN:     442       -13.5         5.0
OCEAN:     443       -13.4         5.1
OCEAN:     444       -13.4         5.1
OCEAN:     445       -13.4         5.2
OCEAN:     446       -13.4         5.3
OCEAN:     447       -13.3         5.3
OCEAN:     448       -13.3         5.4
OCEAN:     449       -13.3         5.4
OCEAN:     450       -13.3         5.5
OCEAN:     451       -13.3         5.5
OCEAN:     452       -13.2         5.5
OCEAN:     453       -13.2         5.6
OCEAN:     454       -13.2         5.6
OCEAN:     455       -13.2         5.6
OCEAN:     456       -13.2         5.6
OCEAN:     457       -13.1         5.6
OCEAN:     458       -13.1         5.7
OCEAN:     459       -13.1         5.7
OCEAN:     460       -13.1         5.7
OCEAN:     461       -13.1         5.7
OCEAN:     462       -13.1         5.7
OCEAN:     463       -13.0         5.7
OCEAN:     464       -13.0         5.7
OCEAN:     465       -13.0         5.7
OCEAN:     466       -13.0         5.7
OCEAN:     467       -12.9         5.7
OCEAN:     468       -12.9         5.8
OCEAN:     469       -12.9         5.8
OCEAN:     470       -12.9         5.8
OCEAN:     471       -12.8         5.8
OCEAN:     472       -12.8         5.8
OCEAN:     473       -12.8         5.8
OCEAN:     474       -12.8         5.8
OCEAN:     475       -12.7         5.8
OCEAN:     476       -12.7         5.8
OCEAN:     477       -12.7         5.8
OCEAN:     478       -12.6         5.8
OCEAN:     479       -12.6         5.8
OCEAN:     480       -12.6         5.8
OCEAN:     481       -12.5         5.8
OCEAN:     482       -12.5         5.8
OCEAN:     483       -12.4         5.8
OCEAN:     484       -12.4         5.8
OCEAN:     485       -12.4         5.8
OCEAN:     486       -12.3         5.8
OCEAN:     487       -12.3         5.8
OCEAN:     488       -12.2         5.8
OCEAN:     489       -12.2         5.8
OCEAN:     490       -12.1         5.8
OCEAN:     491       -12.1         5.8
OCEAN:     492       -12.0         5.8
OCEAN:     493       -12.0         5.8
OCEAN:     494       -11.9         5.8
OCEAN:     495       -11.9         5.8
OCEAN:     496       -11.8         5.8
OCEAN:     497       -11.8         5.8
OCEAN:     498       -11.7         5.8
OCEAN:     499       -11.7         5.8
OCEAN:     500       -11.6         5.8
OCEAN:     501       -11.5         5.8
OCEAN:     502       -11.5         5.8
OCEAN:     503       -11.4         5.8
OCEAN:     504       -11.4         5.8
OCEAN:     505       -11.5         5.3
OCEAN:     506       -11.7         4.9
OCEAN:     507       -11.8         4.6
OCEAN:     508       -11.9         4.2
OCEAN:     509       -12.0         3.9
OCEAN:     510       -12.0         3.7
OCEAN:     511       -12.1         3.4
OCEAN:     512       -12.1         3.2
OCEAN:     513       -12.1         3.0
OCEAN:     514       -12.1         2.9
OCEAN:     515       -12.1         2.7
OCEAN:     516       -12.1         2.6
OCEAN:     517       -12.1         2.4
OCEAN:     518       -12.1         2.3
OCEAN:     519       -12.1         2.2
OCEAN:     520       -12.0         2.2
OCEAN:     521       -12.0         2.1
OCEAN:     522       -11.9         2.0
OCEAN:     523       -11.9         1.9
OCEAN:     524       -11.8         1.9
OCEAN:     525       -11.8         1.8
OCEAN:     526       -11.7         1.8
OCEAN:     527       -11.6         1.8
OCEAN:     528       -11.6         1.7
OCEAN:     529       -11.5         1.7
OCEAN:     530       -11.4         1.7
OCEAN:     531       -11.4         1.6
OCEAN:     532       -11.3         1.6
OCEAN:     533       -11.2         1.6
OCEAN:     534       -11.1         1.6
OCEAN:     535       -11.0         1.6
OCEAN:     536       -10.9         1.5
OCEAN:     537       -10.8         1.5
OCEAN:     538       -10.8         1.5
OCEAN:     539       -10.7         1.5
OCEAN:     540       -10.6         1.5
OCEAN:     541       -10.5         1.5
OCEAN:     542       -10.4         1.5
OCEAN:     543       -10.3         1.5
OCEAN:     544       -10.2         1.5
OCEAN:     545       -10.1         1.5
OCEAN:     546       -10.0         1.5
OCEAN:     547        -9.9         1.4
OCEAN:     548        -9.8         1.4
OCEAN:     549        -9.7         1.4
OCEAN:     550        -9.6         1.4
OCEAN:     551        -9.5         1.4
OCEAN:     552        -9.4         1.4
OCEAN:     553        -9.2         1.4
OCEAN:     554        -9.1         1.4
OCEAN:     555        -9.0         1.4
OCEAN:     556        -8.9         1.4
OCEAN:     557        -8.8         1.4
OCEAN:     558        -8.7         1.4
OCEAN:     559        -8.6         1.4
OCEAN:     560        -8.5         1.4
OCEAN:     561        -8.4         1.4
OCEAN:     562        -8.2         1.4
OCEAN:     563        -8.1         1.4
OCEAN:     564        -8.0         1.4
OCEAN:     565        -7.9         1.4
OCEAN:     566        -7.8         1.4
OCEAN:     567        -7.7         1.4
OCEAN:     568        -7.5         1.4
OCEAN:     569        -7.4         1.4
OCEAN:     570        -7.3         1.4
OCEAN:     571        -7.2         1.4
OCEAN:     572        -7.0         1.4
OCEAN:     573        -6.9         1.4
OCEAN:     574        -6.8         1.4
OCEAN:     575        -6.7         1.4
OCEAN:     576        -6.6         1.4
OCEAN:     577        -6.9         0.5
OCEAN:     578        -7.2        -0.4
OCEAN:     579        -7.5        -1.1
OCEAN:     580        -7.7        -1.8
OCEAN:     581        -7.8        -2.4
OCEAN:     582        -8.0        -3.0
OCEAN:     583        -8.1        -3.5
OCEAN:     584        -8.2        -3.9
OCEAN:     585        -8.3        -4.3
OCEAN:     586        -8.3        -4.6
OCEAN:     587        -8.3        -4.9
OCEAN:     588        -8.3        -5.2
OCEAN:     589        -8.3        -5.5
OCEAN:     590        -8.3        -5.7
OCEAN:     591        -8.3        -5.9
OCEAN:     592        -8.2        -6.1
OCEAN:     593        -8.2        -6.2
OCEAN:     594        -8.1        -6.4
OCEAN:     595        -8.1        -6.5
OCEAN:     596        -8.0        -6.6
OCEAN:     597        -7.9        -6.7
OCEAN:     598        -7.8        -6.8
OCEAN:     599        -7.7        -6.9
OCEAN:     600        -7.6        -7.0
OCEAN:     601        -7.5        -7.0
OCEAN:     602        -7.4        -7.1
OCEAN:     603        -7.3        -7.1
OCEAN:     604        -7.2        -7.2
OCEAN:     605        -7.1        -7.2
OCEAN:     606        -7.0        -7.3
OCEAN:     607        -6.8        -7.3
OCEAN:     608        -6.7        -7.3
OCEAN:     609        -6.6        -7.4
OCEAN:     610        -6.5        -7.4
OCEAN:     611        -6.3        -7.4
OCEAN:     612        -6.2        -7.4
OCEAN:     613        -6.1        -7.4
OCEAN:     614        -6.0        -7.5
OCEAN:     615        -5.8        -7.5
OCEAN:     616        -5.7        -7.5
OCEAN:     617        -5.6        -7.5
OCEAN:     618        -5.4        -7.5
OCEAN:     619        -5.3        -7.5
OCEAN:     620        -5.2        -7.5
OCEAN:     621        -5.0        -7.5
OCEAN:     622        -4.9        -7.5
OCEAN:     623        -4.7        -7.5
OCEAN:     624        -4.6        -7.5
OCEAN:     625        -4.5        -7.5
OCEAN:     626        -4.3        -7.6
OCEAN:     627        -4.2        -7.6
OCEAN:     628        -4.1        -7.6
OCEAN:     629        -3.9        -7.6
OCEAN:     630        -3.8        -7.6
OCEAN:     631        -3.6        -7.6
OCEAN:     632        -3.5        -7.6
OCEAN:     633        -3.4        -7.6
OCEAN:     634        -3.2        -7.6
OCEAN:     635        -3.1        -7.6
OCEAN:     636        -3.0        -7.6
OCEAN:     637        -2.8        -7.6
OCEAN:     638        -2.7        -7.6
OCEAN:     639        -2.5        -7.6
OCEAN:     640        -2.4        -7.6
OCEAN:     641        -2.3        -7.6
OCEAN:     642        -2.1        -7.6
OCEAN:     643        -2.0        -7.6
OCEAN:     644        -1.8        -7.6
OCEAN:     645        -1.7        -7.6
OCEAN:     646        -1.6        -7.6
OCEAN:     647        -1.4        -7.6
OCEAN:     648        -1.3        -7.6
OCEAN:     649        -1.5        -8.3
OCEAN:     650        -1.7        -8.9
OCEAN:     651        -1.8        -9.4
OCEAN:     652        -1.9        -9.9
OCEAN:     653        -2.0       -10.3
OCEAN:     654        -2.0       -10.7
OCEAN:     655        -2.1       -11.1
OCEAN:     656        -2.1       -11.4
OCEAN:     657        -2.1       -11.7
OCEAN:     658        -2.1       -11.9
OCEAN:     659        -2.1       -12.1
OCEAN:     660        -2.0       -12.3
OCEAN:     661        -2.0       -12.5
OCEAN:     662        -1.9       -12.7
OCEAN:     663        -1.9       -12.8
OCEAN:     664        -1.8       -12.9
OCEAN:     665        -1.7       -13.1
OCEAN:     666        -1.6       -13.2
OCEAN:     667        -1.5       -13.3
OCEAN:     668        -1.5       -13.3
OCEAN:     669        -1.4       -13.4
OCEAN:     670        -1.3       -13.5
OCEAN:     671        -1.2       -13.5
OCEAN:     672        -1.1       -13.6
OCEAN:     673        -1.0       -13.6
OCEAN:     674        -0.8       -13.7
OCEAN:     675        -0.7       -13.7
OCEAN:     676        -0.6       -13.7
OCEAN:     677        -0.5       -13.8
OCEAN:     678        -0.4       -13.8
OCEAN:     679        -0.3       -13.8
OCEAN:     680        -0.2       -13.8
OCEAN:     681        -0.0       -13.9
OCEAN:     682         0.1       -13.9
OCEAN:     683         0.2       -13.9
OCEAN:     684         0.3       -13.9
OCEAN:     685         0.4       -13.9
OCEAN:     686         0.5       -13.9
OCEAN:     687         0.7       -13.9
OCEAN:     688         0.8       -14.0
OCEAN:     689         0.9       -14.0
OCEAN:     690         1.0       -14.0
OCEAN:     691         1.1       -14.0
OCEAN:     692         1.2       -14.0
OCEAN:     693         1.4       -14.0
OCEAN:     694         1.5       -14.0
OCEAN:     695         1.6       -14.0
OCEAN:     696         1.7       -14.0
OCEAN:     697         1.8       -14.0
OCEAN:     698         1.9       -14.0
OCEAN:     699         2.1       -14.0
OCEAN:     700         2.2       -14.0
OCEAN:     701         2.3       -14.0
OCEAN:     702         2.4       -14.0
OCEAN:     703         2.5       -14.0
OCEAN:     704         2.6       -14.0
OCEAN:     705         2.7       -14.0
OCEAN:     706         2.8       -14.0
OCEAN:     707         2.9       -14.0
OCEAN:     708         3.1       -14.0
OCEAN:     709         3.2       -14.0
OCEAN:     710         3.3       -14.0
OCEAN:     711         3.4       -14.0
OCEAN:     712         3.5       -14.0
OCEAN:     713         3.6       -14.0
OCEAN:     714         3.7       -14.0
OCEAN:     715         3.8       -14.0
OCEAN:     716         3.9       -14.0
OCEAN:     717         4.0       -14.0
OCEAN:     718         4.1       -14.0
OCEAN:     719         4.2       -14.0
OCEAN:     720         4.3       -14.0
OCEAN:     721         4.5       -13.8
OCEAN:     722         4.8       -13.5
OCEAN:     723         5.0       -13.3
OCEAN:     724         5.2       -13.1
OCEAN:     725         5.3       -12.9
OCEAN:     726         5.5       -12.8
OCEAN:     727         5.7       -12.6
OCEAN:     728         5.8       -12.5
OCEAN:     729         6.0       -12.4
OCEAN:     730         6.1       -12.3
OCEAN:     731         6.3       -12.2
OCEAN:     732         6.4       -12.1
OCEAN:     733         6.5       -12.0
OCEAN:     734         6.6       -12.0
OCEAN:     735         6.7       -11.9
OCEAN:     736         6.9       -11.8
OCEAN:     737         7.0       -11.8
OCEAN:     738         7.1       -11.8
OCEAN:     739         7.2       -11.7
OCEAN:     740         7.3       -11.7
OCEAN:     741         7.4       -11.7
OCEAN:     742         7.4       -11.6
OCEAN:     743         7.5       -11.6
OCEAN:     744         7.6       -11.6
OCEAN:     745         7.7       -11.6
OCEAN:     746         7.8       -11.6
OCEAN:     747         7.9       -11.5
OCEAN:     748         8.0       -11.5
OCEAN:     749         8.0       -11.5
OCEAN:     750         8.1       -11.5
OCEAN:     751         8.2       -11.5
OCEAN:     752         8.3       -11.5
OCEAN:     753         8.3       -11.5
OCEAN:     754         8.4       -11.5
OCEAN:     755         8.5       -11.5
OCEAN:     756         8.5       -11.5
OCEAN:     757         8.6       -11.4
OCEAN:     758         8.7       -11.4
OCEAN:     759         8.7       -11.4
OCEAN:     760         8.8       -11.4
OCEAN:     761         8.8       -11.4
OCEAN:     762         8.9       -11.4
OCEAN:     763         9.0       -11.4
OCEAN:     764         9.0       -11.4
OCEAN:     765         9.1       -11.4
OCEAN:     766         9.1       -11.4
OCEAN:     767         9.2       -11.4
OCEAN:     768         9.2       -11.4
OCEAN:     769         9.3       -11.4
OCEAN:     770         9.3       -11.4
OCEAN:     771         9.4       -11.4
OCEAN:     772         9.4       -11.4
OCEAN:     773         9.5       -11.4
OCEAN:     774         9.5       -11.4
OCEAN:     775         9.6       -11.4
OCEAN:     776         9.6       -11.4
OCEAN:     777         9.6       -11.4
OCEAN:     778         9.7       -11.4
OCEAN:     779         9.7       -11.4
OCEAN:     780         9.8       -11.4
OCEAN:     781         9.8       -11.4
OCEAN:     782         9.8       -11.4
OCEAN:     783         9.9       -11.4
OCEAN:     784         9.9       -11.4
OCEAN:     785         9.9       -11.4
OCEAN:     786         9.9       -11.4
OCEAN:     787        10.0       -11.4
OCEAN:     788        10.0       -11.4
OCEAN:     789        10.0       -11.4
OCEAN:     790        10.1       -11.4
OCEAN:     791        10.1       -11.4
OCEAN:     792        10.1       -11.4
OCEAN:     793        10.7       -10.2
OCEAN:     794        11.3        -9.1
OCEAN:     795        11.8        -8.1
OCEAN:     796        12.3        -7.2
OCEAN:     797        12.7        -6.4
OCEAN:     798        13.0        -5.7
OCEAN:     799        13.4        -5.1
OCEAN:     800        13.7        -4.6
OCEAN:     801        13.9        -4.1
OCEAN:     802        14.2        -3.6
OCEAN:     803        14.4        -3.2
OCEAN:     804        14.6        -2.8
OCEAN:     805        14.7        -2.5
OCEAN:     806        14.9        -2.2
OCEAN:     807        15.0        -2.0
OCEAN:     808        15.1        -1.7
OCEAN:     809        15.2        -1.5
OCEAN:     810        15.3        -1.4
OCEAN:     811        15.4        -1.2
OCEAN:     812        15.5        -1.0
OCEAN:     813        15.5        -0.9
OCEAN:     814        15.6        -0.8
OCEAN:     815        15.6        -0.7
OCEAN:     816        15.7        -0.6
OCEAN:     817        15.7        -0.5
OCEAN:     818        15.7        -0.4
OCEAN:     819        15.8        -0.4
OCEAN:     820        15.8        -0.3
OCEAN:     821        15.8        -0.2
OCEAN:     822        15.8        -0.2
OCEAN:     823        15.8        -0.1
OCEAN:     824        15.8        -0.1
OCEAN:     825        15.8        -0.1
OCEAN:     826        15.8        -0.0
OCEAN:     827        15.8        -0.0
OCEAN:     828        15.8         0.0
OCEAN:     829        15.8         0.0
OCEAN:     830        15.8         0.1
OCEAN:     831        15.8         0.1
OCEAN:     832        15.7         0.1
OCEAN:     833        15.7         0.1
OCEAN:     834        15.7         0.1
OCEAN:     835        15.7         0.1
OCEAN:     836        15.7         0.1
OCEAN:     837        15.6         0.1
OCEAN:     838        15.6         0.2
OCEAN:     839        15.6         0.2
OCEAN:     840        15.5         0.2
OCEAN:     841        15.5         0.2
OCEAN:     842        15.5         0.2
OCEAN:     843        15.4         0.2
OCEAN:     844        15.4         0.2
OCEAN:     845        15.4         0.2
OCEAN:     846        15.3         0.2
OCEAN:     847        15.3         0.2
OCEAN:     848        15.2         0.2
OCEAN:     849        15.2         0.2
OCEAN:     850        15.1         0.2
OCEAN:     851        15.1         0.2
OCEAN:     852        15.0         0.2
OCEAN:     853        15.0         0.2
OCEAN:     854        14.9         0.2
OCEAN:     855        14.9         0.2
OCEAN:     856        14.8         0.2
OCEAN:     857        14.8         0.2
OCEAN:     858        14.7         0.2
OCEAN:     859        14.7         0.2
OCEAN:     860        14.6         0.2
OCEAN:     861        14.5         0.2
OCEAN:     862        14.5         0.2
OCEAN:     863        14.4         0.2
OCEAN:     864        14.4         0.2
OCEAN:     865        15.0         1.6
OCEAN:     866        15.6         2.9
OCEAN:     867        16.1         4.0
OCEAN:     868        16.5         5.0
OCEAN:     869        16.9         5.9
OCEAN:     870        17.2         6.7
OCEAN:     871        17.5         7.4
OCEAN:     872        17.7         8.1
OCEAN:     873        18.0         8.6
OCEAN:     874        18.1         9.1
OCEAN:     875        18.3         9.6
OCEAN:     876        18.4        10.0
OCEAN:     877        18.5        10.4
OCEAN:     878        18.6        10.7
OCEAN:     879        18.7        11.0
OCEAN:     880        18.7        11.3
OCEAN:     881        18.8        11.5
OCEAN:     882        18.8        11.7
OCEAN:     883        18.8        11.9
OCEAN:     884        18.8        12.1
OCEAN:     885        18.8        12.2
OCEAN:     886        18.8        12.4
OCEAN:     887        18.8        12.5
OCEAN:     888        18.7        12.6
OCEAN:     889        18.7        12.7
OCEAN:     890        18.6        12.8
OCEAN:     891        18.6        12.9
OCEAN:     892        18.5        12.9
OCEAN:     893        18.5        13.0
OCEAN:     894        18.4        13.0
OCEAN:     895        18.3        13.1
OCEAN:     896        18.3        13.1
OCEAN:     897        18.2        13.2
OCEAN:     898        18.1        13.2
OCEAN:     899        18.0        13.3
OCEAN:     900        18.0        13.3
OCEAN:     901        17.9        13.3
OCEAN:     902        17.8        13.3
OCEAN:     903        17.7        13.3
OCEAN:     904        17.6        13.4
OCEAN:     905        17.5        13.4
OCEAN:     906        17.4        13.4
OCEAN:     907        17.3        13.4
OCEAN:     908        17.2        13.4
OCEAN:     909        17.1        13.4
OCEAN:     910        17.0        13.4
OCEAN:     911        16.9        13.5
OCEAN:     912        16.8        13.5
OCEAN:     913        16.7        13.5
OCEAN:     914        16.6        13.5
OCEAN:     915        16.5        13.5
OCEAN:     916        16.4        13.5
OCEAN:     917        16.3        13.5
OCEAN:     918        16.2        13.5
OCEAN:     919        16.0        13.5
OCEAN:     920        15.9        13.5
OCEAN:     921        15.8        13.5
OCEAN:     922        15.7        13.5
OCEAN:     923        15.6        13.5
OCEAN:     924        15.5        13.5
OCEAN:     925        15.4        13.5
OCEAN:     926        15.2        13.5
OCEAN:     927        15.1        13.5
OCEAN:     928        15.0        13.5
OCEAN:     929        14.9        13.5
OCEAN:     930        14.8        13.5
OCEAN:     931        14.6        13.5
OCEAN:     932        14.5        13.5
OCEAN:     933        14.4        13.5
OCEAN:     934        14.3        13.5
OCEAN:     935        14.1        13.5
OCEAN:     936        14.0        13.5
OCEAN:     937        14.2        14.1
OCEAN:     938        14.3        14.6
OCEAN:     939        14.4        15.1
OCEAN:     940        14.5        15.5
OCEAN:     941        14.6        15.9
OCEAN:     942        14.6        16.2
OCEAN:     943        14.6        16.5
OCEAN:     944        14.6        16.8
OCEAN:     945        14.6        17.0
OCEAN:     946        14.6        17.2
OCEAN:     947        14.6        17.4
OCEAN:     948        14.5        17.6
OCEAN:     949        14.5        17.8
OCEAN:     950        14.4        17.9
OCEAN:     951        14.4        18.0
OCEAN:     952        14.3        18.1
OCEAN:     953        14.2        18.2
OCEAN:     954        14.1        18.3
OCEAN:     955        14.0        18.4
OCEAN:     956        13.9        18.5
OCEAN:     957        13.8        18.5
OCEAN:     958        13.7        18.6
OCEAN:     959        13.6        18.6
OCEAN:     960        13.5        18.7
OCEAN:     961        13.4        18.7
OCEAN:     962        13.2        18.8
OCEAN:     963        13.1        18.8
OCEAN:     964        13.0        18.8
OCEAN:     965        12.9        18.8
OCEAN:     966        12.8        18.9
OCEAN:     967        12.6        18.9
OCEAN:     968        12.5        18.9
OCEAN:     969        12.4        18.9
OCEAN:     970        12.2        18.9
OCEAN:     971        12.1        19.0
OCEAN:     972        12.0        19.0
OCEAN:     973        11.9        19.0
OCEAN:     974        11.7        19.0
OCEAN:     975        11.6        19.0
OCEAN:     976        11.5        19.0
OCEAN:     977        11.3        19.0
OCEAN:     978        11.2        19.0
OCEAN:     979        11.0        19.0
OCEAN:     980        10.9        19.0
OCEAN:     981        10.8        19.0
OCEAN:     982        10.6        19.0
OCEAN:     983        10.5        19.0
OCEAN:     984        10.4        19.0
OCEAN:     985        10.2        19.0
OCEAN:     986        10.1        19.0
OCEAN:     987         9.9        19.0
OCEAN:     988         9.8        19.0
OCEAN:     989         9.7        19.1
OCEAN:     990         9.5        19.1
OCEAN:     991         9.4        19.1
OCEAN:     992         9.2        19.1
OCEAN:     993         9.1        19.1
OCEAN:     994         9.0        19.1
OCEAN:     995         8.8        19.1
OCEAN:     996         8.7        19.1
OCEAN:     997         8.6        19.1
OCEAN:     998         8.4        19.1
OCEAN:     999         8.3        19.1
OCEAN:    1000         8.1        19.1
OCEAN:    1001         8.0        19.1
OCEAN:    1002         7.9        19.1
OCEAN:    1003         7.7        19.1
OCEAN:    1004         7.6        19.1
OCEAN:    1005         7.4        19.1
OCEAN:    1006         7.3        19.1
OCEAN:    1007         7.2        19.1
OCEAN:    1008         7.0        19.1
OCEAN:    1009         6.5        18.4
OCEAN:    1010         6.1        17.8
OCEAN:    1011         5.7        17.2
OCEAN:    1012         5.3        16.7
OCEAN:    1013         4.9        16.3
OCEAN:    1014         4.6        15.9
OCEAN:    1015         4.3        15.5
OCEAN:    1016         4.0        15.2
OCEAN:    1017         3.7        14.9
OCEAN:    1018         3.5        14.7
OCEAN:    1019         3.2        14.4
OCEAN:    1020         3.0        14.2
OCEAN:    1021         2.8        14.1
OCEAN:    1022         2.5        13.9
OCEAN:    1023         2.3        13.8
OCEAN:    1024         2.1        13.6
OCEAN:    1025         1.9        13.5
OCEAN:    1026         1.8        13.4
OCEAN:    1027         1.6        13.3
OCEAN:    1028         1.4        13.2
OCEAN:    1029         1.2        13.2
OCEAN:    1030         1.1        13.1
OCEAN:    1031         0.9        13.0
OCEAN:    1032         0.8        13.0
OCEAN:    1033         0.6        12.9
OCEAN:    1034         0.4        12.9
OCEAN:    1035         0.3        12.8
OCEAN:    1036         0.2        12.8
OCEAN:    1037         0.0        12.8
OCEAN:    1038        -0.1        12.8
OCEAN:    1039        -0.3        12.7
OCEAN:    1040        -0.4        12.7
OCEAN:    1041        -0.5        12.7
OCEAN:    1042        -0.7        12.7
OCEAN:    1043        -0.8        12.7
OCEAN:    1044        -0.9        12.6
OCEAN:    1045        -1.1        12.6
OCEAN:    1046        -1.2        12.6
OCEAN:    1047        -1.3        12.6
OCEAN:    1048        -1.5        12.6
OCEAN:    1049        -1.6        12.6
OCEAN:    1050        -1.7        12.6
OCEAN:    1051        -1.8        12.6
OCEAN:    1052        -2.0        12.6
OCEAN:    1053        -2.1        12.6
OCEAN:    1054        -2.2        12.6
OCEAN:    1055        -2.3        12.6
OCEAN:    1056        -2.4        12.6
OCEAN:    1057        -2.6        12.5
OCEAN:    1058        -2.7        12.5
OCEAN:    1059        -2.8        12.5
OCEAN:    1060        -2.9        12.5
OCEAN:    1061        -3.0        12.5
OCEAN:    1062        -3.1        12.5
OCEAN:    1063        -3.2        12.5
OCEAN:    1064        -3.4        12.5
OCEAN:    1065        -3.5        12.5
OCEAN:    1066        -3.6        12.5
OCEAN:    1067        -3.7        12.5
OCEAN:    1068        -3.8        12.5
OCEAN:    1069        -3.9        12.5
OCEAN:    1070        -4.0        12.5
OCEAN:    1071        -4.1        12.5
OCEAN:    1072        -4.2        12.5
OCEAN:    1073        -4.3        12.5
OCEAN:    1074        -4.4        12.5
OCEAN:    1075        -4.5        12.5
OCEAN:    1076        -4.6        12.5
OCEAN:    1077        -4.8        12.5
OCEAN:    1078        -4.9        12.5
OCEAN:    1079        -5.0        12.5
OCEAN:    1080        -5.1        12.5
OCEAN:    1081        -5.9        11.0
OCEAN:    1082        -6.7         9.7
OCEAN:    1083        -7.4         8.4
OCEAN:    1084        -8.0         7.4
OCEAN:    1085        -8.6         6.4
OCEAN:    1086        -9.1         5.5
OCEAN:    1087        -9.6         4.7
OCEAN:    1088       -10.1         4.0
OCEAN:    1089       -10.5         3.4
OCEAN:    1090       -10.8         2.9
OCEAN:    1091       -11.2         2.4
OCEAN:    1092       -11.5         1.9
OCEAN:    1093       -11.8         1.5
OCEAN:    1094       -12.0         1.2
OCEAN:    1095       -12.3         0.9
OCEAN:    1096       -12.5         0.6
OCEAN:    1097       -12.7         0.3
OCEAN:    1098       -12.9         0.1
OCEAN:    1099       -13.1        -0.1
OCEAN:    1100       -13.3        -0.3
OCEAN:    1101       -13.4        -0.5
OCEAN:    1102       -13.6        -0.6
OCEAN:    1103       -13.7        -0.7
OCEAN:    1104       -13.9        -0.9
OCEAN:    1105       -14.0        -1.0
OCEAN:    1106       -14.1        -1.1
OCEAN:    1107       -14.2        -1.1
OCEAN:    1108       -14.3        -1.2
OCEAN:    1109       -14.4        -1.3
OCEAN:    1110       -14.5        -1.4
OCEAN:    1111       -14.6        -1.4
OCEAN:    1112       -14.7        -1.5
OCEAN:    1113       -14.8        -1.5
OCEAN:    1114       -14.9        -1.5
OCEAN:    1115       -15.0        -1.6
OCEAN:    1116       -15.1        -1.6
OCEAN:    1117       -15.1        -1.6
OCEAN:    1118       -15.2        -1.7
OCEAN:    1119       -15.3        -1.7
OCEAN:    1120       -15.3        -1.7
OCEAN:    1121       -15.4        -1.7
OCEAN:    1122       -15.5        -1.7
OCEAN:    1123       -15.5        -1.7
OCEAN:    1124       -15.6        -1.8
OCEAN:    1125       -15.7        -1.8
OCEAN:    1126       -15.7        -1.8
OCEAN:    1127       -15.8        -1.8
OCEAN:    1128       -15.8        -1.8
OCEAN:    1129       -15.9        -1.8
OCEAN:    1130       -15.9        -1.8
OCEAN:    1131       -16.0        -1.8
OCEAN:    1132       -16.0        -1.8
OCEAN:    1133       -16.1        -1.8
OCEAN:    1134       -16.1        -1.8
OCEAN:    1135       -16.2        -1.8
OCEAN:    1136       -16.2        -1.8
OCEAN:    1137       -16.3        -1.8
OCEAN:    1138       -16.3        -1.8
OCEAN:    1139       -16.3        -1.8
OCEAN:    1140       -16.4        -1.8
OCEAN:    1141       -16.4        -1.8
OCEAN:    1142       -16.4        -1.8
OCEAN:    1143       -16.5        -1.9
OCEAN:    1144       -16.5        -1.9
OCEAN:    1145       -16.5        -1.9
OCEAN:    1146       -16.6        -1.9
OCEAN:    1147       -16.6        -1.9
OCEAN:    1148       -16.6        -1.9
OCEAN:    1149       -16.7        -1.9
OCEAN:    1150       -16.7        -1.9
OCEAN:    1151       -16.7        -1.9
OCEAN:    1152       -16.7        -1.9
OCEAN:    1153       -17.4        -3.2
OCEAN:    1154       -18.0        -4.3
OCEAN:    1155       -18.6        -5.4
OCEAN:    1156       -19.0        -6.3
OCEAN:    1157       -19.5        -7.2
OCEAN:    1158       -19.9        -7.9
OCEAN:    1159       -20.2        -8.6
OCEAN:    1160       -20.5        -9.2
OCEAN:    1161       -20.8        -9.7
OCEAN:    1162       -21.1       -10.2
OCEAN:    1163       -21.3       -10.7
OCEAN:    1164       -21.5       -11.0
OCEAN:    1165       -21.7       -11.4
OCEAN:    1166       -21.8       -11.7
OCEAN:    1167       -22.0       -12.0
OCEAN:    1168       -22.1       -12.2
OCEAN:    1169       -22.2       -12.4
OCEAN:    1170       -22.3       -12.6
OCEAN:    1171       -22.4       -12.8
OCEAN:    1172       -22.5       -13.0
OCEAN:    1173       -22.6       -13.1
OCEAN:    1174       -22.6       -13.2
OCEAN:    1175       -22.7       -13.4
OCEAN:    1176       -22.7       -13.5
OCEAN:    1177       -22.7       -13.6
OCEAN:    1178       -22.8       -13.6
OCEAN:    1179       -22.8       -13.7
OCEAN:    1180       -22.8       -13.8
OCEAN:    1181       -22.8       -13.8
OCEAN:    1182       -22.9       -13.9
OCEAN:    1183       -22.9       -13.9
OCEAN:    1184       -22.9       -14.0
OCEAN:    1185       -22.9       -14.0
OCEAN:    1186       -22.9       -14.0
OCEAN:    1187       -22.9       -14.1
OCEAN:    1188       -22.9       -14.1
OCEAN:    1189       -22.8       -14.1
OCEAN:    1190       -22.8       -14.1
OCEAN:    1191       -22.8       -14.2
OCEAN:    1192       -22.8       -14.2
OCEAN:    1193       -22.8       -14.2
OCEAN:    1194       -22.8       -14.2
OCEAN:    1195       -22.7       -14.2
OCEAN:    1196       -22.7       -14.2
OCEAN:    1197       -22.7       -14.2
OCEAN:    1198       -22.7       -14.3
OCEAN:    1199       -22.6       -14.3
OCEAN:    1200       -22.6       -14.3
