OCEAN:       0        11.8         1.0
OCEAN:       1        11.9         1.0
OCEAN:       2        12.0         1.0
OCEAN:       3        12.1         1.0
OCEAN:       4        12.2         1.0
OCEAN:       5        12.3         1.0
OCEAN:       6        12.4         1.0
OCEAN:       7        12.5         1.0
OCEAN:       8        12.6         1.0
OCEAN:       9        12.7         1.0
OCEAN:      10        12.8         1.0
OCEAN:      11        12.8         1.0
OCEAN:      12        12.9         1.0
OCEAN:      13        13.0         1.0
OCEAN:      14        13.1         1.0
OCEAN:      15        13.2         1.0
OCEAN:      16        13.3         1.0
OCEAN:      17        13.4         1.0
OCEAN:      18        13.4         1.0
OCEAN:      19        13.5         1.0
OCEAN:      20        13.6         1.0
OCEAN:      21        13.7         1.0
OCEAN:      22        13.8         1.0
OCEAN:      23        13.8         1.0
OCEAN:      24        13.9         1.0
OCEAN:      25        14.0         1.0
OCEAN:      26        14.1         1.0
OCEAN:      27        14.1         1.0
OCEAN:      28        14.2         1.0
OCEAN:      29        14.3         1.0
OCEAN:      30        14.4         1.0
OCEAN:      31        14.4         1.0
OCEAN:      32        14.5         1.0
OCEAN:      33        14.6         1.0
OCEAN:      34        14.6         1.0
OCEAN:      35        14.7         1.0
OCEAN:      36        15.3         2.0
OCEAN:      37        15.3         2.0
OCEAN:      38        15.4         2.0
OCEAN:      39        15.4         2.0
OCEAN:      40        15.5         2.0
OCEAN:      41        15.6         2.0
OCEAN:      42        15.6         2.0
OCEAN:      43        15.7         2.0
OCEAN:      44        15.7         2.0
OCEAN:      45        15.8         2.0
OCEAN:      46        15.8         2.0
OCEAN:      47        15.9         2.0
OCEAN:      48        15.9         2.0
OCEAN:      49        16.0         2.0
OCEAN:      50        16.0         2.0
OCEAN:      51        16.1         2.0
OCEAN:      52        16.1         2.0
OCEAN:      53        16.2         2.0
OCEAN:      54        16.2         2.0
OCEAN:      55        16.3         2.0
OCEAN:      56        16.3         2.0
OCEAN:      57        16.3         2.0
OCEAN:      58        16.4         2.0
OCEAN:      59        16.4         2.0
OCEAN:      60        16.5         2.0
OCEAN:      61        16.5         2.0
OCEAN:      62        16.5         2.0
OCEAN:      63        16.6         2.0
OCEAN:      64        16.6         2.0
OCEAN:      65        16.6         2.0
OCEAN:      66        16.7         2.0
OCEAN:      67        16.7         2.0
OCEAN:      68        16.7         2.0
OCEAN:      69        16.7         2.0
OCEAN:      70        16.8         2.0
OCEAN:      71        16.8         2.0
OCEAN:      72        17.0         2.4
OCEAN:      73        17.0         2.4
OCEAN:      74        17.1         2.4
OCEAN:      75        17.1         2.4
OCEAN:      76        17.1         2.4
OCEAN:      77        17.1         2.4
OCEAN:      78        17.1         2.4
OCEAN:      79        17.1         2.4
OCEAN:      80        17.2         2.4
OCEAN:      81        17.2         2.4
OCEAN:      82        17.2         2.4
OCEAN:      83        17.2         2.4
OCEAN:      84        17.2         2.4
OCEAN:      85        17.2         2.4
OCEAN:      86        17.2         2.4
OCEAN:      87        17.2         2.4
OCEAN:      88        17.2         2.4
OCEAN:      89        17.2         2.4
OCEAN:      90        17.2         2.4
OCEAN:      91        17.2         2.4
OCEAN:      92        17.2         2.4
OCEAN:      93        17.2         2.4
OCEAN:      94        17.2         2.4
OCEAN:      95        17.2         2.4
OCEAN:      96        17.2         2.4
OCEAN:      97        17.2         2.4
OCEAN:      98        17.2         2.4
OCEAN:      99        17.2         2.4
OCEAN:     100        17.2         2.4
OCEAN:     101        17.1         2.4
OCEAN:     102        17.1         2.4
OCEAN:     103        17.1         2.4
OCEAN:     104        17.1         2.4
OCEAN:     105        17.1         2.4
OCEAN:     106        17.1         2.4
OCEAN:     107        17.0         2.4
OCEAN:     108        17.2         2.9
OCEAN:     109        17.2         2.9
OCEAN:     110        17.2         2.9
OCEAN:     111        17.2         2.9
OCEAN:     112        17.1         2.9
OCEAN:     113        17.1         2.9
OCEAN:     114        17.1         2.9
OCEAN:     115        17.1         2.9
OCEAN:     116        17.0         2.9
OCEAN:     117        17.0         2.9
OCEAN:     118        17.0         2.9
OCEAN:     119        16.9         2.9
OCEAN:     120        16.9         2.9
OCEAN:     121        16.9         2.9
OCEAN:     122        16.8         2.9
OCEAN:     123        16.8         2.9
OCEAN:     124        16.7         2.9
OCEAN:     125        16.7         2.9
OCEAN:     126        16.7         2.9
OCEAN:     127        16.6         2.9
OCEAN:     128        16.6         2.9
OCEAN:     129        16.5         2.9
OCEAN:     130        16.5         2.9
OCEAN:     131        16.4         2.9
OCEAN:     132        16.4         2.9
OCEAN:     133        16.3         2.9
OCEAN:     134        16.3         2.9
OCEAN:     135        16.2         2.9
OCEAN:     136        16.2         2.9
OCEAN:     137        16.1         2.9
OCEAN:     138        16.1         2.9
OCEAN:     139        16.0         2.9
OCEAN:     140        15.9         2.9
OCEAN:     141        15.9         2.9
OCEAN:     142        15.8         2.9
OCEAN:     143        15.8         2.9
OCEAN:     144        15.0         1.4
OCEAN:     145        14.9         1.4
OCEAN:     146        14.8         1.4
OCEAN:     147        14.8         1.4
OCEAN:     148        14.7         1.4
OCEAN:     149        14.6         1.4
OCEAN:     150        14.6         1.4
OCEAN:     151        14.5         1.4
OCEAN:     152        14.4         1.4
OCEAN:     153        14.3         1.4
OCEAN:     154        14.3         1.4
OCEAN:     155        14.2         1.4
OCEAN:     156        14.1         1.4
OCEAN:     157        14.0         1.4
OCEAN:     158        14.0         1.4
OCEAN:     159        13.9         1.4
OCEAN:     160        13.8         1.4
OCEAN:     161        13.7         1.4
OCEAN:     162        13.6         1.4
OCEAN:     163        13.6         1.4
OCEAN:     164        13.5         1.4
OCEAN:     165        13.4         1.4
OCEAN:     166        13.3         1.4
OCEAN:     167        13.2         1.4
OCEAN:     168        13.1         1.4
OCEAN:     169        13.0         1.4
OCEAN:     170        13.0         1.4
OCEAN:     171        12.9         1.4
OCEAN:     172        12.8         1.4
OCEAN:     173        12.7         1.4
OCEAN:     174        12.6         1.4
OCEAN:     175        12.5         1.4
OCEAN:     176        12.4         1.4
OCEAN:     177        12.3         1.4
OCEAN:     178        12.2         1.4
OCEAN:     179        12.1         1.4
OCEAN:     180        11.3        -0.1
OCEAN:     181        11.2        -0.1
OCEAN:     182        11.1        -0.1
OCEAN:     183        11.0        -0.1
OCEAN:     184        10.9        -0.1
OCEAN:     185        10.8        -0.1
OCEAN:     186        10.7        -0.1
OCEAN:     187        10.6        -0.1
OCEAN:     188        10.4        -0.1
OCEAN:     189        10.3        -0.1
OCEAN:     190        10.2        -0.1
OCEAN:     191        10.1        -0.1
OCEAN:     192        10.0        -0.1
OCEAN:     193         9.9        -0.1
OCEAN:     194         9.8        -0.1
OCEAN:     195         9.7        -0.1
OCEAN:     196         9.6        -0.1
OCEAN:     197         9.5        -0.1
OCEAN:     198         9.4        -0.1
OCEAN:     199         9.2        -0.1
OCEAN:     200         9.1        -0.1
OCEAN:     201         9.0        -0.1
OCEAN:     202         8.9        -0.1
OCEAN:     203         8.8        -0.1
OCEAN:     204         8.7        -0.1
OCEAN:     205         8.5        -0.1
OCEAN:     206         8.4        -0.1
OCEAN:     207         8.3        -0.1
OCEAN:     208         8.2        -0.1
OCEAN:     209         8.1        -0.1
OCEAN:     210         8.0        -0.1
OCEAN:     211         7.8        -0.1
OCEAN:     212         7.7        -0.1
OCEAN:     213         7.6        -0.1
OCEAN:     214         7.5        -0.1
OCEAN:     215         7.3        -0.1
OCEAN:     216         6.2        -2.0
OCEAN:     217         6.1        -2.0
OCEAN:     218         6.0        -2.0
OCEAN:     219         5.9        -2.0
OCEAN:     220         5.7        -2.0
OCEAN:     221         5.6        -2.0
OCEAN:     222         5.5        -2.0
OCEAN:     223         5.4        -2.0
OCEAN:     224         5.2        -2.0
OCEAN:     225         5.1        -2.0
OCEAN:     226         5.0        -2.0
OCEAN:     227         4.8        -2.0
OCEAN:     228         4.7        -2.0
OCEAN:     229         4.6        -2.0
OCEAN:     230         4.5        -2.0
OCEAN:     231         4.3        -2.0
OCEAN:     232         4.2        -2.0
OCEAN:     233         4.1        -2.0
OCEAN:     234         3.9        -2.0
OCEAN:     235         3.8        -2.0
OCEAN:     236         3.7        -2.0
OCEAN:     237         3.5        -2.0
OCEAN:     238         3.4        -2.0
OCEAN:     239         3.3        -2.0
OCEAN:     240         3.1        -2.0
OCEAN:     241         3.0        -2.0
OCEAN:     242         2.9        -2.0
OCEAN:     243         2.7        -2.0
OCEAN:     244         2.6        -2.0
OCEAN:     245         2.4        -2.0
OCEAN:     246         2.3        -2.0
OCEAN:     247         2.2        -2.0
OCEAN:     248         2.0        -2.0
OCEAN:     249         1.9        -2.0
OCEAN:     250         1.8        -2.0
OCEAN:     251         1.6        -2.0
OCEAN:     252         0.5        -4.0
OCEAN:     253         0.4        -4.0
OCEAN:     254         0.2        -4.0
OCEAN:     255         0.1        -4.0
OCEAN:     256        -0.0        -4.0
OCEAN:     257        -0.2        -4.0
OCEAN:     258        -0.3        -4.0
OCEAN:     259        -0.5        -4.0
OCEAN:     260        -0.6        -4.0
OCEAN:     261        -0.7        -4.0
OCEAN:     262        -0.9        -4.0
OCEAN:     263        -1.0        -4.0
OCEAN:     264        -1.1        -4.0
OCEAN:     265        -1.3        -4.0
OCEAN:     266        -1.4        -4.0
OCEAN:     267        -1.6        -4.0
OCEAN:     268        -1.7        -4.0
OCEAN:     269        -1.8        -4.0
OCEAN:     270        -2.0        -4.0
OCEAN:     271        -2.1        -4.0
OCEAN:     272        -2.3        -4.0
OCEAN:     273        -2.4        -4.0
OCEAN:     274        -2.5        -4.0
OCEAN:     275        -2.7        -4.0
OCEAN:     276        -2.8        -4.0
OCEAN:     277        -3.0        -4.0
OCEAN:     278        -3.1        -4.0
OCEAN:     279        -3.2        -4.0
OCEAN:     280        -3.4        -4.0
OCEAN:     281        -3.5        -4.0
OCEAN:     282        -3.7        -4.0
OCEAN:     283        -3.8        -4.0
OCEAN:     284        -3.9        -4.0
OCEAN:     285        -4.1        -4.0
OCEAN:     286        -4.2        -4.0
OCEAN:     287        -4.4        -4.0
OCEAN:     288        -3.9        -2.9
OCEAN:     289        -4.1        -2.9
OCEAN:     290        -4.2        -2.9
OCEAN:     291        -4.4        -2.9
OCEAN:     292        -4.5        -2.9
OCEAN:     293        -4.6        -2.9
OCEAN:     294        -4.8        -2.9
OCEAN:     295        -4.9        -2.9
OCEAN:     296        -5.0        -2.9
OCEAN:     297        -5.2        -2.9
OCEAN:     298        -5.3        -2.9
OCEAN:     299        -5.4        -2.9
OCEAN:     300        -5.6        -2.9
OCEAN:     301        -5.7        -2.9
OCEAN:     302        -5.8        -2.9
OCEAN:     303        -6.0        -2.9
OCEAN:     304        -6.1        -2.9
OCEAN:     305        -6.2        -2.9
OCEAN:     306        -6.4        -2.9
OCEAN:     307        -6.5        -2.9
OCEAN:     308        -6.6        -2.9
OCEAN:     309        -6.8        -2.9
OCEAN:     310        -6.9        -2.9
OCEAN:     311        -7.0        -2.9
OCEAN:     312        -7.2        -2.9
OCEAN:     313        -7.3        -2.9
OCEAN:     314        -7.4        -2.9
OCEAN:     315        -7.6        -2.9
OCEAN:     316        -7.7        -2.9
OCEAN:     317        -7.8        -2.9
OCEAN:     318        -7.9        -2.9
OCEAN:     319        -8.1        -2.9
OCEAN:     320        -8.2        -2.9
OCEAN:     321        -8.3        -2.9
OCEAN:     322        -8.5        -2.9
OCEAN:     323        -8.6        -2.9
OCEAN:     324        -8.2        -1.8
OCEAN:     325        -8.3        -1.8
OCEAN:     326        -8.4        -1.8
OCEAN:     327        -8.5        -1.8
OCEAN:     328        -8.6        -1.8
OCEAN:     329        -8.8        -1.8
OCEAN:     330        -8.9        -1.8
OCEAN:     331        -9.0        -1.8
OCEAN:     332        -9.1        -1.8
OCEAN:     333        -9.2        -1.8
OCEAN:     334        -9.4        -1.8
OCEAN:     335        -9.5        -1.8
OCEAN:     336        -9.6        -1.8
OCEAN:     337        -9.7        -1.8
OCEAN:     338        -9.8        -1.8
OCEAN:     339       -10.0        -1.8
OCEAN:     340       -10.1        -1.8
OCEAN:     341       -10.2        -1.8
OCEAN:     342       -10.3        -1.8
OCEAN:     343       -10.4        -1.8
OCEAN:     344       -10.5        -1.8
OCEAN:     345       -10.6        -1.8
OCEAN:     346       -10.7        -1.8
OCEAN:     347       -10.8        -1.8
OCEAN:     348       -11.0        -1.8
OCEAN:     349       -11.1        -1.8
OCEAN:     350       -11.2        -1.8
OCEAN:     351       -11.3        -1.8
OCEAN:     352       -11.4        -1.8
OCEAN:     353       -11.5        -1.8
OCEAN:     354       -11.6        -1.8
OCEAN:     355       -11.7        -1.8
OCEAN:     356       -11.8        -1.8
OCEAN:     357       -11.9        -1.8
OCEAN:     358       -12.0        -1.8
OCEAN:     359       -12.1        -1.8
OCEAN:     360       -10.9         0.7
OCEAN:     361       -11.0         0.7
OCEAN:     362       -11.1         0.7
OCEAN:     363       -11.2         0.7
OCEAN:     364       -11.3         0.7
OCEAN:     365       -11.4         0.7
OCEAN:     366       -11.5         0.7
OCEAN:     367       -11.6         0.7
OCEAN:     368       -11.7         0.7
OCEAN:     369       -11.8         0.7
OCEAN:     370       -11.9         0.7
OCEAN:     371       -12.0         0.7
OCEAN:     372       -12.1         0.7
OCEAN:     373       -12.1         0.7
OCEAN:     374       -12.2         0.7
OCEAN:     375       -12.3         0.7
OCEAN:     376       -12.4         0.7
OCEAN:     377       -12.5         0.7
OCEAN:     378       -12.6         0.7
OCEAN:     379       -12.7         0.7
OCEAN:     380       -12.7         0.7
OCEAN:     381       -12.8         0.7
OCEAN:     382       -12.9         0.7
OCEAN:     383       -13.0         0.7
OCEAN:     384       -13.0         0.7
OCEAN:     385       -13.1         0.7
OCEAN:     386       -13.2         0.7
OCEAN:     387       -13.3         0.7
OCEAN:     388       -13.3         0.7
OCEAN:     389       -13.4         0.7
OCEAN:     390       -13.5         0.7
OCEAN:     391       -13.6         0.7
OCEAN:     392       -13.6         0.7
OCEAN:     393       -13.7         0.7
OCEAN:     394       -13.8         0.7
OCEAN:     395       -13.8         0.7
OCEAN:     396       -12.6         3.3
OCEAN:     397       -12.7         3.3
OCEAN:     398       -12.7         3.3
OCEAN:     399       -12.8         3.3
OCEAN:     400       -12.9         3.3
OCEAN:     401       -12.9         3.3
OCEAN:     402       -13.0         3.3
OCEAN:     403       -13.0         3.3
OCEAN:     404       -13.1         3.3
OCEAN:     405       -13.1         3.3
OCEAN:     406       -13.2         3.3
OCEAN:     407       -13.3         3.3
OCEAN:     408       -13.3         3.3
OCEAN:     409       -13.4         3.3
OCEAN:     410       -13.4         3.3
OCEAN:     411       -13.4         3.3
OCEAN:     412       -13.5         3.3
OCEAN:     413       -13.5         3.3
OCEAN:     414       -13.6         3.3
OCEAN:     415       -13.6         3.3
OCEAN:     416       -13.7         3.3
OCEAN:     417       -13.7         3.3
OCEAN:     418       -13.7         3.3
OCEAN:     419       -13.8         3.3
OCEAN:     420       -13.8         3.3
OCEAN:     421       -13.9         3.3
OCEAN:     422       -13.9         3.3
OCEAN:     423       -13.9         3.3
OCEAN:     424       -14.0         3.3
OCEAN:     425       -14.0         3.3
OCEAN:     426       -14.0         3.3
OCEAN:     427       -14.0         3.3
OCEAN:     428       -14.1         3.3
OCEAN:     429       -14.1         3.3
OCEAN:     430       -14.1         3.3
OCEAN:     431       -14.1         3.3
OCEAN:     432       -13.5         4.5
OCEAN:     433       -13.6         4.5
OCEAN:     434       -13.6         4.5
OCEAN:     435       -13.6         4.5
OCEAN:     436       -13.6         4.5
OCEAN:     437       -13.6         4.5
OCEAN:     438       -13.6         4.5
OCEAN:     439       -13.7         4.5
OCEAN:     440       -13.7         4.5
OCEAN:     441       -13.7         4.5
OCEAN:     442       -13.7         4.5
OCEAN:     443       -13.7         4.5
OCEAN:     444       -13.7         4.5
OCEAN:     445       -13.7         4.5
OCEAN:     446       -13.7         4.5
OCEAN:     447       -13.7         4.5
OCEAN:     448       -13.7         4.5
OCEAN:     449       -13.7         4.5
OCEAN:     450       -13.7         4.5
OCEAN:     451       -13.7         4.5
OCEAN:     452       -13.7         4.5
OCEAN:     453       -13.7         4.5
OCEAN:     454       -13.7         4.5
OCEAN:     455       -13.7         4.5
OCEAN:     456       -13.7         4.5
OCEAN:     457       -13.7         4.5
OCEAN:     458       -13.7         4.5
OCEAN:     459       -13.7         4.5
OCEAN:     460       -13.7         4.5
OCEAN:     461       -13.7         4.5
OCEAN:     462       -13.6         4.5
OCEAN:     463       -13.6         4.5
OCEAN:     464       -13.6         4.5
OCEAN:     465       -13.6         4.5
OCEAN:     466       -13.6         4.5
OCEAN:     467       -13.6         4.5
OCEAN:     468       -12.9         5.8
OCEAN:     469       -12.9         5.8
OCEAN:     470       -12.9         5.8
OCEAN:     471       -12.8         5.8
OCEAN:     472       -12.8         5.8
OCEAN:     473       -12.8         5.8
OCEAN:     474       -12.8         5.8
OCEAN:     475       -12.7         5.8
OCEAN:     476       -12.7         5.8
OCEAN:     477       -12.7         5.8
OCEAN:     478       -12.6         5.8
OCEAN:     479       -12.6         5.8
OCEAN:     480       -12.6         5.8
OCEAN:     481       -12.5         5.8
OCEAN:     482       -12.5         5.8
OCEAN:     483       -12.4         5.8
OCEAN:     484       -12.4         5.8
OCEAN:     485       -12.4         5.8
OCEAN:     486       -12.3         5.8
OCEAN:     487       -12.3         5.8
OCEAN:     488       -12.2         5.8
OCEAN:     489       -12.2         5.8
OCEAN:     490       -12.1         5.8
OCEAN:     491       -12.1         5.8
OCEAN:     492       -12.0         5.8
OCEAN:     493       -12.0         5.8
OCEAN:     494       -11.9         5.8
OCEAN:     495       -11.9         5.8
OCEAN:     496       -11.8         5.8
OCEAN:     497       -11.8         5.8
OCEAN:     498       -11.7         5.8
OCEAN:     499       -11.7         5.8
OCEAN:     500       -11.6         5.8
OCEAN:     501       -11.5         5.8
OCEAN:     502       -11.5         5.8
OCEAN:     503       -11.4         5.8
OCEAN:     504       -12.5         3.6
OCEAN:     505       -12.4         3.6
OCEAN:     506       -12.3         3.6
OCEAN:     507       -12.3         3.6
OCEAN:     508       -12.2         3.6
OCEAN:     509       -12.1         3.6
OCEAN:     510       -12.1         3.6
OCEAN:     511       -12.0         3.6
OCEAN:     512       -11.9         3.6
OCEAN:     513       -11.8         3.6
OCEAN:     514       -11.8         3.6
OCEAN:     515       -11.7         3.6
OCEAN:     516       -11.6         3.6
OCEAN:     517       -11.5         3.6
OCEAN:     518       -11.5         3.6
OCEAN:     519       -11.4         3.6
OCEAN:     520       -11.3         3.6
OCEAN:     521       -11.2         3.6
OCEAN:     522       -11.1         3.6
OCEAN:     523       -11.1         3.6
OCEAN:     524       -11.0         3.6
OCEAN:     525       -10.9         3.6
OCEAN:     526       -10.8         3.6
OCEAN:     527       -10.7         3.6
OCEAN:     528       -10.6         3.6
OCEAN:     529       -10.5         3.6
OCEAN:     530       -10.5         3.6
OCEAN:     531       -10.4         3.6
OCEAN:     532       -10.3         3.6
OCEAN:     533       -10.2         3.6
OCEAN:     534       -10.1         3.6
OCEAN:     535       -10.0         3.6
OCEAN:     536        -9.9         3.6
OCEAN:     537        -9.8         3.6
OCEAN:     538        -9.7         3.6
OCEAN:     539        -9.6         3.6
OCEAN:     540       -10.6         1.4
OCEAN:     541       -10.5         1.4
OCEAN:     542       -10.4         1.4
OCEAN:     543       -10.3         1.4
OCEAN:     544       -10.2         1.4
OCEAN:     545       -10.1         1.4
OCEAN:     546       -10.0         1.4
OCEAN:     547        -9.9         1.4
OCEAN:     548        -9.8         1.4
OCEAN:     549        -9.7         1.4
OCEAN:     550        -9.6         1.4
OCEAN:     551        -9.5         1.4
OCEAN:     552        -9.4         1.4
OCEAN:     553        -9.3         1.4
OCEAN:     554        -9.1         1.4
OCEAN:     555        -9.0         1.4
OCEAN:     556        -8.9         1.4
OCEAN:     557        -8.8         1.4
OCEAN:     558        -8.7         1.4
OCEAN:     559        -8.6         1.4
OCEAN:     560        -8.5         1.4
OCEAN:     561        -8.4         1.4
OCEAN:     562        -8.2         1.4
OCEAN:     563        -8.1         1.4
OCEAN:     564        -8.0         1.4
OCEAN:     565        -7.9         1.4
OCEAN:     566        -7.8         1.4
OCEAN:     567        -7.7         1.4
OCEAN:     568        -7.5         1.4
OCEAN:     569        -7.4         1.4
OCEAN:     570        -7.3         1.4
OCEAN:     571        -7.2         1.4
OCEAN:     572        -7.1         1.4
OCEAN:     573        -6.9         1.4
OCEAN:     574        -6.8         1.4
OCEAN:     575        -6.7         1.4
OCEAN:     576        -8.8        -3.1
OCEAN:     577        -8.7        -3.1
OCEAN:     578        -8.6        -3.1
OCEAN:     579        -8.4        -3.1
OCEAN:     580        -8.3        -3.1
OCEAN:     581        -8.2        -3.1
OCEAN:     582        -8.1        -3.1
OCEAN:     583        -7.9        -3.1
OCEAN:     584        -7.8        -3.1
OCEAN:     585        -7.7        -3.1
OCEAN:     586        -7.5        -3.1
OCEAN:     587        -7.4        -3.1
OCEAN:     588        -7.3        -3.1
OCEAN:     589        -7.1        -3.1
OCEAN:     590        -7.0        -3.1
OCEAN:     591        -6.9        -3.1
OCEAN:     592        -6.8        -3.1
OCEAN:     593        -6.6        -3.1
OCEAN:     594        -6.5        -3.1
OCEAN:     595        -6.4        -3.1
OCEAN:     596        -6.2        -3.1
OCEAN:     597        -6.1        -3.1
OCEAN:     598        -6.0        -3.1
OCEAN:     599        -5.8        -3.1
OCEAN:     600        -5.7        -3.1
OCEAN:     601        -5.5        -3.1
OCEAN:     602        -5.4        -3.1
OCEAN:     603        -5.3        -3.1
OCEAN:     604        -5.1        -3.1
OCEAN:     605        -5.0        -3.1
OCEAN:     606        -4.9        -3.1
OCEAN:     607        -4.7        -3.1
OCEAN:     608        -4.6        -3.1
OCEAN:     609        -4.5        -3.1
OCEAN:     610        -4.3        -3.1
OCEAN:     611        -4.2        -3.1
OCEAN:     612        -6.3        -7.6
OCEAN:     613        -6.2        -7.6
OCEAN:     614        -6.0        -7.6
OCEAN:     615        -5.9        -7.6
OCEAN:     616        -5.7        -7.6
OCEAN:     617        -5.6        -7.6
OCEAN:     618        -5.5        -7.6
OCEAN:     619        -5.3        -7.6
OCEAN:     620        -5.2        -7.6
OCEAN:     621        -5.0        -7.6
OCEAN:     622        -4.9        -7.6
OCEAN:     623        -4.8        -7.6
OCEAN:     624        -4.6        -7.6
OCEAN:     625        -4.5        -7.6
OCEAN:     626        -4.4        -7.6
OCEAN:     627        -4.2        -7.6
OCEAN:     628        -4.1        -7.6
OCEAN:     629        -3.9        -7.6
OCEAN:     630        -3.8        -7.6
OCEAN:     631        -3.7        -7.6
OCEAN:     632        -3.5        -7.6
OCEAN:     633        -3.4        -7.6
OCEAN:     634        -3.2        -7.6
OCEAN:     635        -3.1        -7.6
OCEAN:     636        -3.0        -7.6
OCEAN:     637        -2.8        -7.6
OCEAN:     638        -2.7        -7.6
OCEAN:     639        -2.5        -7.6
OCEAN:     640        -2.4        -7.6
OCEAN:     641        -2.3        -7.6
OCEAN:     642        -2.1        -7.6
OCEAN:     643        -2.0        -7.6
OCEAN:     644        -1.8        -7.6
OCEAN:     645        -1.7        -7.6
OCEAN:     646        -1.6        -7.6
OCEAN:     647        -1.4        -7.6
OCEAN:     648        -2.9       -10.8
OCEAN:     649        -2.8       -10.8
OCEAN:     650        -2.6       -10.8
OCEAN:     651        -2.5       -10.8
OCEAN:     652        -2.4       -10.8
OCEAN:     653        -2.2       -10.8
OCEAN:     654        -2.1       -10.8
OCEAN:     655        -1.9       -10.8
OCEAN:     656        -1.8       -10.8
OCEAN:     657        -1.7       -10.8
OCEAN:     658        -1.5       -10.8
OCEAN:     659        -1.4       -10.8
OCEAN:     660        -1.3       -10.8
OCEAN:     661        -1.1       -10.8
OCEAN:     662        -1.0       -10.8
OCEAN:     663        -0.9       -10.8
OCEAN:     664        -0.7       -10.8
OCEAN:     665        -0.6       -10.8
OCEAN:     666        -0.5       -10.8
OCEAN:     667        -0.3       -10.8
OCEAN:     668        -0.2       -10.8
OCEAN:     669        -0.1       -10.8
OCEAN:     670         0.1       -10.8
OCEAN:     671         0.2       -10.8
OCEAN:     672         0.3       -10.8
OCEAN:     673         0.5       -10.8
OCEAN:     674         0.6       -10.8
OCEAN:     675         0.7       -10.8
OCEAN:     676         0.8       -10.8
OCEAN:     677         1.0       -10.8
OCEAN:     678         1.1       -10.8
OCEAN:     679         1.2       -10.8
OCEAN:     680         1.4       -10.8
OCEAN:     681         1.5       -10.8
OCEAN:     682         1.6       -10.8
OCEAN:     683         1.7       -10.8
OCEAN:     684         0.2       -14.0
OCEAN:     685         0.4       -14.0
OCEAN:     686         0.5       -14.0
OCEAN:     687         0.6       -14.0
OCEAN:     688         0.7       -14.0
OCEAN:     689         0.9       -14.0
OCEAN:     690         1.0       -14.0
OCEAN:     691         1.1       -14.0
OCEAN:     692         1.2       -14.0
OCEAN:     693         1.3       -14.0
OCEAN:     694         1.5       -14.0
OCEAN:     695         1.6       -14.0
OCEAN:     696         1.7       -14.0
OCEAN:     697         1.8       -14.0
OCEAN:     698         1.9       -14.0
OCEAN:     699         2.0       -14.0
OCEAN:     700         2.2       -14.0
OCEAN:     701         2.3       -14.0
OCEAN:     702         2.4       -14.0
OCEAN:     703         2.5       -14.0
OCEAN:     704         2.6       -14.0
OCEAN:     705         2.7       -14.0
OCEAN:     706         2.8       -14.0
OCEAN:     707         2.9       -14.0
OCEAN:     708         3.1       -14.0
OCEAN:     709         3.2       -14.0
OCEAN:     710         3.3       -14.0
OCEAN:     711         3.4       -14.0
OCEAN:     712         3.5       -14.0
OCEAN:     713         3.6       -14.0
OCEAN:     714         3.7       -14.0
OCEAN:     715         3.8       -14.0
OCEAN:     716         3.9       -14.0
OCEAN:     717         4.0       -14.0
OCEAN:     718         4.1       -14.0
OCEAN:     719         4.2       -14.0
OCEAN:     720         5.0       -12.7
OCEAN:     721         5.1       -12.7
OCEAN:     722         5.1       -12.7
OCEAN:     723         5.2       -12.7
OCEAN:     724         5.3       -12.7
OCEAN:     725         5.4       -12.7
OCEAN:     726         5.5       -12.7
OCEAN:     727         5.6       -12.7
OCEAN:     728         5.7       -12.7
OCEAN:     729         5.8       -12.7
OCEAN:     730         5.9       -12.7
OCEAN:     731         6.0       -12.7
OCEAN:     732         6.1       -12.7
OCEAN:     733         6.2       -12.7
OCEAN:     734         6.2       -12.7
OCEAN:     735         6.3       -12.7
OCEAN:     736         6.4       -12.7
OCEAN:     737         6.5       -12.7
OCEAN:     738         6.6       -12.7
OCEAN:     739         6.7       -12.7
OCEAN:     740         6.7       -12.7
OCEAN:     741         6.8       -12.7
OCEAN:     742         6.9       -12.7
OCEAN:     743         7.0       -12.7
OCEAN:     744         7.1       -12.7
OCEAN:     745         7.1       -12.7
OCEAN:     746         7.2       -12.7
OCEAN:     747         7.3       -12.7
OCEAN:     748         7.4       -12.7
OCEAN:     749         7.4       -12.7
OCEAN:     750         7.5       -12.7
OCEAN:     751         7.6       -12.7
OCEAN:     752         7.6       -12.7
OCEAN:     753         7.7       -12.7
OCEAN:     754         7.8       -12.7
OCEAN:     755         7.8       -12.7
OCEAN:     756         8.6       -11.4
OCEAN:     757         8.6       -11.4
OCEAN:     758         8.7       -11.4
OCEAN:     759         8.7       -11.4
OCEAN:     760         8.8       -11.4
OCEAN:     761         8.9       -11.4
OCEAN:     762         8.9       -11.4
OCEAN:     763         9.0       -11.4
OCEAN:     764         9.0       -11.4
OCEAN:     765         9.1       -11.4
OCEAN:     766         9.1       -11.4
OCEAN:     767         9.2       -11.4
OCEAN:     768         9.2       -11.4
OCEAN:     769         9.3       -11.4
OCEAN:     770         9.3       -11.4
OCEAN:     771         9.4       -11.4
OCEAN:     772         9.4       -11.4
OCEAN:     773         9.5       -11.4
OCEAN:     774         9.5       -11.4
OCEAN:     775         9.6       -11.4
OCEAN:     776         9.6       -11.4
OCEAN:     777         9.6       -11.4
OCEAN:     778         9.7       -11.4
OCEAN:     779         9.7       -11.4
OCEAN:     780         9.8       -11.4
OCEAN:     781         9.8       -11.4
OCEAN:     782         9.8       -11.4
OCEAN:     783         9.9       -11.4
OCEAN:     784         9.9       -11.4
OCEAN:     785         9.9       -11.4
OCEAN:     786         9.9       -11.4
OCEAN:     787        10.0       -11.4
OCEAN:     788        10.0       -11.4
OCEAN:     789        10.0       -11.4
OCEAN:     790        10.1       -11.4
OCEAN:     791        10.1       -11.4
OCEAN:     792        13.0        -5.6
OCEAN:     793        13.0        -5.6
OCEAN:     794        13.0        -5.6
OCEAN:     795        13.1        -5.6
OCEAN:     796        13.1        -5.6
OCEAN:     797        13.1        -5.6
OCEAN:     798        13.1        -5.6
OCEAN:     799        13.1        -5.6
OCEAN:     800        13.1        -5.6
OCEAN:     801        13.2        -5.6
OCEAN:     802        13.2        -5.6
OCEAN:     803        13.2        -5.6
OCEAN:     804        13.2        -5.6
OCEAN:     805        13.2        -5.6
OCEAN:     806        13.2        -5.6
OCEAN:     807        13.2        -5.6
OCEAN:     808        13.2        -5.6
OCEAN:     809        13.2        -5.6
OCEAN:     810        13.2        -5.6
OCEAN:     811        13.2        -5.6
OCEAN:     812        13.2        -5.6
OCEAN:     813        13.2        -5.6
OCEAN:     814        13.2        -5.6
OCEAN:     815        13.2        -5.6
OCEAN:     816        13.2        -5.6
OCEAN:     817        13.2        -5.6
OCEAN:     818        13.2        -5.6
OCEAN:     819        13.2        -5.6
OCEAN:     820        13.1        -5.6
OCEAN:     821        13.1        -5.6
OCEAN:     822        13.1        -5.6
OCEAN:     823        13.1        -5.6
OCEAN:     824        13.1        -5.6
OCEAN:     825        13.1        -5.6
OCEAN:     826        13.0        -5.6
OCEAN:     827        13.0        -5.6
OCEAN:     828        15.9         0.2
OCEAN:     829        15.9         0.2
OCEAN:     830        15.9         0.2
OCEAN:     831        15.8         0.2
OCEAN:     832        15.8         0.2
OCEAN:     833        15.8         0.2
OCEAN:     834        15.8         0.2
OCEAN:     835        15.7         0.2
OCEAN:     836        15.7         0.2
OCEAN:     837        15.7         0.2
OCEAN:     838        15.6         0.2
OCEAN:     839        15.6         0.2
OCEAN:     840        15.6         0.2
OCEAN:     841        15.5         0.2
OCEAN:     842        15.5         0.2
OCEAN:     843        15.5         0.2
OCEAN:     844        15.4         0.2
OCEAN:     845        15.4         0.2
OCEAN:     846        15.3         0.2
OCEAN:     847        15.3         0.2
OCEAN:     848        15.2         0.2
OCEAN:     849        15.2         0.2
OCEAN:     850        15.1         0.2
OCEAN:     851        15.1         0.2
OCEAN:     852        15.0         0.2
OCEAN:     853        15.0         0.2
OCEAN:     854        14.9         0.2
OCEAN:     855        14.9         0.2
OCEAN:     856        14.8         0.2
OCEAN:     857        14.8         0.2
OCEAN:     858        14.7         0.2
OCEAN:     859        14.7         0.2
OCEAN:     860        14.6         0.2
OCEAN:     861        14.6         0.2
OCEAN:     862        14.5         0.2
OCEAN:     863        14.4         0.2
OCEAN:     864        17.7         6.9
OCEAN:     865        17.6         6.9
OCEAN:     866        17.6         6.9
OCEAN:     867        17.5         6.9
OCEAN:     868        17.4         6.9
OCEAN:     869        17.4         6.9
OCEAN:     870        17.3         6.9
OCEAN:     871        17.2         6.9
OCEAN:     872        17.2         6.9
OCEAN:     873        17.1         6.9
OCEAN:     874        17.0         6.9
OCEAN:     875        16.9         6.9
OCEAN:     876        16.9         6.9
OCEAN:     877        16.8         6.9
OCEAN:     878        16.7         6.9
OCEAN:     879        16.6         6.9
OCEAN:     880        16.5         6.9
OCEAN:     881        16.5         6.9
OCEAN:     882        16.4         6.9
OCEAN:     883        16.3         6.9
OCEAN:     884        16.2         6.9
OCEAN:     885        16.1         6.9
OCEAN:     886        16.0         6.9
OCEAN:     887        16.0         6.9
OCEAN:     888        15.9         6.9
OCEAN:     889        15.8         6.9
OCEAN:     890        15.7         6.9
OCEAN:     891        15.6         6.9
OCEAN:     892        15.5         6.9
OCEAN:     893        15.4         6.9
OCEAN:     894        15.3         6.9
OCEAN:     895        15.2         6.9
OCEAN:     896        15.1         6.9
OCEAN:     897        15.0         6.9
OCEAN:     898        14.9         6.9
OCEAN:     899        14.8         6.9
OCEAN:     900        18.1        13.5
OCEAN:     901        18.0        13.5
OCEAN:     902        17.9        13.5
OCEAN:     903        17.8        13.5
OCEAN:     904        17.7        13.5
OCEAN:     905        17.6        13.5
OCEAN:     906        17.5        13.5
OCEAN:     907        17.4        13.5
OCEAN:     908        17.3        13.5
OCEAN:     909        17.2        13.5
OCEAN:     910        17.0        13.5
OCEAN:     911        16.9        13.5
OCEAN:     912        16.8        13.5
OCEAN:     913        16.7        13.5
OCEAN:     914        16.6        13.5
OCEAN:     915        16.5        13.5
OCEAN:     916        16.4        13.5
OCEAN:     917        16.3        13.5
OCEAN:     918        16.2        13.5
OCEAN:     919        16.1        13.5
OCEAN:     920        15.9        13.5
OCEAN:     921        15.8        13.5
OCEAN:     922        15.7        13.5
OCEAN:     923        15.6        13.5
OCEAN:     924        15.5        13.5
OCEAN:     925        15.4        13.5
OCEAN:     926        15.2        13.5
OCEAN:     927        15.1        13.5
OCEAN:     928        15.0        13.5
OCEAN:     929        14.9        13.5
OCEAN:     930        14.8        13.5
OCEAN:     931        14.6        13.5
OCEAN:     932        14.5        13.5
OCEAN:     933        14.4        13.5
OCEAN:     934        14.3        13.5
OCEAN:     935        14.1        13.5
OCEAN:     936        15.4        16.3
OCEAN:     937        15.3        16.3
OCEAN:     938        15.2        16.3
OCEAN:     939        15.0        16.3
OCEAN:     940        14.9        16.3
OCEAN:     941        14.8        16.3
OCEAN:     942        14.7        16.3
OCEAN:     943        14.5        16.3
OCEAN:     944        14.4        16.3
OCEAN:     945        14.3        16.3
OCEAN:     946        14.1        16.3
OCEAN:     947        14.0        16.3
OCEAN:     948        13.9        16.3
OCEAN:     949        13.8        16.3
OCEAN:     950        13.6        16.3
OCEAN:     951        13.5        16.3
OCEAN:     952        13.4        16.3
OCEAN:     953        13.2        16.3
OCEAN:     954        13.1        16.3
OCEAN:     955        13.0        16.3
OCEAN:     956        12.8        16.3
OCEAN:     957        12.7        16.3
OCEAN:     958        12.6        16.3
OCEAN:     959        12.4        16.3
OCEAN:     960        12.3        16.3
OCEAN:     961        12.2        16.3
OCEAN:     962        12.0        16.3
OCEAN:     963        11.9        16.3
OCEAN:     964        11.7        16.3
OCEAN:     965        11.6        16.3
OCEAN:     966        11.5        16.3
OCEAN:     967        11.3        16.3
OCEAN:     968        11.2        16.3
OCEAN:     969        11.1        16.3
OCEAN:     970        10.9        16.3
OCEAN:     971        10.8        16.3
OCEAN:     972        12.0        19.1
OCEAN:     973        11.9        19.1
OCEAN:     974        11.8        19.1
OCEAN:     975        11.6        19.1
OCEAN:     976        11.5        19.1
OCEAN:     977        11.3        19.1
OCEAN:     978        11.2        19.1
OCEAN:     979        11.1        19.1
OCEAN:     980        10.9        19.1
OCEAN:     981        10.8        19.1
OCEAN:     982        10.6        19.1
OCEAN:     983        10.5        19.1
OCEAN:     984        10.4        19.1
OCEAN:     985        10.2        19.1
OCEAN:     986        10.1        19.1
OCEAN:     987        10.0        19.1
OCEAN:     988         9.8        19.1
OCEAN:     989         9.7        19.1
OCEAN:     990         9.5        19.1
OCEAN:     991         9.4        19.1
OCEAN:     992         9.3        19.1
OCEAN:     993         9.1        19.1
OCEAN:     994         9.0        19.1
OCEAN:     995         8.8        19.1
OCEAN:     996         8.7        19.1
OCEAN:     997         8.6        19.1
OCEAN:     998         8.4        19.1
OCEAN:     999         8.3        19.1
OCEAN:    1000         8.1        19.1
OCEAN:    1001         8.0        19.1
OCEAN:    1002         7.9        19.1
OCEAN:    1003         7.7        19.1
OCEAN:    1004         7.6        19.1
OCEAN:    1005         7.4        19.1
OCEAN:    1006         7.3        19.1
OCEAN:    1007         7.2        19.1
OCEAN:    1008         5.4        15.8
OCEAN:    1009         5.3        15.8
OCEAN:    1010         5.1        15.8
OCEAN:    1011         5.0        15.8
OCEAN:    1012         4.8        15.8
OCEAN:    1013         4.7        15.8
OCEAN:    1014         4.6        15.8
OCEAN:    1015         4.4        15.8
OCEAN:    1016         4.3        15.8
OCEAN:    1017         4.2        15.8
OCEAN:    1018         4.0        15.8
OCEAN:    1019         3.9        15.8
OCEAN:    1020         3.8        15.8
OCEAN:    1021         3.6        15.8
OCEAN:    1022         3.5        15.8
OCEAN:    1023         3.4        15.8
OCEAN:    1024         3.2        15.8
OCEAN:    1025         3.1        15.8
OCEAN:    1026         3.0        15.8
OCEAN:    1027         2.8        15.8
OCEAN:    1028         2.7        15.8
OCEAN:    1029         2.6        15.8
OCEAN:    1030         2.4        15.8
OCEAN:    1031         2.3        15.8
OCEAN:    1032         2.2        15.8
OCEAN:    1033         2.0        15.8
OCEAN:    1034         1.9        15.8
OCEAN:    1035         1.8        15.8
OCEAN:    1036         1.6        15.8
OCEAN:    1037         1.5        15.8
OCEAN:    1038         1.4        15.8
OCEAN:    1039         1.3        15.8
OCEAN:    1040         1.1        15.8
OCEAN:    1041         1.0        15.8
OCEAN:    1042         0.9        15.8
OCEAN:    1043         0.8        15.8
OCEAN:    1044        -1.0        12.5
OCEAN:    1045        -1.1        12.5
OCEAN:    1046        -1.3        12.5
OCEAN:    1047        -1.4        12.5
OCEAN:    1048        -1.5        12.5
OCEAN:    1049        -1.6        12.5
OCEAN:    1050        -1.7        12.5
OCEAN:    1051        -1.9        12.5
OCEAN:    1052        -2.0        12.5
OCEAN:    1053        -2.1        12.5
OCEAN:    1054        -2.2        12.5
OCEAN:    1055        -2.3        12.5
OCEAN:    1056        -2.5        12.5
OCEAN:    1057        -2.6        12.5
OCEAN:    1058        -2.7        12.5
OCEAN:    1059        -2.8        12.5
OCEAN:    1060        -2.9        12.5
OCEAN:    1061        -3.0        12.5
OCEAN:    1062        -3.1        12.5
OCEAN:    1063        -3.3        12.5
OCEAN:    1064        -3.4        12.5
OCEAN:    1065        -3.5        12.5
OCEAN:    1066        -3.6        12.5
OCEAN:    1067        -3.7        12.5
OCEAN:    1068        -3.8        12.5
OCEAN:    1069        -3.9        12.5
OCEAN:    1070        -4.0        12.5
OCEAN:    1071        -4.1        12.5
OCEAN:    1072        -4.2        12.5
OCEAN:    1073        -4.3        12.5
OCEAN:    1074        -4.4        12.5
OCEAN:    1075        -4.5        12.5
OCEAN:    1076        -4.7        12.5
OCEAN:    1077        -4.8        12.5
OCEAN:    1078        -4.9        12.5
OCEAN:    1079        -5.0        12.5
OCEAN:    1080        -8.6         5.3
OCEAN:    1081        -8.7         5.3
OCEAN:    1082        -8.8         5.3
OCEAN:    1083        -8.9         5.3
OCEAN:    1084        -9.0         5.3
OCEAN:    1085        -9.1         5.3
OCEAN:    1086        -9.2         5.3
OCEAN:    1087        -9.3         5.3
OCEAN:    1088        -9.4         5.3
OCEAN:    1089        -9.5         5.3
OCEAN:    1090        -9.6         5.3
OCEAN:    1091        -9.7         5.3
OCEAN:    1092        -9.8         5.3
OCEAN:    1093        -9.9         5.3
OCEAN:    1094        -9.9         5.3
OCEAN:    1095       -10.0         5.3
OCEAN:    1096       -10.1         5.3
OCEAN:    1097       -10.2         5.3
OCEAN:    1098       -10.3         5.3
OCEAN:    1099       -10.4         5.3
OCEAN:    1100       -10.4         5.3
OCEAN:    1101       -10.5         5.3
OCEAN:    1102       -10.6         5.3
OCEAN:    1103       -10.7         5.3
OCEAN:    1104       -10.8         5.3
OCEAN:    1105       -10.8         5.3
OCEAN:    1106       -10.9         5.3
OCEAN:    1107       -11.0         5.3
OCEAN:    1108       -11.0         5.3
OCEAN:    1109       -11.1         5.3
OCEAN:    1110       -11.2         5.3
OCEAN:    1111       -11.3         5.3
OCEAN:    1112       -11.3         5.3
OCEAN:    1113       -11.4         5.3
OCEAN:    1114       -11.5         5.3
OCEAN:    1115       -11.5         5.3
OCEAN:    1116       -15.2        -1.9
OCEAN:    1117       -15.3        -1.9
OCEAN:    1118       -15.3        -1.9
OCEAN:    1119       -15.4        -1.9
OCEAN:    1120       -15.4        -1.9
OCEAN:    1121       -15.5        -1.9
OCEAN:    1122       -15.5        -1.9
OCEAN:    1123       -15.6        -1.9
OCEAN:    1124       -15.7        -1.9
OCEAN:    1125       -15.7        -1.9
OCEAN:    1126       -15.8        -1.9
OCEAN:    1127       -15.8        -1.9
OCEAN:    1128       -15.9        -1.9
OCEAN:    1129       -15.9        -1.9
OCEAN:    1130       -16.0        -1.9
OCEAN:    1131       -16.0        -1.9
OCEAN:    1132       -16.1        -1.9
OCEAN:    1133       -16.1        -1.9
OCEAN:    1134       -16.1        -1.9
OCEAN:    1135       -16.2        -1.9
OCEAN:    1136       -16.2        -1.9
OCEAN:    1137       -16.3        -1.9
OCEAN:    1138       -16.3        -1.9
OCEAN:    1139       -16.3        -1.9
OCEAN:    1140       -16.4        -1.9
OCEAN:    1141       -16.4        -1.9
OCEAN:    1142       -16.5        -1.9
OCEAN:    1143       -16.5        -1.9
OCEAN:    1144       -16.5        -1.9
OCEAN:    1145       -16.6        -1.9
OCEAN:    1146       -16.6        -1.9
OCEAN:    1147       -16.6        -1.9
OCEAN:    1148       -16.6        -1.9
OCEAN:    1149       -16.7        -1.9
OCEAN:    1150       -16.7        -1.9
OCEAN:    1151       -16.7        -1.9
OCEAN:    1152       -19.9        -8.1
OCEAN:    1153       -19.9        -8.1
OCEAN:    1154       -19.9        -8.1
OCEAN:    1155       -19.9        -8.1
OCEAN:    1156       -19.9        -8.1
OCEAN:    1157       -19.9        -8.1
OCEAN:    1158       -20.0        -8.1
OCEAN:    1159       -20.0        -8.1
OCEAN:    1160       -20.0        -8.1
OCEAN:    1161       -20.0        -8.1
OCEAN:    1162       -20.0        -8.1
OCEAN:    1163       -20.0        -8.1
OCEAN:    1164       -20.0        -8.1
OCEAN:    1165       -20.0        -8.1
OCEAN:    1166       -20.0        -8.1
OCEAN:    1167       -20.0        -8.1
OCEAN:    1168       -20.0        -8.1
OCEAN:    1169       -20.0        -8.1
OCEAN:    1170       -20.0        -8.1
OCEAN:    1171       -20.0        -8.1
OCEAN:    1172       -20.0        -8.1
OCEAN:    1173       -20.0        -8.1
OCEAN:    1174       -20.0        -8.1
OCEAN:    1175       -20.0        -8.1
OCEAN:    1176       -20.0        -8.1
OCEAN:    1177       -20.0        -8.1
OCEAN:    1178       -20.0        -8.1
OCEAN:    1179       -20.0        -8.1
OCEAN:    1180       -20.0        -8.1
OCEAN:    1181       -20.0        -8.1
OCEAN:    1182       -20.0        -8.1
OCEAN:    1183       -19.9        -8.1
OCEAN:    1184       -19.9        -8.1
OCEAN:    1185       -19.9        -8.1
OCEAN:    1186       -19.9        -8.1
OCEAN:    1187       -19.9        -8.1
OCEAN:    1188       -23.0       -14.3
OCEAN:    1189       -22.9       -14.3
OCEAN:    1190       -22.9       -14.3
OCEAN:    1191       -22.9       -14.3
OCEAN:    1192       -22.9       -14.3
OCEAN:    1193       -22.8       -14.3
OCEAN:    1194       -22.8       -14.3
OCEAN:    1195       -22.8       -14.3
OCEAN:    1196       -22.8       -14.3
OCEAN:    1197       -22.7       -14.3
OCEAN:    1198       -22.7       -14.3
OCEAN:    1199       -22.7       -14.3
OCEAN:    1200       -22.6       -14.3
