OCEAN:       0        11.3         0.0
OCEAN:       1        11.4         0.0
OCEAN:       2        11.5         0.1
OCEAN:       3        11.6         0.1
OCEAN:       4        11.8         0.1
OCEAN:       5        11.9         0.1
OCEAN:       6        12.0         0.2
OCEAN:       7        12.1         0.2
OCEAN:       8        12.2         0.2
OCEAN:       9        12.3         0.3
OCEAN:      10        12.4         0.3
OCEAN:      11        12.5         0.3
OCEAN:      12        12.6         0.3
OCEAN:      13        12.7         0.4
OCEAN:      14        12.8         0.4
OCEAN:      15        12.9         0.4
OCEAN:      16        13.0         0.5
OCEAN:      17        13.1         0.5
OCEAN:      18        13.2         0.5
OCEAN:      19        13.3         0.5
OCEAN:      20        13.4         0.6
OCEAN:      21        13.5         0.6
OCEAN:      22        13.6         0.6
OCEAN:      23        13.7         0.6
OCEAN:      24        13.8         0.7
OCEAN:      25        13.8         0.7
OCEAN:      26        13.9         0.7
OCEAN:      27        14.0         0.8
OCEAN:      28        14.1         0.8
OCEAN:      29        14.2         0.8
OCEAN:      30        14.3         0.8
OCEAN:      31        14.4         0.9
OCEAN:      32        14.4         0.9
OCEAN:      33        14.5         0.9
OCEAN:      34        14.6         1.0
OCEAN:      35        14.7         1.0
OCEAN:      36        14.8         1.0
OCEAN:      37        14.8         1.0
OCEAN:      38        14.9         1.1
OCEAN:      39        15.0         1.1
OCEAN:      40        15.1         1.1
OCEAN:      41        15.1         1.2
OCEAN:      42        15.2         1.2
OCEAN:      43        15.3         1.2
OCEAN:      44        15.3         1.2
OCEAN:      45        15.4         1.3
OCEAN:      46        15.5         1.3
OCEAN:      47        15.5         1.3
OCEAN:      48        15.6         1.4
OCEAN:      49        15.7         1.4
OCEAN:      50        15.7         1.4
OCEAN:      51        15.8         1.4
OCEAN:      52        15.9         1.5
OCEAN:      53        15.9         1.5
OCEAN:      54        16.0         1.5
OCEAN:      55        16.0         1.5
OCEAN:      56        16.1         1.6
OCEAN:      57        16.1         1.6
OCEAN:      58        16.2         1.6
OCEAN:      59        16.2         1.7
OCEAN:      60        16.3         1.7
OCEAN:      61        16.3         1.7
OCEAN:      62        16.4         1.7
OCEAN:      63        16.4         1.8
OCEAN:      64        16.5         1.8
OCEAN:      65        16.5         1.8
OCEAN:      66        16.6         1.9
OCEAN:      67        16.6         1.9
OCEAN:      68        16.7         1.9
OCEAN:      69        16.7         1.9
OCEAN:      70        16.7         2.0
OCEAN:      71        16.8         2.0
OCEAN:      72        16.8         2.0
OCEAN:      73        16.8         2.0
OCEAN:      74        16.9         2.0
OCEAN:      75        16.9         2.0
OCEAN:      76        16.9         2.0
OCEAN:      77        16.9         2.1
OCEAN:      78        16.9         2.1
OCEAN:      79        17.0         2.1
OCEAN:      80        17.0         2.1
OCEAN:      81        17.0         2.1
OCEAN:      82        17.0         2.1
OCEAN:      83        17.0         2.1
OCEAN:      84        17.1         2.1
OCEAN:      85        17.1         2.2
OCEAN:      86        17.1         2.2
OCEAN:      87        17.1         2.2
OCEAN:      88        17.1         2.2
OCEAN:      89        17.1         2.2
OCEAN:      90        17.1         2.2
OCEAN:      91        17.1         2.2
OCEAN:      92        17.1         2.2
OCEAN:      93        17.1         2.3
OCEAN:      94        17.1         2.3
OCEAN:      95        17.1         2.3
OCEAN:      96        17.1         2.3
OCEAN:      97        17.1         2.3
OCEAN:      98        17.1         2.3
OCEAN:      99        17.1         2.3
OCEAN:     100        17.1         2.3
OCEAN:     101        17.1         2.4
OCEAN:     102        17.1         2.4
OCEAN:     103        17.1         2.4
OCEAN:     104        17.1         2.4
OCEAN:     105        17.1         2.4
OCEAN:     106        17.1         2.4
OCEAN:     107        17.0         2.4
OCEAN:     108        17.0         2.4
OCEAN:     109        17.0         2.5
OCEAN:     110        17.0         2.5
OCEAN:     111        17.0         2.5
OCEAN:     112        17.0         2.5
OCEAN:     113        16.9         2.5
OCEAN:     114        16.9         2.5
OCEAN:     115        16.9         2.5
OCEAN:     116        16.9         2.5
OCEAN:     117        16.8         2.6
OCEAN:     118        16.8         2.6
OCEAN:     119        16.8         2.6
OCEAN:     120        16.8         2.6
OCEAN:     121        16.7         2.6
OCEAN:     122        16.7         2.6
OCEAN:     123        16.7         2.6
OCEAN:     124        16.6         2.6
OCEAN:     125        16.6         2.7
OCEAN:     126        16.6         2.7
OCEAN:     127        16.5         2.7
OCEAN:     128        16.5         2.7
OCEAN:     129        16.4         2.7
OCEAN:     130        16.4         2.7
OCEAN:     131        16.4         2.7
OCEAN:     132        16.3         2.7
OCEAN:     133        16.3         2.8
OCEAN:     134        16.2         2.8
OCEAN:     135        16.2         2.8
OCEAN:     136        16.1         2.8
OCEAN:     137        16.1         2.8
OCEAN:     138        16.0         2.8
OCEAN:     139        16.0         2.8
OCEAN:     140        15.9         2.8
OCEAN:     141        15.9         2.9
OCEAN:     142        15.8         2.9
OCEAN:     143        15.8         2.9
OCEAN:     144        15.7         2.9
OCEAN:     145        15.6         2.8
OCEAN:     146        15.5         2.8
OCEAN:     147        15.4         2.8
OCEAN:     148        15.3         2.7
OCEAN:     149        15.3         2.7
OCEAN:     150        15.2         2.6
OCEAN:     151        15.1         2.6
OCEAN:     152        15.0         2.5
OCEAN:     153        14.9         2.5
OCEAN:     154        14.8         2.5
OCEAN:     155        14.7         2.4
OCEAN:     156        14.6         2.4
OCEAN:     157        14.5         2.3
OCEAN:     158        14.4         2.3
OCEAN:     159        14.3         2.2
OCEAN:     160        14.2         2.2
OCEAN:     161        14.1         2.2
OCEAN:     162        14.0         2.1
OCEAN:     163        13.9         2.1
OCEAN:     164        13.8         2.0
OCEAN:     165        13.7         2.0
OCEAN:     166        13.6         2.0
OCEAN:     167        13.5         1.9
OCEAN:     168        13.4         1.9
OCEAN:     169        13.3         1.8
OCEAN:     170        13.2         1.8
OCEAN:     171        13.0         1.7
OCEAN:     172        12.9         1.7
OCEAN:     173        12.8         1.7
OCEAN:     174        12.7         1.6
OCEAN:     175        12.6         1.6
OCEAN:     176        12.5         1.5
OCEAN:     177        12.4         1.5
OCEAN:     178        12.2         1.5
OCEAN:     179        12.1         1.4
OCEAN:     180        12.0         1.4
OCEAN:     181        11.9         1.3
OCEAN:     182        11.8         1.3
OCEAN:     183        11.6         1.2
OCEAN:     184        11.5         1.2
OCEAN:     185        11.4         1.2
OCEAN:     186        11.3         1.1
OCEAN:     187        11.1         1.1
OCEAN:     188        11.0         1.0
OCEAN:     189        10.9         1.0
OCEAN:     190        10.8         1.0
OCEAN:     191        10.6         0.9
OCEAN:     192        10.5         0.9
OCEAN:     193        10.4         0.8
OCEAN:     194        10.2         0.8
OCEAN:     195        10.1         0.7
OCEAN:     196        10.0         0.7
OCEAN:     197         9.8         0.7
OCEAN:     198         9.7         0.6
OCEAN:     199         9.6         0.6
OCEAN:     200         9.4         0.5
OCEAN:     201         9.3         0.5
OCEAN:     202         9.2         0.4
OCEAN:     203         9.0         0.4
OCEAN:     204         8.9         0.4
OCEAN:     205         8.8         0.3
OCEAN:     206         8.6         0.3
OCEAN:     207         8.5         0.2
OCEAN:     208         8.3         0.2
OCEAN:     209         8.2         0.2
OCEAN:     210         8.1         0.1
OCEAN:     211         7.9         0.1
OCEAN:     212         7.8         0.0
OCEAN:     213         7.6        -0.0
OCEAN:     214         7.5        -0.1
OCEAN:     215         7.3        -0.1
OCEAN:     216         7.2        -0.1
OCEAN:     217         7.1        -0.1
OCEAN:     218         6.9        -0.2
OCEAN:     219         6.8        -0.3
OCEAN:     220         6.6        -0.3
OCEAN:     221         6.5        -0.4
OCEAN:     222         6.3        -0.4
OCEAN:     223         6.1        -0.5
OCEAN:     224         6.0        -0.5
OCEAN:     225         5.8        -0.6
OCEAN:     226         5.7        -0.6
OCEAN:     227         5.5        -0.7
OCEAN:     228         5.4        -0.8
OCEAN:     229         5.2        -0.8
OCEAN:     230         5.0        -0.9
OCEAN:     231         4.9        -0.9
OCEAN:     232         4.7        -1.0
OCEAN:     233         4.6        -1.0
OCEAN:     234         4.4        -1.1
OCEAN:     235         4.2        -1.1
OCEAN:     236         4.1        -1.2
OCEAN:     237         3.9        -1.2
OCEAN:     238         3.8        -1.3
OCEAN:     239         3.6        -1.4
OCEAN:     240         3.4        -1.4
OCEAN:     241         3.3        -1.5
OCEAN:     242         3.1        -1.5
OCEAN:     243         3.0        -1.6
OCEAN:     244         2.8        -1.6
OCEAN:     245         2.6        -1.7
OCEAN:     246         2.5        -1.7
OCEAN:     247         2.3        -1.8
OCEAN:     248         2.1        -1.8
OCEAN:     249         2.0        -1.9
OCEAN:     250         1.8        -2.0
OCEAN:     251         1.6        -2.0
OCEAN:     252         1.5        -2.1
OCEAN:     253         1.3        -2.1
OCEAN:     254         1.1        -2.2
OCEAN:     255         1.0        -2.2
OCEAN:     256         0.8        -2.3
OCEAN:     257         0.6        -2.3
OCEAN:     258         0.5        -2.4
OCEAN:     259         0.3        -2.4
OCEAN:     260         0.1        -2.5
OCEAN:     261        -0.0        -2.6
OCEAN:     262        -0.2        -2.6
OCEAN:     263        -0.4        -2.7
OCEAN:     264        -0.5        -2.7
OCEAN:     265        -0.7        -2.8
OCEAN:     266        -0.9        -2.8
OCEAN:     267        -1.0        -2.9
OCEAN:     268        -1.2        -2.9
OCEAN:     269        -1.4        -3.0
OCEAN:     270        -1.5        -3.0
OCEAN:     271        -1.7        -3.1
OCEAN:     272        -1.9        -3.2
OCEAN:     273        -2.0        -3.2
OCEAN:     274        -2.2        -3.3
OCEAN:     275        -2.4        -3.3
OCEAN:     276        -2.5        -3.4
OCEAN:     277        -2.7        -3.4
OCEAN:     278        -2.9        -3.5
OCEAN:     279        -3.0        -3.5
OCEAN:     280        -3.2        -3.6
OCEAN:     281        -3.4        -3.6
OCEAN:     282        -3.5        -3.7
OCEAN:     283        -3.7        -3.8
OCEAN:     284        -3.9        -3.8
OCEAN:     285        -4.0        -3.9
OCEAN:     286        -4.2        -3.9
OCEAN:     287        -4.4        -4.0
OCEAN:     288        -4.5        -4.0
OCEAN:     289        -4.6        -3.9
OCEAN:     290        -4.7        -3.9
OCEAN:     291        -4.9        -3.9
OCEAN:     292        -5.0        -3.8
OCEAN:     293        -5.1        -3.8
OCEAN:     294        -5.2        -3.8
OCEAN:     295        -5.3        -3.8
OCEAN:     296        -5.5        -3.7
OCEAN:     297        -5.6        -3.7
OCEAN:     298        -5.7        -3.7
OCEAN:     299        -5.8        -3.6
OCEAN:     300        -5.9        -3.6
OCEAN:     301        -6.1        -3.6
OCEAN:     302        -6.2        -3.5
OCEAN:     303        -6.3        -3.5
OCEAN:     304        -6.4        -3.5
OCEAN:     305        -6.5        -3.4
OCEAN:     306        -6.7        -3.4
OCEAN:     307        -6.8        -3.4
OCEAN:     308        -6.9        -3.4
OCEAN:     309        -7.0        -3.3
OCEAN:     310        -7.1        -3.3
OCEAN:     311        -7.2        -3.3
OCEAN:     312        -7.3        -3.2
OCEAN:     313        -7.5        -3.2
OCEAN:     314        -7.6        -3.2
OCEAN:     315        -7.7        -3.1
OCEAN:     316        -7.8        -3.1
OCEAN:     317        -7.9        -3.1
OCEAN:     318        -8.0        -3.0
OCEAN:     319        -8.1        -3.0
OCEAN:     320        -8.3        -3.0
OCEAN:     321        -8.4        -3.0
OCEAN:     322        -8.5        -2.9
OCEAN:     323        -8.6        -2.9
OCEAN:     324        -8.7        -2.9
OCEAN:     325        -8.8        -2.8
OCEAN:     326        -8.9        -2.8
OCEAN:     327        -9.0        -2.8
OCEAN:     328        -9.1        -2.7
OCEAN:     329        -9.2        -2.7
OCEAN:     330        -9.3        -2.7
OCEAN:     331        -9.4        -2.6
OCEAN:     332        -9.5        -2.6
OCEAN:     333        -9.7        -2.6
OCEAN:     334        -9.8        -2.6
OCEAN:     335        -9.9        -2.5
OCEAN:     336       -10.0        -2.5
OCEAN:     337       -10.1        -2.5
OCEAN:     338       -10.2        -2.4
OCEAN:     339       -10.3        -2.4
OCEAN:     340       -10.4        -2.4
OCEAN:     341       -10.5        -2.3
OCEAN:     342       -10.6        -2.3
OCEAN:     343       -10.7        -2.3
OCEAN:     344       -10.7        -2.2
OCEAN:     345       -10.8        -2.2
OCEAN:     346       -10.9        -2.2
OCEAN:     347       -11.0        -2.1
OCEAN:     348       -11.1        -2.1
OCEAN:     349       -11.2        -2.1
OCEAN:     350       -11.3        -2.1
OCEAN:     351       -11.4        -2.0
OCEAN:     352       -11.5        -2.0
OCEAN:     353       -11.6        -2.0
OCEAN:     354       -11.7        -1.9
OCEAN:     355       -11.8        -1.9
OCEAN:     356       -11.8        -1.9
OCEAN:     357       -11.9        -1.8
OCEAN:     358       -12.0        -1.8
OCEAN:     359       -12.1        -1.8
OCEAN:     360       -12.2        -1.8
OCEAN:     361       -12.3        -1.7
OCEAN:     362       -12.3        -1.6
OCEAN:     363       -12.4        -1.6
OCEAN:     364       -12.4        -1.5
OCEAN:     365       -12.5        -1.4
OCEAN:     366       -12.6        -1.4
OCEAN:     367       -12.6        -1.3
OCEAN:     368       -12.7        -1.2
OCEAN:     369       -12.7        -1.1
OCEAN:     370       -12.8        -1.1
OCEAN:     371       -12.8        -1.0
OCEAN:     372       -12.9        -0.9
OCEAN:     373       -12.9        -0.9
OCEAN:     374       -13.0        -0.8
OCEAN:     375       -13.0        -0.7
OCEAN:     376       -13.1        -0.6
OCEAN:     377       -13.1        -0.6
OCEAN:     378       -13.2        -0.5
OCEAN:     379       -13.2        -0.4
OCEAN:     380       -13.3        -0.4
OCEAN:     381       -13.3        -0.3
OCEAN:     382       -13.4        -0.2
OCEAN:     383       -13.4        -0.1
OCEAN:     384       -13.5        -0.1
OCEAN:     385       -13.5         0.0
OCEAN:     386       -13.5         0.1
OCEAN:     387       -13.6         0.1
OCEAN:     388       -13.6         0.2
OCEAN:     389       -13.6         0.3
OCEAN:     390       -13.7         0.4
OCEAN:     391       -13.7         0.4
OCEAN:     392       -13.7         0.5
OCEAN:     393       -13.8         0.6
OCEAN:     394       -13.8         0.6
OCEAN:     395       -13.8         0.7
OCEAN:     396       -13.9         0.8
OCEAN:     397       -13.9         0.9
OCEAN:     398       -13.9         0.9
OCEAN:     399       -13.9         1.0
OCEAN:     400       -14.0         1.1
OCEAN:     401       -14.0         1.1
OCEAN:     402       -14.0         1.2
OCEAN:     403       -14.0         1.3
OCEAN:     404       -14.1         1.4
OCEAN:     405       -14.1         1.4
OCEAN:     406       -14.1         1.5
OCEAN:     407       -14.1         1.6
OCEAN:     408       -14.1         1.6
OCEAN:     409       -14.1         1.7
OCEAN:     410       -14.1         1.8
OCEAN:     411       -14.2         1.8
OCEAN:     412       -14.2         1.9
OCEAN:     413       -14.2         2.0
OCEAN:     414       -14.2         2.1
OCEAN:     415       -14.2         2.1
OCEAN:     416       -14.2         2.2
OCEAN:     417       -14.2         2.3
OCEAN:     418       -14.2         2.3
OCEAN:     419       -14.2         2.4
OCEAN:     420       -14.2         2.5
OCEAN:     421       -14.2         2.6
OCEAN:     422       -14.2         2.6
OCEAN:     423       -14.2         2.7
OCEAN:     424       -14.2         2.8
OCEAN:     425       -14.2         2.8
OCEAN:     426       -14.2         2.9
OCEAN:     427       -14.2         3.0
OCEAN:     428       -14.2         3.1
OCEAN:     429       -14.2         3.1
OCEAN:     430       -14.2         3.2
OCEAN:     431       -14.1         3.3
OCEAN:     432       -14.2         3.3
OCEAN:     433       -14.2         3.3
OCEAN:     434       -14.2         3.3
OCEAN:     435       -14.2         3.4
OCEAN:     436       -14.2         3.4
OCEAN:     437       -14.2         3.5
OCEAN:     438       -14.2         3.5
OCEAN:     439       -14.2         3.5
OCEAN:     440       -14.2         3.6
OCEAN:     441       -14.2         3.6
OCEAN:     442       -14.1         3.6
OCEAN:     443       -14.1         3.7
OCEAN:     444       -14.1         3.7
OCEAN:     445       -14.1         3.7
OCEAN:     446       -14.1         3.8
OCEAN:     447       -14.1         3.8
OCEAN:     448       -14.1         3.8
OCEAN:     449       -14.1         3.9
OCEAN:     450       -14.0         3.9
OCEAN:     451       -14.0         3.9
OCEAN:     452       -14.0         4.0
OCEAN:     453       -14.0         4.0
OCEAN:     454       -14.0         4.1
OCEAN:     455       -13.9         4.1
OCEAN:     456       -13.9         4.1
OCEAN:     457       -13.9         4.2
OCEAN:     458       -13.9         4.2
OCEAN:     459       -13.8         4.2
OCEAN:     460       -13.8         4.3
OCEAN:     461       -13.8         4.3
OCEAN:     462       -13.7         4.3
OCEAN:     463       -13.7         4.4
OCEAN:     464       -13.7         4.4
OCEAN:     465       -13.6         4.4
OCEAN:     466       -13.6         4.5
OCEAN:     467       -13.6         4.5
OCEAN:     468       -13.5         4.6
OCEAN:     469       -13.5         4.6
OCEAN:     470       -13.4         4.6
OCEAN:     471       -13.4         4.7
OCEAN:     472       -13.4         4.7
OCEAN:     473       -13.3         4.7
OCEAN:     474       -13.3         4.8
OCEAN:     475       -13.2         4.8
OCEAN:     476       -13.2         4.8
OCEAN:     477       -13.1         4.9
OCEAN:     478       -13.1         4.9
OCEAN:     479       -13.0         4.9
OCEAN:     480       -13.0         5.0
OCEAN:     481       -12.9         5.0
OCEAN:     482       -12.9         5.1
OCEAN:     483       -12.8         5.1
OCEAN:     484       -12.7         5.1
OCEAN:     485       -12.7         5.2
OCEAN:     486       -12.6         5.2
OCEAN:     487       -12.6         5.2
OCEAN:     488       -12.5         5.3
OCEAN:     489       -12.4         5.3
OCEAN:     490       -12.4         5.3
OCEAN:     491       -12.3         5.4
OCEAN:     492       -12.2         5.4
OCEAN:     493       -12.2         5.4
OCEAN:     494       -12.1         5.5
OCEAN:     495       -12.0         5.5
OCEAN:     496       -12.0         5.6
OCEAN:     497       -11.9         5.6
OCEAN:     498       -11.8         5.6
OCEAN:     499       -11.7         5.7
OCEAN:     500       -11.7         5.7
OCEAN:     501       -11.6         5.7
OCEAN:     502       -11.5         5.8
OCEAN:     503       -11.4         5.8
OCEAN:     504       -11.4         5.8
OCEAN:     505       -11.3         5.7
OCEAN:     506       -11.3         5.7
OCEAN:     507       -11.3         5.6
OCEAN:     508       -11.2         5.6
OCEAN:     509       -11.2         5.5
OCEAN:     510       -11.1         5.4
OCEAN:     511       -11.1         5.4
OCEAN:     512       -11.1         5.3
OCEAN:     513       -11.0         5.2
OCEAN:     514       -11.0         5.2
OCEAN:     515       -10.9         5.1
OCEAN:     516       -10.9         5.1
OCEAN:     517       -10.8         5.0
OCEAN:     518       -10.8         4.9
OCEAN:     519       -10.7         4.9
OCEAN:     520       -10.7         4.8
OCEAN:     521       -10.7         4.8
OCEAN:     522       -10.6         4.7
OCEAN:     523       -10.5         4.6
OCEAN:     524       -10.5         4.6
OCEAN:     525       -10.4         4.5
OCEAN:     526       -10.4         4.4
OCEAN:     527       -10.3         4.4
OCEAN:     528       -10.3         4.3
OCEAN:     529       -10.2         4.3
OCEAN:     530       -10.2         4.2
OCEAN:     531       -10.1         4.1
OCEAN:     532       -10.0         4.1
OCEAN:     533       -10.0         4.0
OCEAN:     534        -9.9         3.9
OCEAN:     535        -9.9         3.9
OCEAN:     536        -9.8         3.8
OCEAN:     537        -9.7         3.8
OCEAN:     538        -9.7         3.7
OCEAN:     539        -9.6         3.6
OCEAN:     540        -9.5         3.6
OCEAN:     541        -9.5         3.5
OCEAN:     542        -9.4         3.5
OCEAN:     543        -9.3         3.4
OCEAN:     544        -9.2         3.3
OCEAN:     545        -9.2         3.3
OCEAN:     546        -9.1         3.2
OCEAN:     547        -9.0         3.1
OCEAN:     548        -9.0         3.1
OCEAN:     549        -8.9         3.0
OCEAN:     550        -8.8         3.0
OCEAN:     551        -8.7         2.9
OCEAN:     552        -8.7         2.8
OCEAN:     553        -8.6         2.8
OCEAN:     554        -8.5         2.7
OCEAN:     555        -8.4         2.6
OCEAN:     556        -8.3         2.6
OCEAN:     557        -8.3         2.5
OCEAN:     558        -8.2         2.5
OCEAN:     559        -8.1         2.4
OCEAN:     560        -8.0         2.3
OCEAN:     561        -7.9         2.3
OCEAN:     562        -7.8         2.2
OCEAN:     563        -7.8         2.2
OCEAN:     564        -7.7         2.1
OCEAN:     565        -7.6         2.0
OCEAN:     566        -7.5         2.0
OCEAN:     567        -7.4         1.9
OCEAN:     568        -7.3         1.8
OCEAN:     569        -7.2         1.8
OCEAN:     570        -7.1         1.7
OCEAN:     571        -7.0         1.7
OCEAN:     572        -7.0         1.6
OCEAN:     573        -6.9         1.5
OCEAN:     574        -6.8         1.5
OCEAN:     575        -6.7         1.4
OCEAN:     576        -6.6         1.4
OCEAN:     577        -6.5         1.3
OCEAN:     578        -6.4         1.2
OCEAN:     579        -6.4         1.0
OCEAN:     580        -6.3         0.9
OCEAN:     581        -6.2         0.8
OCEAN:     582        -6.2         0.7
OCEAN:     583        -6.1         0.5
OCEAN:     584        -6.1         0.4
OCEAN:     585        -6.0         0.3
OCEAN:     586        -5.9         0.1
OCEAN:     587        -5.9         0.0
OCEAN:     588        -5.8        -0.1
OCEAN:     589        -5.7        -0.2
OCEAN:     590        -5.7        -0.4
OCEAN:     591        -5.6        -0.5
OCEAN:     592        -5.5        -0.6
OCEAN:     593        -5.4        -0.7
OCEAN:     594        -5.4        -0.9
OCEAN:     595        -5.3        -1.0
OCEAN:     596        -5.2        -1.1
OCEAN:     597        -5.2        -1.2
OCEAN:     598        -5.1        -1.4
OCEAN:     599        -5.0        -1.5
OCEAN:     600        -5.0        -1.6
OCEAN:     601        -4.9        -1.8
OCEAN:     602        -4.8        -1.9
OCEAN:     603        -4.7        -2.0
OCEAN:     604        -4.7        -2.1
OCEAN:     605        -4.6        -2.3
OCEAN:     606        -4.5        -2.4
OCEAN:     607        -4.4        -2.5
OCEAN:     608        -4.4        -2.6
OCEAN:     609        -4.3        -2.8
OCEAN:     610        -4.2        -2.9
OCEAN:     611        -4.2        -3.0
OCEAN:     612        -4.1        -3.2
OCEAN:     613        -4.0        -3.3
OCEAN:     614        -3.9        -3.4
OCEAN:     615        -3.9        -3.5
OCEAN:     616        -3.8        -3.7
OCEAN:     617        -3.7        -3.8
OCEAN:     618        -3.6        -3.9
OCEAN:     619        -3.6        -4.0
OCEAN:     620        -3.5        -4.2
OCEAN:     621        -3.4        -4.3
OCEAN:     622        -3.3        -4.4
OCEAN:     623        -3.2        -4.5
OCEAN:     624        -3.2        -4.7
OCEAN:     625        -3.1        -4.8
OCEAN:     626        -3.0        -4.9
OCEAN:     627        -2.9        -5.1
OCEAN:     628        -2.9        -5.2
OCEAN:     629        -2.8        -5.3
OCEAN:     630        -2.7        -5.4
OCEAN:     631        -2.6        -5.6
OCEAN:     632        -2.6        -5.7
OCEAN:     633        -2.5        -5.8
OCEAN:     634        -2.4        -5.9
OCEAN:     635        -2.3        -6.1
OCEAN:     636        -2.3        -6.2
OCEAN:     637        -2.2        -6.3
OCEAN:     638        -2.1        -6.4
OCEAN:     639        -2.0        -6.6
OCEAN:     640        -2.0        -6.7
OCEAN:     641        -1.9        -6.8
OCEAN:     642        -1.8        -7.0
OCEAN:     643        -1.7        -7.1
OCEAN:     644        -1.7        -7.2
OCEAN:     645        -1.6        -7.3
OCEAN:     646        -1.5        -7.5
OCEAN:     647        -1.4        -7.6
OCEAN:     648        -1.3        -7.6
OCEAN:     649        -1.2        -7.7
OCEAN:     650        -1.1        -7.8
OCEAN:     651        -1.0        -7.9
OCEAN:     652        -0.9        -7.9
OCEAN:     653        -0.8        -8.0
OCEAN:     654        -0.7        -8.1
OCEAN:     655        -0.6        -8.2
OCEAN:     656        -0.6        -8.3
OCEAN:     657        -0.5        -8.4
OCEAN:     658        -0.4        -8.5
OCEAN:     659        -0.3        -8.6
OCEAN:     660        -0.2        -8.7
OCEAN:     661        -0.1        -8.8
OCEAN:     662        -0.0        -8.9
OCEAN:     663         0.1        -8.9
OCEAN:     664         0.2        -9.0
OCEAN:     665         0.2        -9.1
OCEAN:     666         0.3        -9.2
OCEAN:     667         0.4        -9.3
OCEAN:     668         0.5        -9.4
OCEAN:     669         0.6        -9.5
OCEAN:     670         0.7        -9.6
OCEAN:     671         0.8        -9.7
OCEAN:     672         0.9        -9.8
OCEAN:     673         0.9        -9.9
OCEAN:     674         1.0        -9.9
OCEAN:     675         1.1       -10.0
OCEAN:     676         1.2       -10.1
OCEAN:     677         1.3       -10.2
OCEAN:     678         1.4       -10.3
OCEAN:     679         1.4       -10.4
OCEAN:     680         1.5       -10.5
OCEAN:     681         1.6       -10.6
OCEAN:     682         1.7       -10.7
OCEAN:     683         1.8       -10.8
OCEAN:     684         1.8       -10.9
OCEAN:     685         1.9       -10.9
OCEAN:     686         2.0       -11.0
OCEAN:     687         2.1       -11.1
OCEAN:     688         2.1       -11.2
OCEAN:     689         2.2       -11.3
OCEAN:     690         2.3       -11.4
OCEAN:     691         2.4       -11.5
OCEAN:     692         2.4       -11.6
OCEAN:     693         2.5       -11.7
OCEAN:     694         2.6       -11.8
OCEAN:     695         2.7       -11.9
OCEAN:     696         2.7       -11.9
OCEAN:     697         2.8       -12.0
OCEAN:     698         2.9       -12.1
OCEAN:     699         3.0       -12.2
OCEAN:     700         3.0       -12.3
OCEAN:     701         3.1       -12.4
OCEAN:     702         3.2       -12.5
OCEAN:     703         3.2       -12.6
OCEAN:     704         3.3       -12.7
OCEAN:     705         3.4       -12.8
OCEAN:     706         3.4       -12.9
OCEAN:     707         3.5       -12.9
OCEAN:     708         3.6       -13.0
OCEAN:     709         3.6       -13.1
OCEAN:     710         3.7       -13.2
OCEAN:     711         3.7       -13.3
OCEAN:     712         3.8       -13.4
OCEAN:     713         3.9       -13.5
OCEAN:     714         3.9       -13.6
OCEAN:     715         4.0       -13.7
OCEAN:     716         4.0       -13.8
OCEAN:     717         4.1       -13.9
OCEAN:     718         4.1       -13.9
OCEAN:     719         4.2       -14.0
OCEAN:     720         4.3       -14.0
OCEAN:     721         4.4       -14.0
OCEAN:     722         4.5       -14.0
OCEAN:     723         4.6       -13.9
OCEAN:     724         4.8       -13.9
OCEAN:     725         4.9       -13.8
OCEAN:     726         5.0       -13.8
OCEAN:     727         5.1       -13.8
OCEAN:     728         5.2       -13.7
OCEAN:     729         5.3       -13.7
OCEAN:     730         5.4       -13.7
OCEAN:     731         5.5       -13.6
OCEAN:     732         5.6       -13.6
OCEAN:     733         5.7       -13.6
OCEAN:     734         5.9       -13.5
OCEAN:     735         6.0       -13.5
OCEAN:     736         6.1       -13.4
OCEAN:     737         6.2       -13.4
OCEAN:     738         6.3       -13.4
OCEAN:     739         6.4       -13.3
OCEAN:     740         6.5       -13.3
OCEAN:     741         6.6       -13.3
OCEAN:     742         6.7       -13.2
OCEAN:     743         6.8       -13.2
OCEAN:     744         6.8       -13.1
OCEAN:     745         6.9       -13.1
OCEAN:     746         7.0       -13.1
OCEAN:     747         7.1       -13.0
OCEAN:     748         7.2       -13.0
OCEAN:     749         7.3       -13.0
OCEAN:     750         7.4       -12.9
OCEAN:     751         7.5       -12.9
OCEAN:     752         7.6       -12.8
OCEAN:     753         7.7       -12.8
OCEAN:     754         7.7       -12.8
OCEAN:     755         7.8       -12.7
OCEAN:     756         7.9       -12.7
OCEAN:     757         8.0       -12.7
OCEAN:     758         8.1       -12.6
OCEAN:     759         8.1       -12.6
OCEAN:     760         8.2       -12.6
OCEAN:     761         8.3       -12.5
OCEAN:     762         8.4       -12.5
OCEAN:     763         8.5       -12.4
OCEAN:     764         8.5       -12.4
OCEAN:     765         8.6       -12.4
OCEAN:     766         8.7       -12.3
OCEAN:     767         8.7       -12.3
OCEAN:     768         8.8       -12.3
OCEAN:     769         8.9       -12.2
OCEAN:     770         8.9       -12.2
OCEAN:     771         9.0       -12.1
OCEAN:     772         9.1       -12.1
OCEAN:     773         9.1       -12.1
OCEAN:     774         9.2       -12.0
OCEAN:     775         9.3       -12.0
OCEAN:     776         9.3       -12.0
OCEAN:     777         9.4       -11.9
OCEAN:     778         9.4       -11.9
OCEAN:     779         9.5       -11.9
OCEAN:     780         9.5       -11.8
OCEAN:     781         9.6       -11.8
OCEAN:     782         9.7       -11.7
OCEAN:     783         9.7       -11.7
OCEAN:     784         9.8       -11.7
OCEAN:     785         9.8       -11.6
OCEAN:     786         9.9       -11.6
OCEAN:     787         9.9       -11.6
OCEAN:     788         9.9       -11.5
OCEAN:     789        10.0       -11.5
OCEAN:     790        10.0       -11.4
OCEAN:     791        10.1       -11.4
OCEAN:     792        10.1       -11.4
OCEAN:     793        10.2       -11.2
OCEAN:     794        10.3       -11.1
OCEAN:     795        10.4       -10.9
OCEAN:     796        10.5       -10.8
OCEAN:     797        10.6       -10.6
OCEAN:     798        10.7       -10.4
OCEAN:     799        10.8       -10.3
OCEAN:     800        10.9       -10.1
OCEAN:     801        11.0        -9.9
OCEAN:     802        11.1        -9.8
OCEAN:     803        11.2        -9.6
OCEAN:     804        11.3        -9.4
OCEAN:     805        11.3        -9.3
OCEAN:     806        11.4        -9.1
OCEAN:     807        11.5        -8.9
OCEAN:     808        11.6        -8.8
OCEAN:     809        11.7        -8.6
OCEAN:     810        11.8        -8.5
OCEAN:     811        11.9        -8.3
OCEAN:     812        11.9        -8.1
OCEAN:     813        12.0        -8.0
OCEAN:     814        12.1        -7.8
OCEAN:     815        12.2        -7.6
OCEAN:     816        12.2        -7.5
OCEAN:     817        12.3        -7.3
OCEAN:     818        12.4        -7.1
OCEAN:     819        12.5        -7.0
OCEAN:     820        12.5        -6.8
OCEAN:     821        12.6        -6.7
OCEAN:     822        12.7        -6.5
OCEAN:     823        12.7        -6.3
OCEAN:     824        12.8        -6.2
OCEAN:     825        12.9        -6.0
OCEAN:     826        12.9        -5.8
OCEAN:     827        13.0        -5.7
OCEAN:     828        13.0        -5.5
OCEAN:     829        13.1        -5.3
OCEAN:     830        13.2        -5.2
OCEAN:     831        13.2        -5.0
OCEAN:     832        13.3        -4.9
OCEAN:     833        13.3        -4.7
OCEAN:     834        13.4        -4.5
OCEAN:     835        13.4        -4.4
OCEAN:     836        13.5        -4.2
OCEAN:     837        13.5        -4.0
OCEAN:     838        13.6        -3.9
OCEAN:     839        13.6        -3.7
OCEAN:     840        13.7        -3.5
OCEAN:     841        13.7        -3.4
OCEAN:     842        13.8        -3.2
OCEAN:     843        13.8        -3.1
OCEAN:     844        13.9        -2.9
OCEAN:     845        13.9        -2.7
OCEAN:     846        13.9        -2.6
OCEAN:     847        14.0        -2.4
OCEAN:     848        14.0        -2.2
OCEAN:     849        14.0        -2.1
OCEAN:     850        14.1        -1.9
OCEAN:     851        14.1        -1.7
OCEAN:     852        14.1        -1.6
OCEAN:     853        14.2        -1.4
OCEAN:     854        14.2        -1.3
OCEAN:     855        14.2        -1.1
OCEAN:     856        14.3        -0.9
OCEAN:     857        14.3        -0.8
OCEAN:     858        14.3        -0.6
OCEAN:     859        14.3        -0.4
OCEAN:     860        14.4        -0.3
OCEAN:     861        14.4        -0.1
OCEAN:     862        14.4         0.1
OCEAN:     863        14.4         0.2
OCEAN:     864        14.4         0.2
OCEAN:     865        14.4         0.4
OCEAN:     866        14.4         0.6
OCEAN:     867        14.5         0.8
OCEAN:     868        14.5         1.0
OCEAN:     869        14.5         1.2
OCEAN:     870        14.5         1.3
OCEAN:     871        14.6         1.5
OCEAN:     872        14.6         1.7
OCEAN:     873        14.6         1.9
OCEAN:     874        14.6         2.1
OCEAN:     875        14.6         2.3
OCEAN:     876        14.7         2.5
OCEAN:     877        14.7         2.7
OCEAN:     878        14.7         2.8
OCEAN:     879        14.7         3.0
OCEAN:     880        14.7         3.2
OCEAN:     881        14.7         3.4
OCEAN:     882        14.7         3.6
OCEAN:     883        14.8         3.8
OCEAN:     884        14.8         4.0
OCEAN:     885        14.8         4.2
OCEAN:     886        14.8         4.3
OCEAN:     887        14.8         4.5
OCEAN:     888        14.8         4.7
OCEAN:     889        14.8         4.9
OCEAN:     890        14.8         5.1
OCEAN:     891        14.8         5.3
OCEAN:     892        14.8         5.5
OCEAN:     893        14.8         5.7
OCEAN:     894        14.8         5.8
OCEAN:     895        14.8         6.0
OCEAN:     896        14.8         6.2
OCEAN:     897        14.8         6.4
OCEAN:     898        14.8         6.6
OCEAN:     899        14.8         6.8
OCEAN:     900        14.8         7.0
OCEAN:     901        14.8         7.2
OCEAN:     902        14.8         7.3
OCEAN:     903        14.8         7.5
OCEAN:     904        14.8         7.7
OCEAN:     905        14.8         7.9
OCEAN:     906        14.8         8.1
OCEAN:     907        14.7         8.3
OCEAN:     908        14.7         8.5
OCEAN:     909        14.7         8.7
OCEAN:     910        14.7         8.8
OCEAN:     911        14.7         9.0
OCEAN:     912        14.7         9.2
OCEAN:     913        14.7         9.4
OCEAN:     914        14.6         9.6
OCEAN:     915        14.6         9.8
OCEAN:     916        14.6        10.0
OCEAN:     917        14.6        10.2
OCEAN:     918        14.6        10.3
OCEAN:     919        14.6        10.5
OCEAN:     920        14.5        10.7
OCEAN:     921        14.5        10.9
OCEAN:     922        14.5        11.1
OCEAN:     923        14.5        11.3
OCEAN:     924        14.4        11.5
OCEAN:     925        14.4        11.7
OCEAN:     926        14.4        11.8
OCEAN:     927        14.4        12.0
OCEAN:     928        14.3        12.2
OCEAN:     929        14.3        12.4
OCEAN:     930        14.3        12.6
OCEAN:     931        14.3        12.8
OCEAN:     932        14.2        13.0
OCEAN:     933        14.2        13.1
OCEAN:     934        14.2        13.3
OCEAN:     935        14.1        13.5
OCEAN:     936        14.0        13.5
OCEAN:     937        13.9        13.6
OCEAN:     938        13.9        13.7
OCEAN:     939        13.8        13.8
OCEAN:     940        13.7        13.8
OCEAN:     941        13.6        13.9
OCEAN:     942        13.5        14.0
OCEAN:     943        13.4        14.1
OCEAN:     944        13.3        14.1
OCEAN:     945        13.2        14.2
OCEAN:     946        13.1        14.3
OCEAN:     947        13.1        14.4
OCEAN:     948        13.0        14.5
OCEAN:     949        12.9        14.5
OCEAN:     950        12.8        14.6
OCEAN:     951        12.7        14.7
OCEAN:     952        12.6        14.8
OCEAN:     953        12.5        14.9
OCEAN:     954        12.4        14.9
OCEAN:     955        12.3        15.0
OCEAN:     956        12.2        15.1
OCEAN:     957        12.1        15.2
OCEAN:     958        12.0        15.2
OCEAN:     959        11.9        15.3
OCEAN:     960        11.8        15.4
OCEAN:     961        11.7        15.5
OCEAN:     962        11.6        15.6
OCEAN:     963        11.6        15.6
OCEAN:     964        11.5        15.7
OCEAN:     965        11.4        15.8
OCEAN:     966        11.3        15.9
OCEAN:     967        11.2        15.9
OCEAN:     968        11.1        16.0
OCEAN:     969        11.0        16.1
OCEAN:     970        10.9        16.2
OCEAN:     971        10.8        16.3
OCEAN:     972        10.7        16.3
OCEAN:     973        10.6        16.4
OCEAN:     974        10.5        16.5
OCEAN:     975        10.4        16.6
OCEAN:     976        10.3        16.6
OCEAN:     977        10.2        16.7
OCEAN:     978        10.1        16.8
OCEAN:     979        10.0        16.9
OCEAN:     980         9.9        17.0
OCEAN:     981         9.8        17.0
OCEAN:     982         9.7        17.1
OCEAN:     983         9.6        17.2
OCEAN:     984         9.5        17.3
OCEAN:     985         9.4        17.3
OCEAN:     986         9.3        17.4
OCEAN:     987         9.2        17.5
OCEAN:     988         9.1        17.6
OCEAN:     989         9.0        17.7
OCEAN:     990         8.9        17.7
OCEAN:     991         8.8        17.8
OCEAN:     992         8.7        17.9
OCEAN:     993         8.6        18.0
OCEAN:     994         8.5        18.1
OCEAN:     995         8.4        18.1
OCEAN:     996         8.3        18.2
OCEAN:     997         8.2        18.3
OCEAN:     998         8.1        18.4
OCEAN:     999         8.0        18.4
OCEAN:    1000         7.9        18.5
OCEAN:    1001         7.8        18.6
OCEAN:    1002         7.7        18.7
OCEAN:    1003         7.6        18.8
OCEAN:    1004         7.5        18.8
OCEAN:    1005         7.4        18.9
OCEAN:    1006         7.3        19.0
OCEAN:    1007         7.2        19.1
OCEAN:    1008         7.0        19.1
OCEAN:    1009         6.8        19.0
OCEAN:    1010         6.7        18.9
OCEAN:    1011         6.5        18.8
OCEAN:    1012         6.3        18.7
OCEAN:    1013         6.1        18.6
OCEAN:    1014         5.9        18.5
OCEAN:    1015         5.7        18.4
OCEAN:    1016         5.6        18.3
OCEAN:    1017         5.4        18.2
OCEAN:    1018         5.2        18.1
OCEAN:    1019         5.0        18.1
OCEAN:    1020         4.8        18.0
OCEAN:    1021         4.7        17.9
OCEAN:    1022         4.5        17.8
OCEAN:    1023         4.3        17.7
OCEAN:    1024         4.1        17.6
OCEAN:    1025         3.9        17.5
OCEAN:    1026         3.8        17.4
OCEAN:    1027         3.6        17.3
OCEAN:    1028         3.4        17.2
OCEAN:    1029         3.2        17.1
OCEAN:    1030         3.0        17.0
OCEAN:    1031         2.9        16.9
OCEAN:    1032         2.7        16.9
OCEAN:    1033         2.5        16.8
OCEAN:    1034         2.3        16.7
OCEAN:    1035         2.2        16.6
OCEAN:    1036         2.0        16.5
OCEAN:    1037         1.8        16.4
OCEAN:    1038         1.6        16.3
OCEAN:    1039         1.5        16.2
OCEAN:    1040         1.3        16.1
OCEAN:    1041         1.1        16.0
OCEAN:    1042         1.0        15.9
OCEAN:    1043         0.8        15.8
OCEAN:    1044         0.6        15.7
OCEAN:    1045         0.4        15.7
OCEAN:    1046         0.3        15.6
OCEAN:    1047         0.1        15.5
OCEAN:    1048        -0.1        15.4
OCEAN:    1049        -0.2        15.3
OCEAN:    1050        -0.4        15.2
OCEAN:    1051        -0.6        15.1
OCEAN:    1052        -0.7        15.0
OCEAN:    1053        -0.9        14.9
OCEAN:    1054        -1.1        14.8
OCEAN:    1055        -1.2        14.7
OCEAN:    1056        -1.4        14.6
OCEAN:    1057        -1.6        14.6
OCEAN:    1058        -1.7        14.5
OCEAN:    1059        -1.9        14.4
OCEAN:    1060        -2.0        14.3
OCEAN:    1061        -2.2        14.2
OCEAN:    1062        -2.4        14.1
OCEAN:    1063        -2.5        14.0
OCEAN:    1064        -2.7        13.9
OCEAN:    1065        -2.8        13.8
OCEAN:    1066        -3.0        13.7
OCEAN:    1067        -3.1        13.6
OCEAN:    1068        -3.3        13.5
OCEAN:    1069        -3.5        13.4
OCEAN:    1070        -3.6        13.4
OCEAN:    1071        -3.8        13.3
OCEAN:    1072        -3.9        13.2
OCEAN:    1073        -4.1        13.1
OCEAN:    1074        -4.2        13.0
OCEAN:    1075        -4.4        12.9
OCEAN:    1076        -4.5        12.8
OCEAN:    1077        -4.7        12.7
OCEAN:    1078        -4.8        12.6
OCEAN:    1079        -5.0        12.5
OCEAN:    1080        -5.1        12.5
OCEAN:    1081        -5.3        12.3
OCEAN:    1082        -5.5        12.1
OCEAN:    1083        -5.6        11.9
OCEAN:    1084        -5.8        11.7
OCEAN:    1085        -6.0        11.5
OCEAN:    1086        -6.2        11.3
OCEAN:    1087        -6.4        11.1
OCEAN:    1088        -6.6        10.9
OCEAN:    1089        -6.8        10.7
OCEAN:    1090        -7.0        10.5
OCEAN:    1091        -7.2        10.3
OCEAN:    1092        -7.4        10.1
OCEAN:    1093        -7.6         9.9
OCEAN:    1094        -7.8         9.7
OCEAN:    1095        -8.0         9.5
OCEAN:    1096        -8.1         9.3
OCEAN:    1097        -8.3         9.1
OCEAN:    1098        -8.5         8.9
OCEAN:    1099        -8.7         8.7
OCEAN:    1100        -8.9         8.5
OCEAN:    1101        -9.1         8.3
OCEAN:    1102        -9.2         8.1
OCEAN:    1103        -9.4         7.9
OCEAN:    1104        -9.6         7.7
OCEAN:    1105        -9.8         7.5
OCEAN:    1106        -9.9         7.3
OCEAN:    1107       -10.1         7.1
OCEAN:    1108       -10.3         6.8
OCEAN:    1109       -10.5         6.6
OCEAN:    1110       -10.6         6.4
OCEAN:    1111       -10.8         6.2
OCEAN:    1112       -11.0         6.0
OCEAN:    1113       -11.1         5.8
OCEAN:    1114       -11.3         5.6
OCEAN:    1115       -11.5         5.4
OCEAN:    1116       -11.6         5.2
OCEAN:    1117       -11.8         5.0
OCEAN:    1118       -12.0         4.8
OCEAN:    1119       -12.1         4.6
OCEAN:    1120       -12.3         4.4
OCEAN:    1121       -12.5         4.2
OCEAN:    1122       -12.6         4.0
OCEAN:    1123       -12.8         3.8
OCEAN:    1124       -12.9         3.6
OCEAN:    1125       -13.1         3.4
OCEAN:    1126       -13.2         3.2
OCEAN:    1127       -13.4         3.0
OCEAN:    1128       -13.5         2.8
OCEAN:    1129       -13.7         2.6
OCEAN:    1130       -13.8         2.4
OCEAN:    1131       -14.0         2.2
OCEAN:    1132       -14.1         2.0
OCEAN:    1133       -14.3         1.8
OCEAN:    1134       -14.4         1.6
OCEAN:    1135       -14.6         1.4
OCEAN:    1136       -14.7         1.2
OCEAN:    1137       -14.9         1.0
OCEAN:    1138       -15.0         0.8
OCEAN:    1139       -15.1         0.6
OCEAN:    1140       -15.3         0.4
OCEAN:    1141       -15.4         0.2
OCEAN:    1142       -15.5        -0.0
OCEAN:    1143       -15.7        -0.2
OCEAN:    1144       -15.8        -0.4
OCEAN:    1145       -15.9        -0.6
OCEAN:    1146       -16.1        -0.9
OCEAN:    1147       -16.2        -1.1
OCEAN:    1148       -16.3        -1.3
OCEAN:    1149       -16.5        -1.5
OCEAN:    1150       -16.6        -1.7
OCEAN:    1151       -16.7        -1.9
OCEAN:    1152       -16.7        -1.9
OCEAN:    1153       -16.8        -2.0
OCEAN:    1154       -17.0        -2.2
OCEAN:    1155       -17.1        -2.4
OCEAN:    1156       -17.2        -2.6
OCEAN:    1157       -17.3        -2.7
OCEAN:    1158       -17.4        -2.9
OCEAN:    1159       -17.5        -3.1
OCEAN:    1160       -17.6        -3.3
OCEAN:    1161       -17.7        -3.4
OCEAN:    1162       -17.8        -3.6
OCEAN:    1163       -17.9        -3.8
OCEAN:    1164       -18.0        -4.0
OCEAN:    1165       -18.1        -4.1
OCEAN:    1166       -18.2        -4.3
OCEAN:    1167       -18.2        -4.5
OCEAN:    1168       -18.3        -4.7
OCEAN:    1169       -18.4        -4.8
OCEAN:    1170       -18.5        -5.0
OCEAN:    1171       -18.6        -5.2
OCEAN:    1172       -18.7        -5.4
OCEAN:    1173       -18.8        -5.6
OCEAN:    1174       -18.9        -5.7
OCEAN:    1175       -18.9        -5.9
OCEAN:    1176       -19.0        -6.1
OCEAN:    1177       -19.1        -6.3
OCEAN:    1178       -19.2        -6.4
OCEAN:    1179       -19.3        -6.6
OCEAN:    1180       -19.3        -6.8
OCEAN:    1181       -19.4        -7.0
OCEAN:    1182       -19.5        -7.1
OCEAN:    1183       -19.6        -7.3
OCEAN:    1184       -19.6        -7.5
OCEAN:    1185       -19.7        -7.7
OCEAN:    1186       -19.8        -7.8
OCEAN:    1187       -19.8        -8.0
OCEAN:    1188       -19.9        -8.2
OCEAN:    1189       -20.0        -8.4
OCEAN:    1190       -20.0        -8.5
OCEAN:    1191       -20.1        -8.7
OCEAN:    1192       -20.1        -8.9
OCEAN:    1193       -20.2        -9.1
OCEAN:    1194       -20.3        -9.2
OCEAN:    1195       -20.3        -9.4
OCEAN:    1196       -20.4        -9.6
OCEAN:    1197       -20.4        -9.8
OCEAN:    1198       -20.5        -9.9
OCEAN:    1199       -20.5       -10.1
OCEAN:    1200       -20.6       -10.3
