ATMOSPHERE:       0         2.0         9.5
ATMOSPHERE:      24         2.0         6.4
ATMOSPHERE:      48         2.0         2.9
ATMOSPHERE:      72        16.8         6.5
ATMOSPHERE:      96        16.8         2.9
ATMOSPHERE:     120        16.8        -0.1
ATMOSPHERE:     144        15.8        -2.8
ATMOSPHERE:     168        15.8        -4.0
ATMOSPHERE:     192        15.8        -4.0
ATMOSPHERE:     216         7.3        -7.0
ATMOSPHERE:     240         7.3        -4.8
ATMOSPHERE:     264         7.3        -1.8
ATMOSPHERE:     288        -4.4        -4.1
ATMOSPHERE:     312        -4.4        -0.3
ATMOSPHERE:     336        -4.4         3.3
ATMOSPHERE:     360       -12.1         2.4
ATMOSPHERE:     384       -12.1         4.6
ATMOSPHERE:     408       -12.1         5.8
ATMOSPHERE:     432       -14.1         4.8
ATMOSPHERE:     456       -14.1         3.6
ATMOSPHERE:     480       -14.1         1.4
ATMOSPHERE:     504       -11.4        -0.3
ATMOSPHERE:     528       -11.4        -3.8
ATMOSPHERE:     552       -11.4        -7.6
ATMOSPHERE:     576        -6.7        -8.8
ATMOSPHERE:     600        -6.7       -11.8
ATMOSPHERE:     624        -6.7       -14.0
ATMOSPHERE:     648        -1.4       -12.6
ATMOSPHERE:     672        -1.4       -12.6
ATMOSPHERE:     696        -1.4       -11.4
ATMOSPHERE:     720         4.2        -6.4
ATMOSPHERE:     744         4.2        -3.3
ATMOSPHERE:     768         4.2         0.2
ATMOSPHERE:     792        10.1         6.9
ATMOSPHERE:     816        10.1        10.5
ATMOSPHERE:     840        10.1        13.5
ATMOSPHERE:     864        14.4        17.9
ATMOSPHERE:     888        14.4        19.1
ATMOSPHERE:     912        14.4        19.1
ATMOSPHERE:     936        14.1        17.8
ATMOSPHERE:     960        14.1        15.6
ATMOSPHERE:     984        14.1        12.5
ATMOSPHERE:    1008         7.2         5.5
ATMOSPHERE:    1032         7.2         1.7
ATMOSPHERE:    1056         7.2        -1.9
ATMOSPHERE:    1080        -5.0       -11.0
ATMOSPHERE:    1104        -5.0       -13.2
ATMOSPHERE:    1128        -5.0       -14.3
ATMOSPHERE:    1152       -16.7       -20.2
ATMOSPHERE:    1176       -16.7       -19.0
ATMOSPHERE:    1200       -16.7       -16.8
